{"C:\\Users\\afu75\\Documents\\GitHub\\SecretSauce\\app\\layout.tsx": {"path":"C:\\Users\\afu75\\Documents\\GitHub\\SecretSauce\\app\\layout.tsx","statementMap":{"0":{"start":{"line":21,"column":6},"end":{"line":21,"column":69}},"1":{"start":{"line":22,"column":6},"end":{"line":22,"column":86}},"2":{"start":{"line":24,"column":34},"end":{"line":33,"column":null}},"3":{"start":{"line":40,"column":2},"end":{"line":40,"column":null}},"4":{"start":{"line":41,"column":24},"end":{"line":41,"column":null}},"5":{"start":{"line":43,"column":2},"end":{"line":75,"column":null}}},"fnMap":{"0":{"name":"RootLayout","decl":{"start":{"line":35,"column":24},"end":{"line":35,"column":35}},"loc":{"start":{"line":39,"column":3},"end":{"line":75,"column":null}},"line":39}},"branchMap":{"0":{"loc":{"start":{"line":48,"column":11},"end":{"line":54,"column":11}},"type":"binary-expr","locations":[{"start":{"line":48,"column":11},"end":{"line":48,"column":null}},{"start":{"line":49,"column":12},"end":{"line":54,"column":11}}],"line":48}},"s":{"0":0,"1":0,"2":0,"3":0,"4":0,"5":0},"f":{"0":0},"b":{"0":[0,0]},"meta":{"lastBranch":1,"lastFunction":1,"lastStatement":6,"seen":{"s:21:6:21:69":0,"s:22:6:22:86":1,"s:24:34:33:Infinity":2,"f:35:24:35:35":0,"s:40:2:40:Infinity":3,"s:41:24:41:Infinity":4,"s:43:2:75:Infinity":5,"b:48:11:48:Infinity:49:12:54:11":0}}}
,"C:\\Users\\afu75\\Documents\\GitHub\\SecretSauce\\app\\loading.tsx": {"path":"C:\\Users\\afu75\\Documents\\GitHub\\SecretSauce\\app\\loading.tsx","statementMap":{"0":{"start":{"line":2,"column":2},"end":{"line":2,"column":null}}},"fnMap":{"0":{"name":"Loading","decl":{"start":{"line":1,"column":24},"end":{"line":1,"column":34}},"loc":{"start":{"line":1,"column":34},"end":{"line":2,"column":null}},"line":1}},"branchMap":{},"s":{"0":0},"f":{"0":0},"b":{},"meta":{"lastBranch":0,"lastFunction":1,"lastStatement":1,"seen":{"f:1:24:1:34":0,"s:2:2:2:Infinity":0}}}
,"C:\\Users\\afu75\\Documents\\GitHub\\SecretSauce\\app\\page.tsx": {"path":"C:\\Users\\afu75\\Documents\\GitHub\\SecretSauce\\app\\page.tsx","statementMap":{"0":{"start":{"line":1,"column":0},"end":{"line":1,"column":null}},"1":{"start":{"line":9,"column":10},"end":{"line":9,"column":31}},"2":{"start":{"line":10,"column":18},"end":{"line":10,"column":47}},"3":{"start":{"line":12,"column":2},"end":{"line":14,"column":null}},"4":{"start":{"line":13,"column":4},"end":{"line":13,"column":null}},"5":{"start":{"line":18,"column":2},"end":{"line":30,"column":null}},"6":{"start":{"line":19,"column":4},"end":{"line":30,"column":null}},"7":{"start":{"line":34,"column":2},"end":{"line":34,"column":null}}},"fnMap":{"0":{"name":"HomePage","decl":{"start":{"line":8,"column":24},"end":{"line":8,"column":35}},"loc":{"start":{"line":8,"column":35},"end":{"line":34,"column":null}},"line":8},"1":{"name":"(anonymous_1)","decl":{"start":{"line":12,"column":2},"end":{"line":12,"column":18}},"loc":{"start":{"line":12,"column":18},"end":{"line":14,"column":7}},"line":12}},"branchMap":{"0":{"loc":{"start":{"line":18,"column":2},"end":{"line":30,"column":null}},"type":"if","locations":[{"start":{"line":18,"column":2},"end":{"line":30,"column":null}},{"start":{},"end":{}}],"line":18},"1":{"loc":{"start":{"line":18,"column":6},"end":{"line":18,"column":27}},"type":"binary-expr","locations":[{"start":{"line":18,"column":6},"end":{"line":18,"column":18}},{"start":{"line":18,"column":18},"end":{"line":18,"column":27}}],"line":18}},"s":{"0":1,"1":4,"2":4,"3":4,"4":2,"5":4,"6":3,"7":1},"f":{"0":4,"1":2},"b":{"0":[3,1],"1":[4,2]},"meta":{"lastBranch":2,"lastFunction":2,"lastStatement":8,"seen":{"s:1:0:1:Infinity":0,"f:8:24:8:35":0,"s:9:10:9:31":1,"s:10:18:10:47":2,"s:12:2:14:Infinity":3,"f:12:2:12:18":1,"s:13:4:13:Infinity":4,"b:18:2:30:Infinity:undefined:undefined:undefined:undefined":0,"s:18:2:30:Infinity":5,"b:18:6:18:18:18:18:18:27":1,"s:19:4:30:Infinity":6,"s:34:2:34:Infinity":7}}}
,"C:\\Users\\afu75\\Documents\\GitHub\\SecretSauce\\app\\api\\auth\\admin-status\\route.ts": {"path":"C:\\Users\\afu75\\Documents\\GitHub\\SecretSauce\\app\\api\\auth\\admin-status\\route.ts","statementMap":{"0":{"start":{"line":5,"column":23},"end":{"line":5,"column":null}},"1":{"start":{"line":8,"column":25},"end":{"line":8,"column":null}},"2":{"start":{"line":9,"column":23},"end":{"line":11,"column":null}},"3":{"start":{"line":10,"column":20},"end":{"line":10,"column":null}},"4":{"start":{"line":13,"column":2},"end":{"line":13,"column":null}},"5":{"start":{"line":17,"column":8},"end":{"line":17,"column":48}},"6":{"start":{"line":19,"column":30},"end":{"line":23,"column":18}},"7":{"start":{"line":25,"column":2},"end":{"line":26,"column":null}},"8":{"start":{"line":26,"column":4},"end":{"line":26,"column":null}},"9":{"start":{"line":29,"column":17},"end":{"line":29,"column":36}},"10":{"start":{"line":30,"column":20},"end":{"line":30,"column":59}},"11":{"start":{"line":31,"column":16},"end":{"line":31,"column":55}},"12":{"start":{"line":32,"column":2},"end":{"line":32,"column":null}},"13":{"start":{"line":32,"column":14},"end":{"line":32,"column":null}},"14":{"start":{"line":34,"column":28},"end":{"line":38,"column":18}},"15":{"start":{"line":40,"column":2},"end":{"line":40,"column":null}},"16":{"start":{"line":40,"column":20},"end":{"line":40,"column":null}},"17":{"start":{"line":42,"column":2},"end":{"line":49,"column":null}},"18":{"start":{"line":43,"column":4},"end":{"line":49,"column":null}},"19":{"start":{"line":52,"column":2},"end":{"line":52,"column":null}},"20":{"start":{"line":56,"column":2},"end":{"line":94,"column":null}},"21":{"start":{"line":57,"column":22},"end":{"line":57,"column":34}},"22":{"start":{"line":58,"column":24},"end":{"line":58,"column":null}},"23":{"start":{"line":60,"column":4},"end":{"line":61,"column":null}},"24":{"start":{"line":61,"column":6},"end":{"line":61,"column":null}},"25":{"start":{"line":64,"column":22},"end":{"line":64,"column":57}},"26":{"start":{"line":65,"column":4},"end":{"line":66,"column":null}},"27":{"start":{"line":66,"column":6},"end":{"line":66,"column":null}},"28":{"start":{"line":69,"column":10},"end":{"line":69,"column":50}},"29":{"start":{"line":72,"column":6},"end":{"line":75,"column":8}},"30":{"start":{"line":77,"column":4},"end":{"line":78,"column":null}},"31":{"start":{"line":78,"column":6},"end":{"line":78,"column":null}},"32":{"start":{"line":81,"column":4},"end":{"line":82,"column":null}},"33":{"start":{"line":82,"column":6},"end":{"line":82,"column":null}},"34":{"start":{"line":85,"column":4},"end":{"line":88,"column":null}},"35":{"start":{"line":90,"column":4},"end":{"line":90,"column":null}},"36":{"start":{"line":91,"column":4},"end":{"line":94,"column":null}}},"fnMap":{"0":{"name":"getPrimaryEmailAddress","decl":{"start":{"line":7,"column":15},"end":{"line":7,"column":38}},"loc":{"start":{"line":7,"column":78},"end":{"line":13,"column":null}},"line":7},"1":{"name":"(anonymous_1)","decl":{"start":{"line":9,"column":50},"end":{"line":9,"column":null}},"loc":{"start":{"line":10,"column":20},"end":{"line":10,"column":null}},"line":10},"2":{"name":"resolveProfileId","decl":{"start":{"line":16,"column":15},"end":{"line":16,"column":32}},"loc":{"start":{"line":16,"column":77},"end":{"line":52,"column":null}},"line":16},"3":{"name":"GET","decl":{"start":{"line":55,"column":22},"end":{"line":55,"column":28}},"loc":{"start":{"line":55,"column":28},"end":{"line":94,"column":null}},"line":55}},"branchMap":{"0":{"loc":{"start":{"line":13,"column":9},"end":{"line":13,"column":null}},"type":"cond-expr","locations":[{"start":{"line":13,"column":44},"end":{"line":13,"column":59}},{"start":{"line":13,"column":59},"end":{"line":13,"column":null}}],"line":13},"1":{"loc":{"start":{"line":25,"column":2},"end":{"line":26,"column":null}},"type":"if","locations":[{"start":{"line":25,"column":2},"end":{"line":26,"column":null}},{"start":{},"end":{}}],"line":25},"2":{"loc":{"start":{"line":32,"column":2},"end":{"line":32,"column":null}},"type":"if","locations":[{"start":{"line":32,"column":2},"end":{"line":32,"column":null}},{"start":{},"end":{}}],"line":32},"3":{"loc":{"start":{"line":40,"column":2},"end":{"line":40,"column":null}},"type":"if","locations":[{"start":{"line":40,"column":2},"end":{"line":40,"column":null}},{"start":{},"end":{}}],"line":40},"4":{"loc":{"start":{"line":42,"column":2},"end":{"line":49,"column":null}},"type":"if","locations":[{"start":{"line":42,"column":2},"end":{"line":49,"column":null}},{"start":{},"end":{}}],"line":42},"5":{"loc":{"start":{"line":58,"column":24},"end":{"line":58,"column":null}},"type":"binary-expr","locations":[{"start":{"line":58,"column":24},"end":{"line":58,"column":44}},{"start":{"line":58,"column":44},"end":{"line":58,"column":null}}],"line":58},"6":{"loc":{"start":{"line":60,"column":4},"end":{"line":61,"column":null}},"type":"if","locations":[{"start":{"line":60,"column":4},"end":{"line":61,"column":null}},{"start":{},"end":{}}],"line":60},"7":{"loc":{"start":{"line":65,"column":4},"end":{"line":66,"column":null}},"type":"if","locations":[{"start":{"line":65,"column":4},"end":{"line":66,"column":null}},{"start":{},"end":{}}],"line":65},"8":{"loc":{"start":{"line":77,"column":4},"end":{"line":78,"column":null}},"type":"if","locations":[{"start":{"line":77,"column":4},"end":{"line":78,"column":null}},{"start":{},"end":{}}],"line":77},"9":{"loc":{"start":{"line":81,"column":4},"end":{"line":82,"column":null}},"type":"if","locations":[{"start":{"line":81,"column":4},"end":{"line":82,"column":null}},{"start":{},"end":{}}],"line":81}},"s":{"0":1,"1":2,"2":2,"3":1,"4":2,"5":3,"6":3,"7":3,"8":1,"9":2,"10":2,"11":2,"12":2,"13":1,"14":1,"15":1,"16":0,"17":1,"18":1,"19":1,"20":5,"21":5,"22":4,"23":5,"24":1,"25":3,"26":3,"27":1,"28":2,"29":2,"30":2,"31":0,"32":2,"33":0,"34":2,"35":1,"36":1},"f":{"0":2,"1":1,"2":3,"3":5},"b":{"0":[1,1],"1":[1,2],"2":[1,1],"3":[0,1],"4":[1,0],"5":[4,1],"6":[1,4],"7":[1,2],"8":[0,2],"9":[0,2]},"meta":{"lastBranch":10,"lastFunction":4,"lastStatement":37,"seen":{"s:5:23:5:Infinity":0,"f:7:15:7:38":0,"s:8:25:8:Infinity":1,"s:9:23:11:Infinity":2,"f:9:50:9:Infinity":1,"s:10:20:10:Infinity":3,"s:13:2:13:Infinity":4,"b:13:44:13:59:13:59:13:Infinity":0,"f:16:15:16:32":2,"s:17:8:17:48":5,"s:19:30:23:18":6,"b:25:2:26:Infinity:undefined:undefined:undefined:undefined":1,"s:25:2:26:Infinity":7,"s:26:4:26:Infinity":8,"s:29:17:29:36":9,"s:30:20:30:59":10,"s:31:16:31:55":11,"b:32:2:32:Infinity:undefined:undefined:undefined:undefined":2,"s:32:2:32:Infinity":12,"s:32:14:32:Infinity":13,"s:34:28:38:18":14,"b:40:2:40:Infinity:undefined:undefined:undefined:undefined":3,"s:40:2:40:Infinity":15,"s:40:20:40:Infinity":16,"b:42:2:49:Infinity:undefined:undefined:undefined:undefined":4,"s:42:2:49:Infinity":17,"s:43:4:49:Infinity":18,"s:52:2:52:Infinity":19,"f:55:22:55:28":3,"s:56:2:94:Infinity":20,"s:57:22:57:34":21,"s:58:24:58:Infinity":22,"b:58:24:58:44:58:44:58:Infinity":5,"b:60:4:61:Infinity:undefined:undefined:undefined:undefined":6,"s:60:4:61:Infinity":23,"s:61:6:61:Infinity":24,"s:64:22:64:57":25,"b:65:4:66:Infinity:undefined:undefined:undefined:undefined":7,"s:65:4:66:Infinity":26,"s:66:6:66:Infinity":27,"s:69:10:69:50":28,"s:72:6:75:8":29,"b:77:4:78:Infinity:undefined:undefined:undefined:undefined":8,"s:77:4:78:Infinity":30,"s:78:6:78:Infinity":31,"b:81:4:82:Infinity:undefined:undefined:undefined:undefined":9,"s:81:4:82:Infinity":32,"s:82:6:82:Infinity":33,"s:85:4:88:Infinity":34,"s:90:4:90:Infinity":35,"s:91:4:94:Infinity":36}}}
,"C:\\Users\\afu75\\Documents\\GitHub\\SecretSauce\\app\\api\\auth\\ensure-profile\\route.ts": {"path":"C:\\Users\\afu75\\Documents\\GitHub\\SecretSauce\\app\\api\\auth\\ensure-profile\\route.ts","statementMap":{"0":{"start":{"line":6,"column":23},"end":{"line":6,"column":null}},"1":{"start":{"line":8,"column":23},"end":{"line":19,"column":12}},"2":{"start":{"line":22,"column":20},"end":{"line":22,"column":null}},"3":{"start":{"line":23,"column":16},"end":{"line":25,"column":null}},"4":{"start":{"line":24,"column":19},"end":{"line":24,"column":null}},"5":{"start":{"line":26,"column":2},"end":{"line":26,"column":null}},"6":{"start":{"line":30,"column":20},"end":{"line":30,"column":null}},"7":{"start":{"line":31,"column":17},"end":{"line":32,"column":null}},"8":{"start":{"line":32,"column":19},"end":{"line":32,"column":null}},"9":{"start":{"line":34,"column":17},"end":{"line":34,"column":null}},"10":{"start":{"line":35,"column":2},"end":{"line":35,"column":null}},"11":{"start":{"line":35,"column":34},"end":{"line":35,"column":null}},"12":{"start":{"line":36,"column":2},"end":{"line":36,"column":null}},"13":{"start":{"line":40,"column":17},"end":{"line":40,"column":null}},"14":{"start":{"line":41,"column":2},"end":{"line":42,"column":null}},"15":{"start":{"line":42,"column":4},"end":{"line":42,"column":null}},"16":{"start":{"line":45,"column":20},"end":{"line":45,"column":null}},"17":{"start":{"line":46,"column":19},"end":{"line":46,"column":null}},"18":{"start":{"line":47,"column":17},"end":{"line":47,"column":50}},"19":{"start":{"line":48,"column":2},"end":{"line":48,"column":null}},"20":{"start":{"line":52,"column":2},"end":{"line":168,"column":null}},"21":{"start":{"line":53,"column":22},"end":{"line":53,"column":34}},"22":{"start":{"line":54,"column":24},"end":{"line":54,"column":null}},"23":{"start":{"line":55,"column":4},"end":{"line":56,"column":null}},"24":{"start":{"line":56,"column":6},"end":{"line":56,"column":null}},"25":{"start":{"line":59,"column":19},"end":{"line":59,"column":38}},"26":{"start":{"line":60,"column":22},"end":{"line":60,"column":61}},"27":{"start":{"line":61,"column":18},"end":{"line":61,"column":51}},"28":{"start":{"line":62,"column":4},"end":{"line":66,"column":null}},"29":{"start":{"line":63,"column":6},"end":{"line":66,"column":null}},"30":{"start":{"line":69,"column":10},"end":{"line":69,"column":50}},"31":{"start":{"line":70,"column":21},"end":{"line":70,"column":43}},"32":{"start":{"line":71,"column":22},"end":{"line":71,"column":null}},"33":{"start":{"line":72,"column":26},"end":{"line":72,"column":53}},"34":{"start":{"line":73,"column":19},"end":{"line":73,"column":43}},"35":{"start":{"line":75,"column":23},"end":{"line":81,"column":null}},"36":{"start":{"line":83,"column":4},"end":{"line":84,"column":null}},"37":{"start":{"line":84,"column":6},"end":{"line":84,"column":null}},"38":{"start":{"line":87,"column":51},"end":{"line":91,"column":20}},"39":{"start":{"line":93,"column":4},"end":{"line":100,"column":null}},"40":{"start":{"line":94,"column":32},"end":{"line":99,"column":17}},"41":{"start":{"line":100,"column":6},"end":{"line":100,"column":null}},"42":{"start":{"line":103,"column":51},"end":{"line":107,"column":20}},"43":{"start":{"line":109,"column":4},"end":{"line":116,"column":null}},"44":{"start":{"line":110,"column":32},"end":{"line":115,"column":17}},"45":{"start":{"line":116,"column":6},"end":{"line":116,"column":null}},"46":{"start":{"line":119,"column":10},"end":{"line":119,"column":59}},"47":{"start":{"line":120,"column":26},"end":{"line":129,"column":null}},"48":{"start":{"line":131,"column":50},"end":{"line":135,"column":15}},"49":{"start":{"line":139,"column":4},"end":{"line":147,"column":null}},"50":{"start":{"line":140,"column":33},"end":{"line":144,"column":22}},"51":{"start":{"line":146,"column":6},"end":{"line":147,"column":null}},"52":{"start":{"line":147,"column":8},"end":{"line":147,"column":null}},"53":{"start":{"line":151,"column":4},"end":{"line":159,"column":null}},"54":{"start":{"line":152,"column":6},"end":{"line":155,"column":null}},"55":{"start":{"line":156,"column":6},"end":{"line":159,"column":null}},"56":{"start":{"line":162,"column":4},"end":{"line":162,"column":null}},"57":{"start":{"line":164,"column":4},"end":{"line":164,"column":null}},"58":{"start":{"line":165,"column":4},"end":{"line":168,"column":null}}},"fnMap":{"0":{"name":"getPrimaryEmailAddress","decl":{"start":{"line":21,"column":9},"end":{"line":21,"column":32}},"loc":{"start":{"line":21,"column":63},"end":{"line":26,"column":null}},"line":21},"1":{"name":"(anonymous_1)","decl":{"start":{"line":23,"column":43},"end":{"line":23,"column":null}},"loc":{"start":{"line":24,"column":19},"end":{"line":24,"column":null}},"line":24},"2":{"name":"getEmailVerified","decl":{"start":{"line":29,"column":9},"end":{"line":29,"column":26}},"loc":{"start":{"line":29,"column":58},"end":{"line":36,"column":null}},"line":29},"3":{"name":"(anonymous_3)","decl":{"start":{"line":31,"column":44},"end":{"line":31,"column":null}},"loc":{"start":{"line":32,"column":19},"end":{"line":32,"column":null}},"line":32},"4":{"name":"getFullName","decl":{"start":{"line":39,"column":9},"end":{"line":39,"column":21}},"loc":{"start":{"line":39,"column":52},"end":{"line":48,"column":null}},"line":39},"5":{"name":"POST","decl":{"start":{"line":51,"column":22},"end":{"line":51,"column":29}},"loc":{"start":{"line":51,"column":29},"end":{"line":168,"column":null}},"line":51}},"branchMap":{"0":{"loc":{"start":{"line":26,"column":9},"end":{"line":26,"column":null}},"type":"cond-expr","locations":[{"start":{"line":26,"column":37},"end":{"line":26,"column":45}},{"start":{"line":26,"column":45},"end":{"line":26,"column":null}}],"line":26},"1":{"loc":{"start":{"line":35,"column":2},"end":{"line":35,"column":null}},"type":"if","locations":[{"start":{"line":35,"column":2},"end":{"line":35,"column":null}},{"start":{},"end":{}}],"line":35},"2":{"loc":{"start":{"line":41,"column":2},"end":{"line":42,"column":null}},"type":"if","locations":[{"start":{"line":41,"column":2},"end":{"line":42,"column":null}},{"start":{},"end":{}}],"line":41},"3":{"loc":{"start":{"line":41,"column":6},"end":{"line":41,"column":62}},"type":"binary-expr","locations":[{"start":{"line":41,"column":6},"end":{"line":41,"column":36}},{"start":{"line":41,"column":36},"end":{"line":41,"column":62}}],"line":41},"4":{"loc":{"start":{"line":45,"column":20},"end":{"line":45,"column":null}},"type":"binary-expr","locations":[{"start":{"line":45,"column":20},"end":{"line":45,"column":44}},{"start":{"line":45,"column":44},"end":{"line":45,"column":null}}],"line":45},"5":{"loc":{"start":{"line":46,"column":19},"end":{"line":46,"column":null}},"type":"binary-expr","locations":[{"start":{"line":46,"column":19},"end":{"line":46,"column":42}},{"start":{"line":46,"column":42},"end":{"line":46,"column":null}}],"line":46},"6":{"loc":{"start":{"line":48,"column":9},"end":{"line":48,"column":null}},"type":"cond-expr","locations":[{"start":{"line":48,"column":29},"end":{"line":48,"column":38}},{"start":{"line":48,"column":38},"end":{"line":48,"column":null}}],"line":48},"7":{"loc":{"start":{"line":54,"column":24},"end":{"line":54,"column":null}},"type":"binary-expr","locations":[{"start":{"line":54,"column":24},"end":{"line":54,"column":44}},{"start":{"line":54,"column":44},"end":{"line":54,"column":null}}],"line":54},"8":{"loc":{"start":{"line":55,"column":4},"end":{"line":56,"column":null}},"type":"if","locations":[{"start":{"line":55,"column":4},"end":{"line":56,"column":null}},{"start":{},"end":{}}],"line":55},"9":{"loc":{"start":{"line":62,"column":4},"end":{"line":66,"column":null}},"type":"if","locations":[{"start":{"line":62,"column":4},"end":{"line":66,"column":null}},{"start":{},"end":{}}],"line":62},"10":{"loc":{"start":{"line":71,"column":22},"end":{"line":71,"column":null}},"type":"binary-expr","locations":[{"start":{"line":71,"column":22},"end":{"line":71,"column":45}},{"start":{"line":71,"column":45},"end":{"line":71,"column":null}}],"line":71},"11":{"loc":{"start":{"line":83,"column":4},"end":{"line":84,"column":null}},"type":"if","locations":[{"start":{"line":83,"column":4},"end":{"line":84,"column":null}},{"start":{},"end":{}}],"line":83},"12":{"loc":{"start":{"line":93,"column":4},"end":{"line":100,"column":null}},"type":"if","locations":[{"start":{"line":93,"column":4},"end":{"line":100,"column":null}},{"start":{},"end":{}}],"line":93},"13":{"loc":{"start":{"line":100,"column":42},"end":{"line":100,"column":120}},"type":"binary-expr","locations":[{"start":{"line":100,"column":42},"end":{"line":100,"column":53}},{"start":{"line":100,"column":53},"end":{"line":100,"column":120}}],"line":100},"14":{"loc":{"start":{"line":100,"column":90},"end":{"line":100,"column":118}},"type":"binary-expr","locations":[{"start":{"line":100,"column":90},"end":{"line":100,"column":112}},{"start":{"line":100,"column":112},"end":{"line":100,"column":118}}],"line":100},"15":{"loc":{"start":{"line":109,"column":4},"end":{"line":116,"column":null}},"type":"if","locations":[{"start":{"line":109,"column":4},"end":{"line":116,"column":null}},{"start":{},"end":{}}],"line":109},"16":{"loc":{"start":{"line":116,"column":42},"end":{"line":116,"column":135}},"type":"binary-expr","locations":[{"start":{"line":116,"column":42},"end":{"line":116,"column":53}},{"start":{"line":116,"column":53},"end":{"line":116,"column":135}}],"line":116},"17":{"loc":{"start":{"line":116,"column":105},"end":{"line":116,"column":133}},"type":"binary-expr","locations":[{"start":{"line":116,"column":105},"end":{"line":116,"column":127}},{"start":{"line":116,"column":127},"end":{"line":116,"column":133}}],"line":116},"18":{"loc":{"start":{"line":139,"column":4},"end":{"line":147,"column":null}},"type":"if","locations":[{"start":{"line":139,"column":4},"end":{"line":147,"column":null}},{"start":{},"end":{}}],"line":139},"19":{"loc":{"start":{"line":146,"column":6},"end":{"line":147,"column":null}},"type":"if","locations":[{"start":{"line":146,"column":6},"end":{"line":147,"column":null}},{"start":{},"end":{}}],"line":146},"20":{"loc":{"start":{"line":151,"column":4},"end":{"line":159,"column":null}},"type":"if","locations":[{"start":{"line":151,"column":4},"end":{"line":159,"column":null}},{"start":{},"end":{}}],"line":151},"21":{"loc":{"start":{"line":151,"column":8},"end":{"line":151,"column":33}},"type":"binary-expr","locations":[{"start":{"line":151,"column":8},"end":{"line":151,"column":23}},{"start":{"line":151,"column":23},"end":{"line":151,"column":33}}],"line":151}},"s":{"0":1,"1":1,"2":5,"3":5,"4":4,"5":5,"6":4,"7":4,"8":4,"9":4,"10":4,"11":0,"12":4,"13":4,"14":4,"15":4,"16":0,"17":4,"18":4,"19":4,"20":6,"21":6,"22":6,"23":6,"24":1,"25":5,"26":5,"27":5,"28":5,"29":1,"30":4,"31":4,"32":4,"33":6,"34":6,"35":6,"36":6,"37":4,"38":4,"39":4,"40":0,"41":0,"42":4,"43":4,"44":2,"45":2,"46":2,"47":2,"48":2,"49":2,"50":0,"51":0,"52":0,"53":2,"54":1,"55":1,"56":1,"57":0,"58":0},"f":{"0":5,"1":4,"2":4,"3":4,"4":4,"5":6},"b":{"0":[4,1],"1":[0,4],"2":[4,0],"3":[4,4],"4":[0,0],"5":[4,0],"6":[0,0],"7":[6,1],"8":[1,5],"9":[1,4],"10":[4,0],"11":[4,2],"12":[0,4],"13":[0,0],"14":[0,0],"15":[2,2],"16":[2,2],"17":[2,0],"18":[0,2],"19":[0,0],"20":[1,1],"21":[2,1]},"meta":{"lastBranch":22,"lastFunction":6,"lastStatement":59,"seen":{"s:6:23:6:Infinity":0,"s:8:23:19:12":1,"f:21:9:21:32":0,"s:22:20:22:Infinity":2,"s:23:16:25:Infinity":3,"f:23:43:23:Infinity":1,"s:24:19:24:Infinity":4,"s:26:2:26:Infinity":5,"b:26:37:26:45:26:45:26:Infinity":0,"f:29:9:29:26":2,"s:30:20:30:Infinity":6,"s:31:17:32:Infinity":7,"f:31:44:31:Infinity":3,"s:32:19:32:Infinity":8,"s:34:17:34:Infinity":9,"b:35:2:35:Infinity:undefined:undefined:undefined:undefined":1,"s:35:2:35:Infinity":10,"s:35:34:35:Infinity":11,"s:36:2:36:Infinity":12,"f:39:9:39:21":4,"s:40:17:40:Infinity":13,"b:41:2:42:Infinity:undefined:undefined:undefined:undefined":2,"s:41:2:42:Infinity":14,"b:41:6:41:36:41:36:41:62":3,"s:42:4:42:Infinity":15,"s:45:20:45:Infinity":16,"b:45:20:45:44:45:44:45:Infinity":4,"s:46:19:46:Infinity":17,"b:46:19:46:42:46:42:46:Infinity":5,"s:47:17:47:50":18,"s:48:2:48:Infinity":19,"b:48:29:48:38:48:38:48:Infinity":6,"f:51:22:51:29":5,"s:52:2:168:Infinity":20,"s:53:22:53:34":21,"s:54:24:54:Infinity":22,"b:54:24:54:44:54:44:54:Infinity":7,"b:55:4:56:Infinity:undefined:undefined:undefined:undefined":8,"s:55:4:56:Infinity":23,"s:56:6:56:Infinity":24,"s:59:19:59:38":25,"s:60:22:60:61":26,"s:61:18:61:51":27,"b:62:4:66:Infinity:undefined:undefined:undefined:undefined":9,"s:62:4:66:Infinity":28,"s:63:6:66:Infinity":29,"s:69:10:69:50":30,"s:70:21:70:43":31,"s:71:22:71:Infinity":32,"b:71:22:71:45:71:45:71:Infinity":10,"s:72:26:72:53":33,"s:73:19:73:43":34,"s:75:23:81:Infinity":35,"b:83:4:84:Infinity:undefined:undefined:undefined:undefined":11,"s:83:4:84:Infinity":36,"s:84:6:84:Infinity":37,"s:87:51:91:20":38,"b:93:4:100:Infinity:undefined:undefined:undefined:undefined":12,"s:93:4:100:Infinity":39,"s:94:32:99:17":40,"s:100:6:100:Infinity":41,"b:100:42:100:53:100:53:100:120":13,"b:100:90:100:112:100:112:100:118":14,"s:103:51:107:20":42,"b:109:4:116:Infinity:undefined:undefined:undefined:undefined":15,"s:109:4:116:Infinity":43,"s:110:32:115:17":44,"s:116:6:116:Infinity":45,"b:116:42:116:53:116:53:116:135":16,"b:116:105:116:127:116:127:116:133":17,"s:119:10:119:59":46,"s:120:26:129:Infinity":47,"s:131:50:135:15":48,"b:139:4:147:Infinity:undefined:undefined:undefined:undefined":18,"s:139:4:147:Infinity":49,"s:140:33:144:22":50,"b:146:6:147:Infinity:undefined:undefined:undefined:undefined":19,"s:146:6:147:Infinity":51,"s:147:8:147:Infinity":52,"b:151:4:159:Infinity:undefined:undefined:undefined:undefined":20,"s:151:4:159:Infinity":53,"b:151:8:151:23:151:23:151:33":21,"s:152:6:155:Infinity":54,"s:156:6:159:Infinity":55,"s:162:4:162:Infinity":56,"s:164:4:164:Infinity":57,"s:165:4:168:Infinity":58}}}
,"C:\\Users\\afu75\\Documents\\GitHub\\SecretSauce\\app\\api\\auth\\update-profile\\route.ts": {"path":"C:\\Users\\afu75\\Documents\\GitHub\\SecretSauce\\app\\api\\auth\\update-profile\\route.ts","statementMap":{"0":{"start":{"line":5,"column":23},"end":{"line":5,"column":null}},"1":{"start":{"line":9,"column":29},"end":{"line":31,"column":2}},"2":{"start":{"line":33,"column":23},"end":{"line":44,"column":12}},"3":{"start":{"line":47,"column":2},"end":{"line":91,"column":null}},"4":{"start":{"line":48,"column":22},"end":{"line":48,"column":34}},"5":{"start":{"line":49,"column":24},"end":{"line":49,"column":null}},"6":{"start":{"line":50,"column":4},"end":{"line":51,"column":null}},"7":{"start":{"line":51,"column":6},"end":{"line":51,"column":null}},"8":{"start":{"line":54,"column":17},"end":{"line":54,"column":33}},"9":{"start":{"line":55,"column":4},"end":{"line":56,"column":null}},"10":{"start":{"line":56,"column":6},"end":{"line":56,"column":null}},"11":{"start":{"line":60,"column":49},"end":{"line":60,"column":51}},"12":{"start":{"line":61,"column":4},"end":{"line":63,"column":null}},"13":{"start":{"line":62,"column":6},"end":{"line":63,"column":null}},"14":{"start":{"line":63,"column":8},"end":{"line":63,"column":null}},"15":{"start":{"line":67,"column":4},"end":{"line":68,"column":null}},"16":{"start":{"line":68,"column":6},"end":{"line":68,"column":null}},"17":{"start":{"line":71,"column":10},"end":{"line":71,"column":50}},"18":{"start":{"line":73,"column":28},"end":{"line":78,"column":15}},"19":{"start":{"line":80,"column":4},"end":{"line":85,"column":null}},"20":{"start":{"line":81,"column":6},"end":{"line":81,"column":null}},"21":{"start":{"line":82,"column":6},"end":{"line":85,"column":null}},"22":{"start":{"line":88,"column":4},"end":{"line":88,"column":null}},"23":{"start":{"line":90,"column":4},"end":{"line":90,"column":null}},"24":{"start":{"line":91,"column":4},"end":{"line":91,"column":null}}},"fnMap":{"0":{"name":"PATCH","decl":{"start":{"line":46,"column":22},"end":{"line":46,"column":28}},"loc":{"start":{"line":46,"column":42},"end":{"line":91,"column":null}},"line":46}},"branchMap":{"0":{"loc":{"start":{"line":49,"column":24},"end":{"line":49,"column":null}},"type":"binary-expr","locations":[{"start":{"line":49,"column":24},"end":{"line":49,"column":44}},{"start":{"line":49,"column":44},"end":{"line":49,"column":null}}],"line":49},"1":{"loc":{"start":{"line":50,"column":4},"end":{"line":51,"column":null}},"type":"if","locations":[{"start":{"line":50,"column":4},"end":{"line":51,"column":null}},{"start":{},"end":{}}],"line":50},"2":{"loc":{"start":{"line":55,"column":4},"end":{"line":56,"column":null}},"type":"if","locations":[{"start":{"line":55,"column":4},"end":{"line":56,"column":null}},{"start":{},"end":{}}],"line":55},"3":{"loc":{"start":{"line":55,"column":8},"end":{"line":55,"column":72}},"type":"binary-expr","locations":[{"start":{"line":55,"column":8},"end":{"line":55,"column":36}},{"start":{"line":55,"column":36},"end":{"line":55,"column":53}},{"start":{"line":55,"column":53},"end":{"line":55,"column":72}}],"line":55},"4":{"loc":{"start":{"line":62,"column":6},"end":{"line":63,"column":null}},"type":"if","locations":[{"start":{"line":62,"column":6},"end":{"line":63,"column":null}},{"start":{},"end":{}}],"line":62},"5":{"loc":{"start":{"line":67,"column":4},"end":{"line":68,"column":null}},"type":"if","locations":[{"start":{"line":67,"column":4},"end":{"line":68,"column":null}},{"start":{},"end":{}}],"line":67},"6":{"loc":{"start":{"line":80,"column":4},"end":{"line":85,"column":null}},"type":"if","locations":[{"start":{"line":80,"column":4},"end":{"line":85,"column":null}},{"start":{},"end":{}}],"line":80},"7":{"loc":{"start":{"line":80,"column":8},"end":{"line":80,"column":24}},"type":"binary-expr","locations":[{"start":{"line":80,"column":8},"end":{"line":80,"column":17}},{"start":{"line":80,"column":17},"end":{"line":80,"column":24}}],"line":80},"8":{"loc":{"start":{"line":83,"column":53},"end":{"line":83,"column":91}},"type":"binary-expr","locations":[{"start":{"line":83,"column":53},"end":{"line":83,"column":71}},{"start":{"line":83,"column":71},"end":{"line":83,"column":91}}],"line":83}},"s":{"0":1,"1":1,"2":1,"3":11,"4":11,"5":11,"6":11,"7":1,"8":10,"9":10,"10":2,"11":8,"12":8,"13":30,"14":12,"15":8,"16":1,"17":7,"18":7,"19":7,"20":2,"21":2,"22":5,"23":0,"24":0},"f":{"0":11},"b":{"0":[11,1],"1":[1,10],"2":[2,8],"3":[10,9,9],"4":[12,18],"5":[1,7],"6":[2,5],"7":[7,6],"8":[2,1]},"meta":{"lastBranch":9,"lastFunction":1,"lastStatement":25,"seen":{"s:5:23:5:Infinity":0,"s:9:29:31:2":1,"s:33:23:44:12":2,"f:46:22:46:28":0,"s:47:2:91:Infinity":3,"s:48:22:48:34":4,"s:49:24:49:Infinity":5,"b:49:24:49:44:49:44:49:Infinity":0,"b:50:4:51:Infinity:undefined:undefined:undefined:undefined":1,"s:50:4:51:Infinity":6,"s:51:6:51:Infinity":7,"s:54:17:54:33":8,"b:55:4:56:Infinity:undefined:undefined:undefined:undefined":2,"s:55:4:56:Infinity":9,"b:55:8:55:36:55:36:55:53:55:53:55:72":3,"s:56:6:56:Infinity":10,"s:60:49:60:51":11,"s:61:4:63:Infinity":12,"b:62:6:63:Infinity:undefined:undefined:undefined:undefined":4,"s:62:6:63:Infinity":13,"s:63:8:63:Infinity":14,"b:67:4:68:Infinity:undefined:undefined:undefined:undefined":5,"s:67:4:68:Infinity":15,"s:68:6:68:Infinity":16,"s:71:10:71:50":17,"s:73:28:78:15":18,"b:80:4:85:Infinity:undefined:undefined:undefined:undefined":6,"s:80:4:85:Infinity":19,"b:80:8:80:17:80:17:80:24":7,"s:81:6:81:Infinity":20,"s:82:6:85:Infinity":21,"b:83:53:83:71:83:71:83:91":8,"s:88:4:88:Infinity":22,"s:90:4:90:Infinity":23,"s:91:4:91:Infinity":24}}}
,"C:\\Users\\afu75\\Documents\\GitHub\\SecretSauce\\app\\api\\checkout\\route.ts": {"path":"C:\\Users\\afu75\\Documents\\GitHub\\SecretSauce\\app\\api\\checkout\\route.ts","statementMap":{"0":{"start":{"line":6,"column":23},"end":{"line":6,"column":null}},"1":{"start":{"line":17,"column":20},"end":{"line":17,"column":null}},"2":{"start":{"line":18,"column":16},"end":{"line":20,"column":null}},"3":{"start":{"line":19,"column":19},"end":{"line":19,"column":null}},"4":{"start":{"line":21,"column":2},"end":{"line":21,"column":null}},"5":{"start":{"line":29,"column":8},"end":{"line":29,"column":48}},"6":{"start":{"line":30,"column":20},"end":{"line":30,"column":32}},"7":{"start":{"line":31,"column":22},"end":{"line":31,"column":null}},"8":{"start":{"line":32,"column":2},"end":{"line":32,"column":null}},"9":{"start":{"line":32,"column":20},"end":{"line":32,"column":null}},"10":{"start":{"line":34,"column":28},"end":{"line":38,"column":18}},"11":{"start":{"line":40,"column":2},"end":{"line":45,"column":null}},"12":{"start":{"line":41,"column":4},"end":{"line":45,"column":null}},"13":{"start":{"line":48,"column":17},"end":{"line":48,"column":36}},"14":{"start":{"line":49,"column":20},"end":{"line":49,"column":59}},"15":{"start":{"line":50,"column":16},"end":{"line":50,"column":49}},"16":{"start":{"line":51,"column":2},"end":{"line":51,"column":null}},"17":{"start":{"line":51,"column":14},"end":{"line":51,"column":null}},"18":{"start":{"line":53,"column":28},"end":{"line":57,"column":18}},"19":{"start":{"line":59,"column":2},"end":{"line":59,"column":null}},"20":{"start":{"line":59,"column":16},"end":{"line":59,"column":null}},"21":{"start":{"line":61,"column":2},"end":{"line":68,"column":null}},"22":{"start":{"line":62,"column":4},"end":{"line":68,"column":null}},"23":{"start":{"line":71,"column":2},"end":{"line":78,"column":null}},"24":{"start":{"line":82,"column":2},"end":{"line":250,"column":null}},"25":{"start":{"line":83,"column":28},"end":{"line":83,"column":null}},"26":{"start":{"line":84,"column":26},"end":{"line":84,"column":null}},"27":{"start":{"line":85,"column":31},"end":{"line":85,"column":null}},"28":{"start":{"line":87,"column":4},"end":{"line":94,"column":null}},"29":{"start":{"line":88,"column":6},"end":{"line":94,"column":null}},"30":{"start":{"line":96,"column":4},"end":{"line":103,"column":null}},"31":{"start":{"line":97,"column":6},"end":{"line":103,"column":null}},"32":{"start":{"line":105,"column":4},"end":{"line":112,"column":null}},"33":{"start":{"line":106,"column":6},"end":{"line":112,"column":null}},"34":{"start":{"line":115,"column":21},"end":{"line":115,"column":52}},"35":{"start":{"line":116,"column":4},"end":{"line":120,"column":null}},"36":{"start":{"line":117,"column":6},"end":{"line":120,"column":null}},"37":{"start":{"line":122,"column":53},"end":{"line":122,"column":null}},"38":{"start":{"line":123,"column":10},"end":{"line":123,"column":50}},"39":{"start":{"line":135,"column":8},"end":{"line":135,"column":10}},"40":{"start":{"line":136,"column":4},"end":{"line":141,"column":null}},"41":{"start":{"line":137,"column":19},"end":{"line":137,"column":39}},"42":{"start":{"line":138,"column":6},"end":{"line":139,"column":null}},"43":{"start":{"line":139,"column":8},"end":{"line":139,"column":null}},"44":{"start":{"line":146,"column":4},"end":{"line":151,"column":null}},"45":{"start":{"line":147,"column":6},"end":{"line":151,"column":null}},"46":{"start":{"line":148,"column":8},"end":{"line":151,"column":null}},"47":{"start":{"line":154,"column":4},"end":{"line":159,"column":null}},"48":{"start":{"line":155,"column":6},"end":{"line":159,"column":null}},"49":{"start":{"line":156,"column":8},"end":{"line":159,"column":null}},"50":{"start":{"line":163,"column":19},"end":{"line":163,"column":46}},"51":{"start":{"line":164,"column":27},"end":{"line":164,"column":null}},"52":{"start":{"line":166,"column":4},"end":{"line":180,"column":null}},"53":{"start":{"line":167,"column":23},"end":{"line":174,"column":8}},"54":{"start":{"line":175,"column":6},"end":{"line":175,"column":null}},"55":{"start":{"line":177,"column":6},"end":{"line":180,"column":null}},"56":{"start":{"line":184,"column":39},"end":{"line":188,"column":15}},"57":{"start":{"line":191,"column":6},"end":{"line":193,"column":null}},"58":{"start":{"line":196,"column":19},"end":{"line":196,"column":null}},"59":{"start":{"line":197,"column":20},"end":{"line":197,"column":53}},"60":{"start":{"line":202,"column":26},"end":{"line":202,"column":null}},"61":{"start":{"line":204,"column":63},"end":{"line":226,"column":null}},"62":{"start":{"line":229,"column":29},"end":{"line":229,"column":null}},"63":{"start":{"line":230,"column":4},"end":{"line":235,"column":null}},"64":{"start":{"line":231,"column":6},"end":{"line":235,"column":null}},"65":{"start":{"line":238,"column":20},"end":{"line":238,"column":72}},"66":{"start":{"line":240,"column":4},"end":{"line":240,"column":null}},"67":{"start":{"line":242,"column":20},"end":{"line":242,"column":null}},"68":{"start":{"line":243,"column":4},"end":{"line":243,"column":null}},"69":{"start":{"line":244,"column":4},"end":{"line":250,"column":null}}},"fnMap":{"0":{"name":"getPrimaryEmailAddress","decl":{"start":{"line":16,"column":9},"end":{"line":16,"column":32}},"loc":{"start":{"line":16,"column":63},"end":{"line":21,"column":null}},"line":16},"1":{"name":"(anonymous_1)","decl":{"start":{"line":18,"column":43},"end":{"line":18,"column":null}},"loc":{"start":{"line":19,"column":19},"end":{"line":19,"column":null}},"line":19},"2":{"name":"resolveCheckoutIdentity","decl":{"start":{"line":24,"column":15},"end":{"line":24,"column":null}},"loc":{"start":{"line":28,"column":10},"end":{"line":78,"column":null}},"line":28},"3":{"name":"POST","decl":{"start":{"line":81,"column":22},"end":{"line":81,"column":27}},"loc":{"start":{"line":81,"column":49},"end":{"line":250,"column":null}},"line":81}},"branchMap":{"0":{"loc":{"start":{"line":21,"column":9},"end":{"line":21,"column":null}},"type":"cond-expr","locations":[{"start":{"line":21,"column":37},"end":{"line":21,"column":45}},{"start":{"line":21,"column":45},"end":{"line":21,"column":null}}],"line":21},"1":{"loc":{"start":{"line":31,"column":22},"end":{"line":31,"column":null}},"type":"binary-expr","locations":[{"start":{"line":31,"column":22},"end":{"line":31,"column":42}},{"start":{"line":31,"column":42},"end":{"line":31,"column":null}}],"line":31},"2":{"loc":{"start":{"line":32,"column":2},"end":{"line":32,"column":null}},"type":"if","locations":[{"start":{"line":32,"column":2},"end":{"line":32,"column":null}},{"start":{},"end":{}}],"line":32},"3":{"loc":{"start":{"line":40,"column":2},"end":{"line":45,"column":null}},"type":"if","locations":[{"start":{"line":40,"column":2},"end":{"line":45,"column":null}},{"start":{},"end":{}}],"line":40},"4":{"loc":{"start":{"line":51,"column":2},"end":{"line":51,"column":null}},"type":"if","locations":[{"start":{"line":51,"column":2},"end":{"line":51,"column":null}},{"start":{},"end":{}}],"line":51},"5":{"loc":{"start":{"line":59,"column":2},"end":{"line":59,"column":null}},"type":"if","locations":[{"start":{"line":59,"column":2},"end":{"line":59,"column":null}},{"start":{},"end":{}}],"line":59},"6":{"loc":{"start":{"line":61,"column":2},"end":{"line":68,"column":null}},"type":"if","locations":[{"start":{"line":61,"column":2},"end":{"line":68,"column":null}},{"start":{},"end":{}}],"line":61},"7":{"loc":{"start":{"line":87,"column":4},"end":{"line":94,"column":null}},"type":"if","locations":[{"start":{"line":87,"column":4},"end":{"line":94,"column":null}},{"start":{},"end":{}}],"line":87},"8":{"loc":{"start":{"line":87,"column":8},"end":{"line":87,"column":67}},"type":"binary-expr","locations":[{"start":{"line":87,"column":8},"end":{"line":87,"column":28}},{"start":{"line":87,"column":28},"end":{"line":87,"column":46}},{"start":{"line":87,"column":46},"end":{"line":87,"column":67}}],"line":87},"9":{"loc":{"start":{"line":96,"column":4},"end":{"line":103,"column":null}},"type":"if","locations":[{"start":{"line":96,"column":4},"end":{"line":103,"column":null}},{"start":{},"end":{}}],"line":96},"10":{"loc":{"start":{"line":105,"column":4},"end":{"line":112,"column":null}},"type":"if","locations":[{"start":{"line":105,"column":4},"end":{"line":112,"column":null}},{"start":{},"end":{}}],"line":105},"11":{"loc":{"start":{"line":116,"column":4},"end":{"line":120,"column":null}},"type":"if","locations":[{"start":{"line":116,"column":4},"end":{"line":120,"column":null}},{"start":{},"end":{}}],"line":116},"12":{"loc":{"start":{"line":138,"column":6},"end":{"line":139,"column":null}},"type":"if","locations":[{"start":{"line":138,"column":6},"end":{"line":139,"column":null}},{"start":{},"end":{}}],"line":138},"13":{"loc":{"start":{"line":146,"column":4},"end":{"line":151,"column":null}},"type":"if","locations":[{"start":{"line":146,"column":4},"end":{"line":151,"column":null}},{"start":{},"end":{}}],"line":146},"14":{"loc":{"start":{"line":147,"column":6},"end":{"line":151,"column":null}},"type":"if","locations":[{"start":{"line":147,"column":6},"end":{"line":151,"column":null}},{"start":{},"end":{}}],"line":147},"15":{"loc":{"start":{"line":147,"column":10},"end":{"line":147,"column":101}},"type":"binary-expr","locations":[{"start":{"line":147,"column":10},"end":{"line":147,"column":50}},{"start":{"line":147,"column":50},"end":{"line":147,"column":74}},{"start":{"line":147,"column":74},"end":{"line":147,"column":101}}],"line":147},"16":{"loc":{"start":{"line":154,"column":4},"end":{"line":159,"column":null}},"type":"if","locations":[{"start":{"line":154,"column":4},"end":{"line":159,"column":null}},{"start":{},"end":{}}],"line":154},"17":{"loc":{"start":{"line":155,"column":6},"end":{"line":159,"column":null}},"type":"if","locations":[{"start":{"line":155,"column":6},"end":{"line":159,"column":null}},{"start":{},"end":{}}],"line":155},"18":{"loc":{"start":{"line":155,"column":10},"end":{"line":155,"column":93}},"type":"binary-expr","locations":[{"start":{"line":155,"column":10},"end":{"line":155,"column":48}},{"start":{"line":155,"column":48},"end":{"line":155,"column":70}},{"start":{"line":155,"column":70},"end":{"line":155,"column":93}}],"line":155},"19":{"loc":{"start":{"line":166,"column":4},"end":{"line":180,"column":null}},"type":"if","locations":[{"start":{"line":166,"column":4},"end":{"line":180,"column":null}},{"start":{},"end":{}}],"line":166},"20":{"loc":{"start":{"line":169,"column":14},"end":{"line":169,"column":null}},"type":"binary-expr","locations":[{"start":{"line":169,"column":14},"end":{"line":169,"column":35}},{"start":{"line":169,"column":35},"end":{"line":169,"column":null}}],"line":169},"21":{"loc":{"start":{"line":171,"column":28},"end":{"line":171,"column":null}},"type":"binary-expr","locations":[{"start":{"line":171,"column":28},"end":{"line":171,"column":46}},{"start":{"line":171,"column":46},"end":{"line":171,"column":null}}],"line":171},"22":{"loc":{"start":{"line":172,"column":25},"end":{"line":172,"column":null}},"type":"binary-expr","locations":[{"start":{"line":172,"column":25},"end":{"line":172,"column":40}},{"start":{"line":172,"column":40},"end":{"line":172,"column":null}}],"line":172},"23":{"loc":{"start":{"line":191,"column":6},"end":{"line":193,"column":null}},"type":"binary-expr","locations":[{"start":{"line":191,"column":6},"end":{"line":191,"column":null}},{"start":{"line":192,"column":7},"end":{"line":192,"column":null}},{"start":{"line":193,"column":8},"end":{"line":193,"column":71}}],"line":191},"24":{"loc":{"start":{"line":196,"column":19},"end":{"line":196,"column":null}},"type":"binary-expr","locations":[{"start":{"line":196,"column":19},"end":{"line":196,"column":55}},{"start":{"line":196,"column":55},"end":{"line":196,"column":null}}],"line":196},"25":{"loc":{"start":{"line":202,"column":26},"end":{"line":202,"column":null}},"type":"cond-expr","locations":[{"start":{"line":202,"column":43},"end":{"line":202,"column":73}},{"start":{"line":202,"column":76},"end":{"line":202,"column":null}}],"line":202},"26":{"loc":{"start":{"line":216,"column":26},"end":{"line":216,"column":null}},"type":"binary-expr","locations":[{"start":{"line":216,"column":26},"end":{"line":216,"column":44}},{"start":{"line":216,"column":44},"end":{"line":216,"column":null}}],"line":216},"27":{"loc":{"start":{"line":217,"column":23},"end":{"line":217,"column":null}},"type":"binary-expr","locations":[{"start":{"line":217,"column":23},"end":{"line":217,"column":38}},{"start":{"line":217,"column":38},"end":{"line":217,"column":null}}],"line":217},"28":{"loc":{"start":{"line":221,"column":22},"end":{"line":221,"column":null}},"type":"binary-expr","locations":[{"start":{"line":221,"column":22},"end":{"line":221,"column":50}},{"start":{"line":221,"column":54},"end":{"line":221,"column":null}}],"line":221},"29":{"loc":{"start":{"line":222,"column":20},"end":{"line":222,"column":null}},"type":"binary-expr","locations":[{"start":{"line":222,"column":20},"end":{"line":222,"column":46}},{"start":{"line":222,"column":50},"end":{"line":222,"column":null}}],"line":222},"30":{"loc":{"start":{"line":224,"column":12},"end":{"line":224,"column":null}},"type":"cond-expr","locations":[{"start":{"line":224,"column":58},"end":{"line":224,"column":87}},{"start":{"line":224,"column":90},"end":{"line":224,"column":null}}],"line":224},"31":{"loc":{"start":{"line":224,"column":12},"end":{"line":224,"column":58}},"type":"binary-expr","locations":[{"start":{"line":224,"column":12},"end":{"line":224,"column":29}},{"start":{"line":224,"column":29},"end":{"line":224,"column":58}}],"line":224},"32":{"loc":{"start":{"line":230,"column":4},"end":{"line":235,"column":null}},"type":"if","locations":[{"start":{"line":230,"column":4},"end":{"line":235,"column":null}},{"start":{},"end":{}}],"line":230},"33":{"loc":{"start":{"line":230,"column":8},"end":{"line":230,"column":49}},"type":"binary-expr","locations":[{"start":{"line":230,"column":8},"end":{"line":230,"column":31}},{"start":{"line":230,"column":31},"end":{"line":230,"column":49}}],"line":230},"34":{"loc":{"start":{"line":242,"column":20},"end":{"line":242,"column":null}},"type":"cond-expr","locations":[{"start":{"line":242,"column":45},"end":{"line":242,"column":61}},{"start":{"line":242,"column":61},"end":{"line":242,"column":null}}],"line":242},"35":{"loc":{"start":{"line":247,"column":8},"end":{"line":247,"column":null}},"type":"cond-expr","locations":[{"start":{"line":247,"column":57},"end":{"line":247,"column":69}},{"start":{"line":247,"column":69},"end":{"line":247,"column":null}}],"line":247}},"s":{"0":1,"1":1,"2":1,"3":1,"4":1,"5":6,"6":6,"7":6,"8":6,"9":1,"10":5,"11":5,"12":4,"13":1,"14":1,"15":1,"16":1,"17":0,"18":1,"19":1,"20":0,"21":1,"22":1,"23":1,"24":9,"25":9,"26":9,"27":9,"28":9,"29":1,"30":8,"31":1,"32":7,"33":1,"34":6,"35":6,"36":1,"37":5,"38":5,"39":5,"40":5,"41":5,"42":5,"43":3,"44":5,"45":2,"46":1,"47":4,"48":1,"49":0,"50":4,"51":4,"52":4,"53":1,"54":1,"55":1,"56":4,"57":4,"58":9,"59":9,"60":9,"61":9,"62":9,"63":9,"64":1,"65":4,"66":3,"67":1,"68":1,"69":1},"f":{"0":1,"1":1,"2":6,"3":9},"b":{"0":[1,0],"1":[6,1],"2":[1,5],"3":[4,1],"4":[0,1],"5":[0,1],"6":[1,0],"7":[1,8],"8":[9,8,8],"9":[1,7],"10":[1,6],"11":[1,5],"12":[3,2],"13":[2,3],"14":[1,1],"15":[2,2,1],"16":[1,3],"17":[0,1],"18":[1,1,1],"19":[1,3],"20":[1,0],"21":[1,0],"22":[1,0],"23":[4,1,1],"24":[9,0],"25":[2,2],"26":[9,0],"27":[9,0],"28":[9,3],"29":[9,3],"30":[1,3],"31":[9,2],"32":[1,8],"33":[9,3],"34":[1,0],"35":[0,1]},"meta":{"lastBranch":36,"lastFunction":4,"lastStatement":70,"seen":{"s:6:23:6:Infinity":0,"f:16:9:16:32":0,"s:17:20:17:Infinity":1,"s:18:16:20:Infinity":2,"f:18:43:18:Infinity":1,"s:19:19:19:Infinity":3,"s:21:2:21:Infinity":4,"b:21:37:21:45:21:45:21:Infinity":0,"f:24:15:24:Infinity":2,"s:29:8:29:48":5,"s:30:20:30:32":6,"s:31:22:31:Infinity":7,"b:31:22:31:42:31:42:31:Infinity":1,"b:32:2:32:Infinity:undefined:undefined:undefined:undefined":2,"s:32:2:32:Infinity":8,"s:32:20:32:Infinity":9,"s:34:28:38:18":10,"b:40:2:45:Infinity:undefined:undefined:undefined:undefined":3,"s:40:2:45:Infinity":11,"s:41:4:45:Infinity":12,"s:48:17:48:36":13,"s:49:20:49:59":14,"s:50:16:50:49":15,"b:51:2:51:Infinity:undefined:undefined:undefined:undefined":4,"s:51:2:51:Infinity":16,"s:51:14:51:Infinity":17,"s:53:28:57:18":18,"b:59:2:59:Infinity:undefined:undefined:undefined:undefined":5,"s:59:2:59:Infinity":19,"s:59:16:59:Infinity":20,"b:61:2:68:Infinity:undefined:undefined:undefined:undefined":6,"s:61:2:68:Infinity":21,"s:62:4:68:Infinity":22,"s:71:2:78:Infinity":23,"f:81:22:81:27":3,"s:82:2:250:Infinity":24,"s:83:28:83:Infinity":25,"s:84:26:84:Infinity":26,"s:85:31:85:Infinity":27,"b:87:4:94:Infinity:undefined:undefined:undefined:undefined":7,"s:87:4:94:Infinity":28,"b:87:8:87:28:87:28:87:46:87:46:87:67":8,"s:88:6:94:Infinity":29,"b:96:4:103:Infinity:undefined:undefined:undefined:undefined":9,"s:96:4:103:Infinity":30,"s:97:6:103:Infinity":31,"b:105:4:112:Infinity:undefined:undefined:undefined:undefined":10,"s:105:4:112:Infinity":32,"s:106:6:112:Infinity":33,"s:115:21:115:52":34,"b:116:4:120:Infinity:undefined:undefined:undefined:undefined":11,"s:116:4:120:Infinity":35,"s:117:6:120:Infinity":36,"s:122:53:122:Infinity":37,"s:123:10:123:50":38,"s:135:8:135:10":39,"s:136:4:141:Infinity":40,"s:137:19:137:39":41,"b:138:6:139:Infinity:undefined:undefined:undefined:undefined":12,"s:138:6:139:Infinity":42,"s:139:8:139:Infinity":43,"b:146:4:151:Infinity:undefined:undefined:undefined:undefined":13,"s:146:4:151:Infinity":44,"b:147:6:151:Infinity:undefined:undefined:undefined:undefined":14,"s:147:6:151:Infinity":45,"b:147:10:147:50:147:50:147:74:147:74:147:101":15,"s:148:8:151:Infinity":46,"b:154:4:159:Infinity:undefined:undefined:undefined:undefined":16,"s:154:4:159:Infinity":47,"b:155:6:159:Infinity:undefined:undefined:undefined:undefined":17,"s:155:6:159:Infinity":48,"b:155:10:155:48:155:48:155:70:155:70:155:93":18,"s:156:8:159:Infinity":49,"s:163:19:163:46":50,"s:164:27:164:Infinity":51,"b:166:4:180:Infinity:undefined:undefined:undefined:undefined":19,"s:166:4:180:Infinity":52,"s:167:23:174:8":53,"b:169:14:169:35:169:35:169:Infinity":20,"b:171:28:171:46:171:46:171:Infinity":21,"b:172:25:172:40:172:40:172:Infinity":22,"s:175:6:175:Infinity":54,"s:177:6:180:Infinity":55,"s:184:39:188:15":56,"s:191:6:193:Infinity":57,"b:191:6:191:Infinity:192:7:192:Infinity:193:8:193:71":23,"s:196:19:196:Infinity":58,"b:196:19:196:55:196:55:196:Infinity":24,"s:197:20:197:53":59,"s:202:26:202:Infinity":60,"b:202:43:202:73:202:76:202:Infinity":25,"s:204:63:226:Infinity":61,"b:216:26:216:44:216:44:216:Infinity":26,"b:217:23:217:38:217:38:217:Infinity":27,"b:221:22:221:50:221:54:221:Infinity":28,"b:222:20:222:46:222:50:222:Infinity":29,"b:224:58:224:87:224:90:224:Infinity":30,"b:224:12:224:29:224:29:224:58":31,"s:229:29:229:Infinity":62,"b:230:4:235:Infinity:undefined:undefined:undefined:undefined":32,"s:230:4:235:Infinity":63,"b:230:8:230:31:230:31:230:49":33,"s:231:6:235:Infinity":64,"s:238:20:238:72":65,"s:240:4:240:Infinity":66,"s:242:20:242:Infinity":67,"b:242:45:242:61:242:61:242:Infinity":34,"s:243:4:243:Infinity":68,"s:244:4:250:Infinity":69,"b:247:57:247:69:247:69:247:Infinity":35}}}
,"C:\\Users\\afu75\\Documents\\GitHub\\SecretSauce\\app\\api\\grocery-search\\route.ts": {"path":"C:\\Users\\afu75\\Documents\\GitHub\\SecretSauce\\app\\api\\grocery-search\\route.ts","statementMap":{"0":{"start":{"line":5,"column":17},"end":{"line":5,"column":66}},"1":{"start":{"line":6,"column":2},"end":{"line":6,"column":null}}},"fnMap":{"0":{"name":"GET","decl":{"start":{"line":4,"column":22},"end":{"line":4,"column":26}},"loc":{"start":{"line":4,"column":48},"end":{"line":6,"column":null}},"line":4}},"branchMap":{},"s":{"0":1,"1":1},"f":{"0":1},"b":{},"meta":{"lastBranch":0,"lastFunction":1,"lastStatement":2,"seen":{"f:4:22:4:26":0,"s:5:17:5:66":0,"s:6:2:6:Infinity":1}}}
,"C:\\Users\\afu75\\Documents\\GitHub\\SecretSauce\\app\\api\\grocery-search\\cache-selection\\route.ts": {"path":"C:\\Users\\afu75\\Documents\\GitHub\\SecretSauce\\app\\api\\grocery-search\\cache-selection\\route.ts","statementMap":{"0":{"start":{"line":11,"column":2},"end":{"line":124,"column":null}},"1":{"start":{"line":12,"column":17},"end":{"line":12,"column":37}},"2":{"start":{"line":13,"column":94},"end":{"line":13,"column":null}},"3":{"start":{"line":31,"column":4},"end":{"line":35,"column":null}},"4":{"start":{"line":32,"column":6},"end":{"line":35,"column":null}},"5":{"start":{"line":37,"column":4},"end":{"line":41,"column":null}},"6":{"start":{"line":38,"column":6},"end":{"line":41,"column":null}},"7":{"start":{"line":45,"column":6},"end":{"line":46,"column":null}},"8":{"start":{"line":48,"column":4},"end":{"line":53,"column":null}},"9":{"start":{"line":49,"column":6},"end":{"line":49,"column":null}},"10":{"start":{"line":50,"column":6},"end":{"line":53,"column":null}},"11":{"start":{"line":56,"column":4},"end":{"line":61,"column":null}},"12":{"start":{"line":65,"column":21},"end":{"line":77,"column":6}},"13":{"start":{"line":79,"column":28},"end":{"line":79,"column":null}},"14":{"start":{"line":80,"column":4},"end":{"line":100,"column":null}},"15":{"start":{"line":81,"column":23},"end":{"line":91,"column":8}},"16":{"start":{"line":93,"column":6},"end":{"line":98,"column":null}},"17":{"start":{"line":94,"column":8},"end":{"line":94,"column":null}},"18":{"start":{"line":95,"column":8},"end":{"line":98,"column":null}},"19":{"start":{"line":100,"column":6},"end":{"line":100,"column":null}},"20":{"start":{"line":103,"column":4},"end":{"line":110,"column":null}},"21":{"start":{"line":112,"column":4},"end":{"line":118,"column":null}},"22":{"start":{"line":120,"column":4},"end":{"line":120,"column":null}},"23":{"start":{"line":121,"column":4},"end":{"line":124,"column":null}}},"fnMap":{"0":{"name":"POST","decl":{"start":{"line":10,"column":22},"end":{"line":10,"column":27}},"loc":{"start":{"line":10,"column":49},"end":{"line":124,"column":null}},"line":10}},"branchMap":{"0":{"loc":{"start":{"line":31,"column":4},"end":{"line":35,"column":null}},"type":"if","locations":[{"start":{"line":31,"column":4},"end":{"line":35,"column":null}},{"start":{},"end":{}}],"line":31},"1":{"loc":{"start":{"line":31,"column":8},"end":{"line":31,"column":74}},"type":"binary-expr","locations":[{"start":{"line":31,"column":8},"end":{"line":31,"column":18}},{"start":{"line":31,"column":18},"end":{"line":31,"column":31}},{"start":{"line":31,"column":31},"end":{"line":31,"column":46}},{"start":{"line":31,"column":46},"end":{"line":31,"column":74}}],"line":31},"2":{"loc":{"start":{"line":37,"column":4},"end":{"line":41,"column":null}},"type":"if","locations":[{"start":{"line":37,"column":4},"end":{"line":41,"column":null}},{"start":{},"end":{}}],"line":37},"3":{"loc":{"start":{"line":37,"column":8},"end":{"line":37,"column":98}},"type":"binary-expr","locations":[{"start":{"line":37,"column":8},"end":{"line":37,"column":23}},{"start":{"line":37,"column":23},"end":{"line":37,"column":41}},{"start":{"line":37,"column":41},"end":{"line":37,"column":78}},{"start":{"line":37,"column":78},"end":{"line":37,"column":98}}],"line":37},"4":{"loc":{"start":{"line":45,"column":6},"end":{"line":46,"column":null}},"type":"binary-expr","locations":[{"start":{"line":45,"column":6},"end":{"line":45,"column":null}},{"start":{"line":46,"column":7},"end":{"line":46,"column":null}}],"line":45},"5":{"loc":{"start":{"line":46,"column":7},"end":{"line":46,"column":null}},"type":"cond-expr","locations":[{"start":{"line":46,"column":20},"end":{"line":46,"column":90}},{"start":{"line":46,"column":93},"end":{"line":46,"column":null}}],"line":46},"6":{"loc":{"start":{"line":48,"column":4},"end":{"line":53,"column":null}},"type":"if","locations":[{"start":{"line":48,"column":4},"end":{"line":53,"column":null}},{"start":{},"end":{}}],"line":48},"7":{"loc":{"start":{"line":72,"column":17},"end":{"line":72,"column":null}},"type":"binary-expr","locations":[{"start":{"line":72,"column":17},"end":{"line":72,"column":36}},{"start":{"line":72,"column":36},"end":{"line":72,"column":52}},{"start":{"line":72,"column":52},"end":{"line":72,"column":null}}],"line":72},"8":{"loc":{"start":{"line":73,"column":14},"end":{"line":73,"column":null}},"type":"binary-expr","locations":[{"start":{"line":73,"column":14},"end":{"line":73,"column":30}},{"start":{"line":73,"column":30},"end":{"line":73,"column":49}},{"start":{"line":73,"column":49},"end":{"line":73,"column":null}}],"line":73},"9":{"loc":{"start":{"line":74,"column":17},"end":{"line":74,"column":null}},"type":"binary-expr","locations":[{"start":{"line":74,"column":17},"end":{"line":74,"column":28}},{"start":{"line":74,"column":28},"end":{"line":74,"column":null}}],"line":74},"10":{"loc":{"start":{"line":75,"column":24},"end":{"line":75,"column":null}},"type":"binary-expr","locations":[{"start":{"line":75,"column":24},"end":{"line":75,"column":42}},{"start":{"line":75,"column":42},"end":{"line":75,"column":null}}],"line":75},"11":{"loc":{"start":{"line":80,"column":4},"end":{"line":100,"column":null}},"type":"if","locations":[{"start":{"line":80,"column":4},"end":{"line":100,"column":null}},{"start":{},"end":{}}],"line":80},"12":{"loc":{"start":{"line":87,"column":18},"end":{"line":87,"column":null}},"type":"binary-expr","locations":[{"start":{"line":87,"column":18},"end":{"line":87,"column":39}},{"start":{"line":87,"column":39},"end":{"line":87,"column":null}}],"line":87},"13":{"loc":{"start":{"line":88,"column":18},"end":{"line":88,"column":null}},"type":"binary-expr","locations":[{"start":{"line":88,"column":18},"end":{"line":88,"column":38}},{"start":{"line":88,"column":38},"end":{"line":88,"column":null}}],"line":88},"14":{"loc":{"start":{"line":89,"column":17},"end":{"line":89,"column":null}},"type":"binary-expr","locations":[{"start":{"line":89,"column":17},"end":{"line":89,"column":28}},{"start":{"line":89,"column":28},"end":{"line":89,"column":null}}],"line":89},"15":{"loc":{"start":{"line":90,"column":24},"end":{"line":90,"column":null}},"type":"binary-expr","locations":[{"start":{"line":90,"column":24},"end":{"line":90,"column":42}},{"start":{"line":90,"column":42},"end":{"line":90,"column":null}}],"line":90},"16":{"loc":{"start":{"line":93,"column":6},"end":{"line":98,"column":null}},"type":"if","locations":[{"start":{"line":93,"column":6},"end":{"line":98,"column":null}},{"start":{},"end":{}}],"line":93},"17":{"loc":{"start":{"line":122,"column":49},"end":{"line":122,"column":107}},"type":"cond-expr","locations":[{"start":{"line":122,"column":74},"end":{"line":122,"column":90}},{"start":{"line":122,"column":90},"end":{"line":122,"column":107}}],"line":122}},"s":{"0":6,"1":6,"2":6,"3":6,"4":1,"5":5,"6":1,"7":4,"8":6,"9":1,"10":1,"11":3,"12":3,"13":3,"14":3,"15":2,"16":2,"17":1,"18":1,"19":1,"20":2,"21":2,"22":0,"23":0},"f":{"0":6},"b":{"0":[1,5],"1":[6,6,5,2],"2":[1,4],"3":[5,5,4,4],"4":[4,2],"5":[2,0],"6":[1,5],"7":[3,2,2],"8":[6,2,2],"9":[6,2],"10":[6,2],"11":[2,1],"12":[2,1],"13":[2,1],"14":[2,2],"15":[2,2],"16":[1,1],"17":[0,0]},"meta":{"lastBranch":18,"lastFunction":1,"lastStatement":24,"seen":{"f:10:22:10:27":0,"s:11:2:124:Infinity":0,"s:12:17:12:37":1,"s:13:94:13:Infinity":2,"b:31:4:35:Infinity:undefined:undefined:undefined:undefined":0,"s:31:4:35:Infinity":3,"b:31:8:31:18:31:18:31:31:31:31:31:46:31:46:31:74":1,"s:32:6:35:Infinity":4,"b:37:4:41:Infinity:undefined:undefined:undefined:undefined":2,"s:37:4:41:Infinity":5,"b:37:8:37:23:37:23:37:41:37:41:37:78:37:78:37:98":3,"s:38:6:41:Infinity":6,"s:45:6:46:Infinity":7,"b:45:6:45:Infinity:46:7:46:Infinity":4,"b:46:20:46:90:46:93:46:Infinity":5,"b:48:4:53:Infinity:undefined:undefined:undefined:undefined":6,"s:48:4:53:Infinity":8,"s:49:6:49:Infinity":9,"s:50:6:53:Infinity":10,"s:56:4:61:Infinity":11,"s:65:21:77:6":12,"b:72:17:72:36:72:36:72:52:72:52:72:Infinity":7,"b:73:14:73:30:73:30:73:49:73:49:73:Infinity":8,"b:74:17:74:28:74:28:74:Infinity":9,"b:75:24:75:42:75:42:75:Infinity":10,"s:79:28:79:Infinity":13,"b:80:4:100:Infinity:undefined:undefined:undefined:undefined":11,"s:80:4:100:Infinity":14,"s:81:23:91:8":15,"b:87:18:87:39:87:39:87:Infinity":12,"b:88:18:88:38:88:38:88:Infinity":13,"b:89:17:89:28:89:28:89:Infinity":14,"b:90:24:90:42:90:42:90:Infinity":15,"b:93:6:98:Infinity:undefined:undefined:undefined:undefined":16,"s:93:6:98:Infinity":16,"s:94:8:94:Infinity":17,"s:95:8:98:Infinity":18,"s:100:6:100:Infinity":19,"s:103:4:110:Infinity":20,"s:112:4:118:Infinity":21,"s:120:4:120:Infinity":22,"s:121:4:124:Infinity":23,"b:122:74:122:90:122:90:122:107":17}}}
,"C:\\Users\\afu75\\Documents\\GitHub\\SecretSauce\\app\\api\\ingredients\\standardize\\route.ts": {"path":"C:\\Users\\afu75\\Documents\\GitHub\\SecretSauce\\app\\api\\ingredients\\standardize\\route.ts","statementMap":{"0":{"start":{"line":23,"column":2},"end":{"line":134,"column":null}},"1":{"start":{"line":24,"column":17},"end":{"line":24,"column":37}},"2":{"start":{"line":35,"column":8},"end":{"line":35,"column":null}},"3":{"start":{"line":40,"column":4},"end":{"line":48,"column":null}},"4":{"start":{"line":41,"column":6},"end":{"line":48,"column":null}},"5":{"start":{"line":51,"column":4},"end":{"line":52,"column":null}},"6":{"start":{"line":52,"column":6},"end":{"line":52,"column":null}},"7":{"start":{"line":55,"column":4},"end":{"line":56,"column":null}},"8":{"start":{"line":56,"column":6},"end":{"line":56,"column":null}},"9":{"start":{"line":59,"column":29},"end":{"line":77,"column":10}},"10":{"start":{"line":60,"column":26},"end":{"line":60,"column":49}},"11":{"start":{"line":61,"column":6},"end":{"line":61,"column":null}},"12":{"start":{"line":61,"column":24},"end":{"line":61,"column":null}},"13":{"start":{"line":63,"column":24},"end":{"line":63,"column":null}},"14":{"start":{"line":65,"column":8},"end":{"line":65,"column":92}},"15":{"start":{"line":66,"column":29},"end":{"line":66,"column":52}},"16":{"start":{"line":68,"column":6},"end":{"line":74,"column":null}},"17":{"start":{"line":76,"column":6},"end":{"line":76,"column":null}},"18":{"start":{"line":79,"column":4},"end":{"line":80,"column":null}},"19":{"start":{"line":80,"column":6},"end":{"line":80,"column":null}},"20":{"start":{"line":83,"column":22},"end":{"line":83,"column":83}},"21":{"start":{"line":86,"column":30},"end":{"line":89,"column":7}},"22":{"start":{"line":86,"column":55},"end":{"line":89,"column":7}},"23":{"start":{"line":91,"column":30},"end":{"line":91,"column":97}},"24":{"start":{"line":101,"column":9},"end":{"line":101,"column":11}},"25":{"start":{"line":103,"column":4},"end":{"line":117,"column":null}},"26":{"start":{"line":104,"column":21},"end":{"line":104,"column":null}},"27":{"start":{"line":104,"column":54},"end":{"line":104,"column":77}},"28":{"start":{"line":105,"column":34},"end":{"line":105,"column":75}},"29":{"start":{"line":106,"column":29},"end":{"line":106,"column":71}},"30":{"start":{"line":107,"column":6},"end":{"line":107,"column":null}},"31":{"start":{"line":107,"column":27},"end":{"line":107,"column":null}},"32":{"start":{"line":109,"column":6},"end":{"line":117,"column":null}},"33":{"start":{"line":120,"column":4},"end":{"line":125,"column":null}},"34":{"start":{"line":121,"column":22},"end":{"line":121,"column":null}},"35":{"start":{"line":122,"column":6},"end":{"line":125,"column":null}},"36":{"start":{"line":128,"column":4},"end":{"line":131,"column":null}},"37":{"start":{"line":133,"column":4},"end":{"line":133,"column":null}},"38":{"start":{"line":134,"column":4},"end":{"line":134,"column":null}}},"fnMap":{"0":{"name":"POST","decl":{"start":{"line":22,"column":22},"end":{"line":22,"column":27}},"loc":{"start":{"line":22,"column":49},"end":{"line":134,"column":null}},"line":22},"1":{"name":"(anonymous_1)","decl":{"start":{"line":59,"column":41},"end":{"line":59,"column":78}},"loc":{"start":{"line":59,"column":105},"end":{"line":77,"column":9}},"line":59},"2":{"name":"(anonymous_2)","decl":{"start":{"line":86,"column":40},"end":{"line":86,"column":44}},"loc":{"start":{"line":86,"column":55},"end":{"line":89,"column":7}},"line":86},"3":{"name":"(anonymous_3)","decl":{"start":{"line":104,"column":38},"end":{"line":104,"column":44}},"loc":{"start":{"line":104,"column":54},"end":{"line":104,"column":77}},"line":104}},"branchMap":{"0":{"loc":{"start":{"line":40,"column":4},"end":{"line":48,"column":null}},"type":"if","locations":[{"start":{"line":40,"column":4},"end":{"line":48,"column":null}},{"start":{},"end":{}}],"line":40},"1":{"loc":{"start":{"line":51,"column":4},"end":{"line":52,"column":null}},"type":"if","locations":[{"start":{"line":51,"column":4},"end":{"line":52,"column":null}},{"start":{},"end":{}}],"line":51},"2":{"loc":{"start":{"line":51,"column":8},"end":{"line":51,"column":65}},"type":"binary-expr","locations":[{"start":{"line":51,"column":8},"end":{"line":51,"column":35}},{"start":{"line":51,"column":39},"end":{"line":51,"column":65}}],"line":51},"3":{"loc":{"start":{"line":55,"column":4},"end":{"line":56,"column":null}},"type":"if","locations":[{"start":{"line":55,"column":4},"end":{"line":56,"column":null}},{"start":{},"end":{}}],"line":55},"4":{"loc":{"start":{"line":55,"column":8},"end":{"line":55,"column":34}},"type":"binary-expr","locations":[{"start":{"line":55,"column":8},"end":{"line":55,"column":25}},{"start":{"line":55,"column":25},"end":{"line":55,"column":34}}],"line":55},"5":{"loc":{"start":{"line":61,"column":6},"end":{"line":61,"column":null}},"type":"if","locations":[{"start":{"line":61,"column":6},"end":{"line":61,"column":null}},{"start":{},"end":{}}],"line":61},"6":{"loc":{"start":{"line":63,"column":24},"end":{"line":63,"column":null}},"type":"binary-expr","locations":[{"start":{"line":63,"column":24},"end":{"line":63,"column":45}},{"start":{"line":63,"column":45},"end":{"line":63,"column":null}}],"line":63},"7":{"loc":{"start":{"line":65,"column":8},"end":{"line":65,"column":92}},"type":"cond-expr","locations":[{"start":{"line":65,"column":56},"end":{"line":65,"column":68}},{"start":{"line":65,"column":68},"end":{"line":65,"column":92}}],"line":65},"8":{"loc":{"start":{"line":65,"column":8},"end":{"line":65,"column":56}},"type":"binary-expr","locations":[{"start":{"line":65,"column":8},"end":{"line":65,"column":35}},{"start":{"line":65,"column":35},"end":{"line":65,"column":56}}],"line":65},"9":{"loc":{"start":{"line":69,"column":19},"end":{"line":69,"column":42}},"type":"binary-expr","locations":[{"start":{"line":69,"column":19},"end":{"line":69,"column":36}},{"start":{"line":69,"column":36},"end":{"line":69,"column":42}}],"line":69},"10":{"loc":{"start":{"line":71,"column":16},"end":{"line":71,"column":null}},"type":"cond-expr","locations":[{"start":{"line":71,"column":66},"end":{"line":71,"column":85}},{"start":{"line":71,"column":85},"end":{"line":71,"column":null}}],"line":71},"11":{"loc":{"start":{"line":71,"column":16},"end":{"line":71,"column":66}},"type":"binary-expr","locations":[{"start":{"line":71,"column":16},"end":{"line":71,"column":36}},{"start":{"line":71,"column":36},"end":{"line":71,"column":66}}],"line":71},"12":{"loc":{"start":{"line":72,"column":14},"end":{"line":72,"column":null}},"type":"cond-expr","locations":[{"start":{"line":72,"column":60},"end":{"line":72,"column":77}},{"start":{"line":72,"column":77},"end":{"line":72,"column":null}}],"line":72},"13":{"loc":{"start":{"line":72,"column":14},"end":{"line":72,"column":60}},"type":"binary-expr","locations":[{"start":{"line":72,"column":14},"end":{"line":72,"column":32}},{"start":{"line":72,"column":32},"end":{"line":72,"column":60}}],"line":72},"14":{"loc":{"start":{"line":79,"column":4},"end":{"line":80,"column":null}},"type":"if","locations":[{"start":{"line":79,"column":4},"end":{"line":80,"column":null}},{"start":{},"end":{}}],"line":79},"15":{"loc":{"start":{"line":88,"column":16},"end":{"line":88,"column":null}},"type":"binary-expr","locations":[{"start":{"line":88,"column":16},"end":{"line":88,"column":35}},{"start":{"line":88,"column":35},"end":{"line":88,"column":null}}],"line":88},"16":{"loc":{"start":{"line":104,"column":21},"end":{"line":104,"column":null}},"type":"binary-expr","locations":[{"start":{"line":104,"column":21},"end":{"line":104,"column":77}},{"start":{"line":104,"column":81},"end":{"line":104,"column":null}}],"line":104},"17":{"loc":{"start":{"line":107,"column":6},"end":{"line":107,"column":null}},"type":"if","locations":[{"start":{"line":107,"column":6},"end":{"line":107,"column":null}},{"start":{},"end":{}}],"line":107},"18":{"loc":{"start":{"line":120,"column":4},"end":{"line":125,"column":null}},"type":"if","locations":[{"start":{"line":120,"column":4},"end":{"line":125,"column":null}},{"start":{},"end":{}}],"line":120},"19":{"loc":{"start":{"line":120,"column":8},"end":{"line":120,"column":36}},"type":"binary-expr","locations":[{"start":{"line":120,"column":8},"end":{"line":120,"column":24}},{"start":{"line":120,"column":24},"end":{"line":120,"column":36}}],"line":120}},"s":{"0":6,"1":6,"2":6,"3":6,"4":1,"5":5,"6":1,"7":4,"8":1,"9":3,"10":4,"11":4,"12":1,"13":3,"14":4,"15":4,"16":4,"17":4,"18":3,"19":1,"20":2,"21":1,"22":1,"23":1,"24":1,"25":1,"26":1,"27":1,"28":1,"29":1,"30":1,"31":0,"32":1,"33":1,"34":1,"35":1,"36":1,"37":1,"38":1},"f":{"0":6,"1":4,"2":1,"3":1},"b":{"0":[1,5],"1":[1,4],"2":[5,5],"3":[1,3],"4":[4,3],"5":[1,3],"6":[3,2],"7":[1,2],"8":[4,2],"9":[4,2],"10":[2,1],"11":[4,2],"12":[2,1],"13":[4,2],"14":[1,2],"15":[1,0],"16":[1,0],"17":[0,1],"18":[1,0],"19":[1,1]},"meta":{"lastBranch":20,"lastFunction":4,"lastStatement":39,"seen":{"f:22:22:22:27":0,"s:23:2:134:Infinity":0,"s:24:17:24:37":1,"s:35:8:35:Infinity":2,"b:40:4:48:Infinity:undefined:undefined:undefined:undefined":0,"s:40:4:48:Infinity":3,"s:41:6:48:Infinity":4,"b:51:4:52:Infinity:undefined:undefined:undefined:undefined":1,"s:51:4:52:Infinity":5,"b:51:8:51:35:51:39:51:65":2,"s:52:6:52:Infinity":6,"b:55:4:56:Infinity:undefined:undefined:undefined:undefined":3,"s:55:4:56:Infinity":7,"b:55:8:55:25:55:25:55:34":4,"s:56:6:56:Infinity":8,"s:59:29:77:10":9,"f:59:41:59:78":1,"s:60:26:60:49":10,"b:61:6:61:Infinity:undefined:undefined:undefined:undefined":5,"s:61:6:61:Infinity":11,"s:61:24:61:Infinity":12,"s:63:24:63:Infinity":13,"b:63:24:63:45:63:45:63:Infinity":6,"s:65:8:65:92":14,"b:65:56:65:68:65:68:65:92":7,"b:65:8:65:35:65:35:65:56":8,"s:66:29:66:52":15,"s:68:6:74:Infinity":16,"b:69:19:69:36:69:36:69:42":9,"b:71:66:71:85:71:85:71:Infinity":10,"b:71:16:71:36:71:36:71:66":11,"b:72:60:72:77:72:77:72:Infinity":12,"b:72:14:72:32:72:32:72:60":13,"s:76:6:76:Infinity":17,"b:79:4:80:Infinity:undefined:undefined:undefined:undefined":14,"s:79:4:80:Infinity":18,"s:80:6:80:Infinity":19,"s:83:22:83:83":20,"s:86:30:89:7":21,"f:86:40:86:44":2,"s:86:55:89:7":22,"b:88:16:88:35:88:35:88:Infinity":15,"s:91:30:91:97":23,"s:101:9:101:11":24,"s:103:4:117:Infinity":25,"s:104:21:104:Infinity":26,"b:104:21:104:77:104:81:104:Infinity":16,"f:104:38:104:44":3,"s:104:54:104:77":27,"s:105:34:105:75":28,"s:106:29:106:71":29,"b:107:6:107:Infinity:undefined:undefined:undefined:undefined":17,"s:107:6:107:Infinity":30,"s:107:27:107:Infinity":31,"s:109:6:117:Infinity":32,"b:120:4:125:Infinity:undefined:undefined:undefined:undefined":18,"s:120:4:125:Infinity":33,"b:120:8:120:24:120:24:120:36":19,"s:121:22:121:Infinity":34,"s:122:6:125:Infinity":35,"s:128:4:131:Infinity":36,"s:133:4:133:Infinity":37,"s:134:4:134:Infinity":38}}}
,"C:\\Users\\afu75\\Documents\\GitHub\\SecretSauce\\app\\api\\location\\route.ts": {"path":"C:\\Users\\afu75\\Documents\\GitHub\\SecretSauce\\app\\api\\location\\route.ts","statementMap":{"0":{"start":{"line":6,"column":21},"end":{"line":6,"column":33}},"1":{"start":{"line":7,"column":2},"end":{"line":8,"column":null}},"2":{"start":{"line":8,"column":4},"end":{"line":8,"column":null}},"3":{"start":{"line":11,"column":15},"end":{"line":11,"column":35}},"4":{"start":{"line":12,"column":23},"end":{"line":12,"column":null}},"5":{"start":{"line":13,"column":2},"end":{"line":14,"column":null}},"6":{"start":{"line":14,"column":4},"end":{"line":14,"column":null}},"7":{"start":{"line":17,"column":8},"end":{"line":17,"column":48}},"8":{"start":{"line":18,"column":20},"end":{"line":24,"column":32}},"9":{"start":{"line":26,"column":2},"end":{"line":27,"column":null}},"10":{"start":{"line":27,"column":4},"end":{"line":27,"column":null}},"11":{"start":{"line":30,"column":2},"end":{"line":30,"column":null}}},"fnMap":{"0":{"name":"POST","decl":{"start":{"line":5,"column":22},"end":{"line":5,"column":27}},"loc":{"start":{"line":5,"column":45},"end":{"line":30,"column":null}},"line":5}},"branchMap":{"0":{"loc":{"start":{"line":7,"column":2},"end":{"line":8,"column":null}},"type":"if","locations":[{"start":{"line":7,"column":2},"end":{"line":8,"column":null}},{"start":{},"end":{}}],"line":7},"1":{"loc":{"start":{"line":13,"column":2},"end":{"line":14,"column":null}},"type":"if","locations":[{"start":{"line":13,"column":2},"end":{"line":14,"column":null}},{"start":{},"end":{}}],"line":13},"2":{"loc":{"start":{"line":13,"column":6},"end":{"line":13,"column":58}},"type":"binary-expr","locations":[{"start":{"line":13,"column":6},"end":{"line":13,"column":33}},{"start":{"line":13,"column":33},"end":{"line":13,"column":58}}],"line":13},"3":{"loc":{"start":{"line":26,"column":2},"end":{"line":27,"column":null}},"type":"if","locations":[{"start":{"line":26,"column":2},"end":{"line":27,"column":null}},{"start":{},"end":{}}],"line":26}},"s":{"0":4,"1":4,"2":1,"3":3,"4":3,"5":3,"6":1,"7":2,"8":2,"9":2,"10":1,"11":1},"f":{"0":4},"b":{"0":[1,3],"1":[1,2],"2":[3,3],"3":[1,1]},"meta":{"lastBranch":4,"lastFunction":1,"lastStatement":12,"seen":{"f:5:22:5:27":0,"s:6:21:6:33":0,"b:7:2:8:Infinity:undefined:undefined:undefined:undefined":0,"s:7:2:8:Infinity":1,"s:8:4:8:Infinity":2,"s:11:15:11:35":3,"s:12:23:12:Infinity":4,"b:13:2:14:Infinity:undefined:undefined:undefined:undefined":1,"s:13:2:14:Infinity":5,"b:13:6:13:33:13:33:13:58":2,"s:14:4:14:Infinity":6,"s:17:8:17:48":7,"s:18:20:24:32":8,"b:26:2:27:Infinity:undefined:undefined:undefined:undefined":3,"s:26:2:27:Infinity":9,"s:27:4:27:Infinity":10,"s:30:2:30:Infinity":11}}}
,"C:\\Users\\afu75\\Documents\\GitHub\\SecretSauce\\app\\api\\maps\\route.ts": {"path":"C:\\Users\\afu75\\Documents\\GitHub\\SecretSauce\\app\\api\\maps\\route.ts","statementMap":{"0":{"start":{"line":4,"column":2},"end":{"line":6,"column":null}},"1":{"start":{"line":12,"column":6},"end":{"line":19,"column":null}},"2":{"start":{"line":13,"column":14},"end":{"line":13,"column":27}},"3":{"start":{"line":14,"column":2},"end":{"line":18,"column":null}},"4":{"start":{"line":15,"column":4},"end":{"line":16,"column":null}},"5":{"start":{"line":16,"column":6},"end":{"line":16,"column":null}},"6":{"start":{"line":19,"column":2},"end":{"line":19,"column":null}},"7":{"start":{"line":23,"column":2},"end":{"line":24,"column":null}},"8":{"start":{"line":24,"column":4},"end":{"line":24,"column":null}},"9":{"start":{"line":28,"column":2},"end":{"line":31,"column":null}},"10":{"start":{"line":29,"column":4},"end":{"line":29,"column":null}},"11":{"start":{"line":31,"column":4},"end":{"line":31,"column":null}},"12":{"start":{"line":34,"column":29},"end":{"line":34,"column":null}},"13":{"start":{"line":35,"column":2},"end":{"line":36,"column":null}},"14":{"start":{"line":36,"column":4},"end":{"line":36,"column":null}},"15":{"start":{"line":39,"column":2},"end":{"line":121,"column":null}},"16":{"start":{"line":40,"column":4},"end":{"line":117,"column":null}},"17":{"start":{"line":42,"column":24},"end":{"line":42,"column":null}},"18":{"start":{"line":43,"column":23},"end":{"line":43,"column":null}},"19":{"start":{"line":44,"column":8},"end":{"line":45,"column":null}},"20":{"start":{"line":45,"column":10},"end":{"line":45,"column":null}},"21":{"start":{"line":47,"column":20},"end":{"line":51,"column":10}},"22":{"start":{"line":52,"column":25},"end":{"line":52,"column":41}},"23":{"start":{"line":53,"column":21},"end":{"line":53,"column":42}},"24":{"start":{"line":54,"column":8},"end":{"line":54,"column":null}},"25":{"start":{"line":57,"column":25},"end":{"line":57,"column":null}},"26":{"start":{"line":58,"column":23},"end":{"line":58,"column":null}},"27":{"start":{"line":59,"column":24},"end":{"line":59,"column":null}},"28":{"start":{"line":60,"column":21},"end":{"line":60,"column":null}},"29":{"start":{"line":61,"column":8},"end":{"line":62,"column":null}},"30":{"start":{"line":62,"column":10},"end":{"line":62,"column":null}},"31":{"start":{"line":64,"column":20},"end":{"line":70,"column":10}},"32":{"start":{"line":71,"column":25},"end":{"line":71,"column":41}},"33":{"start":{"line":72,"column":21},"end":{"line":72,"column":42}},"34":{"start":{"line":73,"column":8},"end":{"line":73,"column":null}},"35":{"start":{"line":76,"column":22},"end":{"line":76,"column":null}},"36":{"start":{"line":77,"column":25},"end":{"line":77,"column":null}},"37":{"start":{"line":78,"column":23},"end":{"line":78,"column":null}},"38":{"start":{"line":79,"column":8},"end":{"line":80,"column":null}},"39":{"start":{"line":80,"column":10},"end":{"line":80,"column":null}},"40":{"start":{"line":82,"column":20},"end":{"line":87,"column":10}},"41":{"start":{"line":88,"column":25},"end":{"line":88,"column":41}},"42":{"start":{"line":89,"column":21},"end":{"line":89,"column":42}},"43":{"start":{"line":90,"column":8},"end":{"line":90,"column":null}},"44":{"start":{"line":93,"column":23},"end":{"line":93,"column":null}},"45":{"start":{"line":94,"column":28},"end":{"line":94,"column":null}},"46":{"start":{"line":95,"column":27},"end":{"line":95,"column":null}},"47":{"start":{"line":96,"column":8},"end":{"line":97,"column":null}},"48":{"start":{"line":97,"column":10},"end":{"line":97,"column":null}},"49":{"start":{"line":99,"column":25},"end":{"line":112,"column":10}},"50":{"start":{"line":113,"column":21},"end":{"line":113,"column":42}},"51":{"start":{"line":114,"column":8},"end":{"line":114,"column":null}},"52":{"start":{"line":117,"column":8},"end":{"line":117,"column":null}},"53":{"start":{"line":120,"column":4},"end":{"line":120,"column":null}},"54":{"start":{"line":121,"column":4},"end":{"line":121,"column":null}}},"fnMap":{"0":{"name":"(anonymous_0)","decl":{"start":{"line":12,"column":6},"end":{"line":12,"column":18}},"loc":{"start":{"line":12,"column":88},"end":{"line":19,"column":null}},"line":12},"1":{"name":"(anonymous_1)","decl":{"start":{"line":14,"column":25},"end":{"line":14,"column":34}},"loc":{"start":{"line":14,"column":51},"end":{"line":18,"column":null}},"line":14},"2":{"name":"POST","decl":{"start":{"line":22,"column":22},"end":{"line":22,"column":27}},"loc":{"start":{"line":22,"column":49},"end":{"line":121,"column":null}},"line":22}},"branchMap":{"0":{"loc":{"start":{"line":4,"column":2},"end":{"line":6,"column":null}},"type":"binary-expr","locations":[{"start":{"line":4,"column":2},"end":{"line":4,"column":null}},{"start":{"line":5,"column":2},"end":{"line":5,"column":null}},{"start":{"line":6,"column":2},"end":{"line":6,"column":null}}],"line":4},"1":{"loc":{"start":{"line":15,"column":4},"end":{"line":16,"column":null}},"type":"if","locations":[{"start":{"line":15,"column":4},"end":{"line":16,"column":null}},{"start":{},"end":{}}],"line":15},"2":{"loc":{"start":{"line":15,"column":8},"end":{"line":15,"column":47}},"type":"binary-expr","locations":[{"start":{"line":15,"column":8},"end":{"line":15,"column":31}},{"start":{"line":15,"column":31},"end":{"line":15,"column":47}}],"line":15},"3":{"loc":{"start":{"line":23,"column":2},"end":{"line":24,"column":null}},"type":"if","locations":[{"start":{"line":23,"column":2},"end":{"line":24,"column":null}},{"start":{},"end":{}}],"line":23},"4":{"loc":{"start":{"line":35,"column":2},"end":{"line":36,"column":null}},"type":"if","locations":[{"start":{"line":35,"column":2},"end":{"line":36,"column":null}},{"start":{},"end":{}}],"line":35},"5":{"loc":{"start":{"line":35,"column":6},"end":{"line":35,"column":26}},"type":"binary-expr","locations":[{"start":{"line":35,"column":6},"end":{"line":35,"column":17}},{"start":{"line":35,"column":17},"end":{"line":35,"column":26}}],"line":35},"6":{"loc":{"start":{"line":40,"column":4},"end":{"line":117,"column":null}},"type":"switch","locations":[{"start":{"line":41,"column":6},"end":{"line":54,"column":null}},{"start":{"line":56,"column":6},"end":{"line":73,"column":null}},{"start":{"line":75,"column":6},"end":{"line":90,"column":null}},{"start":{"line":92,"column":6},"end":{"line":114,"column":null}},{"start":{"line":116,"column":6},"end":{"line":117,"column":null}}],"line":40},"7":{"loc":{"start":{"line":44,"column":8},"end":{"line":45,"column":null}},"type":"if","locations":[{"start":{"line":44,"column":8},"end":{"line":45,"column":null}},{"start":{},"end":{}}],"line":44},"8":{"loc":{"start":{"line":44,"column":12},"end":{"line":44,"column":33}},"type":"binary-expr","locations":[{"start":{"line":44,"column":12},"end":{"line":44,"column":24}},{"start":{"line":44,"column":24},"end":{"line":44,"column":33}}],"line":44},"9":{"loc":{"start":{"line":61,"
[...]
:33,"column":2},"end":{"line":33,"column":18}},"loc":{"start":{"line":33,"column":18},"end":{"line":37,"column":6}},"line":33},"2":{"name":"(anonymous_2)","decl":{"start":{"line":41,"column":8},"end":{"line":41,"column":34}},"loc":{"start":{"line":41,"column":61},"end":{"line":59,"column":null}},"line":41},"3":{"name":"(anonymous_3)","decl":{"start":{"line":62,"column":23},"end":{"line":62,"column":30}},"loc":{"start":{"line":62,"column":71},"end":{"line":115,"column":null}},"line":62},"4":{"name":"(anonymous_4)","decl":{"start":{"line":83,"column":9},"end":{"line":83,"column":14}},"loc":{"start":{"line":83,"column":23},"end":{"line":83,"column":47}},"line":83},"5":{"name":"(anonymous_5)","decl":{"start":{"line":127,"column":30},"end":{"line":127,"column":46}},"loc":{"start":{"line":127,"column":52},"end":{"line":127,"column":88}},"line":127},"6":{"name":"(anonymous_6)","decl":{"start":{"line":154,"column":14},"end":{"line":154,"column":26}},"loc":{"start":{"line":154,"column":43},"end":{"line":154,"column":null}},"line":154}},"branchMap":{"0":{"loc":{"start":{"line":31,"column":19},"end":{"line":31,"column":null}},"type":"binary-expr","locations":[{"start":{"line":31,"column":19},"end":{"line":31,"column":42}},{"start":{"line":31,"column":46},"end":{"line":31,"column":null}}],"line":31},"1":{"loc":{"start":{"line":34,"column":4},"end":{"line":35,"column":null}},"type":"if","locations":[{"start":{"line":34,"column":4},"end":{"line":35,"column":null}},{"start":{},"end":{}}],"line":34},"2":{"loc":{"start":{"line":34,"column":8},"end":{"line":34,"column":54}},"type":"binary-expr","locations":[{"start":{"line":34,"column":8},"end":{"line":34,"column":39}},{"start":{"line":34,"column":39},"end":{"line":34,"column":54}}],"line":34},"3":{"loc":{"start":{"line":39,"column":30},"end":{"line":39,"column":null}},"type":"cond-expr","locations":[{"start":{"line":39,"column":39},"end":{"line":39,"column":57}},{"start":{"line":39,"column":57},"end":{"line":39,"column":null}}],"line":39},"4":{"loc":{"start":{"line":43,"column":13},"end":{"line":43,"column":null}},"type":"binary-expr","locations":[{"start":{"line":43,"column":13},"end":{"line":43,"column":29}},{"start":{"line":43,"column":29},"end":{"line":43,"column":null}}],"line":43},"5":{"loc":{"start":{"line":44,"column":19},"end":{"line":44,"column":null}},"type":"binary-expr","locations":[{"start":{"line":44,"column":19},"end":{"line":44,"column":41}},{"start":{"line":44,"column":41},"end":{"line":44,"column":null}}],"line":44},"6":{"loc":{"start":{"line":45,"column":17},"end":{"line":45,"column":null}},"type":"binary-expr","locations":[{"start":{"line":45,"column":17},"end":{"line":45,"column":37}},{"start":{"line":45,"column":37},"end":{"line":45,"column":null}}],"line":45},"7":{"loc":{"start":{"line":47,"column":17},"end":{"line":47,"column":null}},"type":"binary-expr","locations":[{"start":{"line":47,"column":17},"end":{"line":47,"column":37}},{"start":{"line":47,"column":37},"end":{"line":47,"column":null}}],"line":47},"8":{"loc":{"start":{"line":48,"column":17},"end":{"line":48,"column":null}},"type":"binary-expr","locations":[{"start":{"line":48,"column":17},"end":{"line":48,"column":37}},{"start":{"line":48,"column":37},"end":{"line":48,"column":null}}],"line":48},"9":{"loc":{"start":{"line":49,"column":16},"end":{"line":49,"column":null}},"type":"binary-expr","locations":[{"start":{"line":49,"column":16},"end":{"line":49,"column":35}},{"start":{"line":49,"column":35},"end":{"line":49,"column":null}}],"line":49},"10":{"loc":{"start":{"line":50,"column":18},"end":{"line":50,"column":null}},"type":"binary-expr","locations":[{"start":{"line":50,"column":18},"end":{"line":50,"column":39}},{"start":{"line":50,"column":39},"end":{"line":50,"column":null}}],"line":50},"11":{"loc":{"start":{"line":51,"column":15},"end":{"line":51,"column":null}},"type":"binary-expr","locations":[{"start":{"line":51,"column":15},"end":{"line":51,"column":33}},{"start":{"line":51,"column":33},"end":{"line":51,"column":null}}],"line":51},"12":{"loc":{"start":{"line":52,"column":12},"end":{"line":52,"column":29}},"type":"binary-expr","locations":[{"start":{"line":52,"column":12},"end":{"line":52,"column":27}},{"start":{"line":52,"column":27},"end":{"line":52,"column":29}}],"line":52},"13":{"loc":{"start":{"line":53,"column":20},"end":{"line":53,"column":52}},"type":"binary-expr","locations":[{"start":{"line":53,"column":20},"end":{"line":53,"column":50}},{"start":{"line":53,"column":50},"end":{"line":53,"column":52}}],"line":53},"14":{"loc":{"start":{"line":54,"column":21},"end":{"line":54,"column":54}},"type":"binary-expr","locations":[{"start":{"line":54,"column":21},"end":{"line":54,"column":52}},{"start":{"line":54,"column":52},"end":{"line":54,"column":54}}],"line":54},"15":{"loc":{"start":{"line":55,"column":17},"end":{"line":55,"column":null}},"type":"binary-expr","locations":[{"start":{"line":55,"column":17},"end":{"line":55,"column":37}},{"start":{"line":55,"column":37},"end":{"line":55,"column":null}}],"line":55},"16":{"loc":{"start":{"line":63,"column":4},"end":{"line":65,"column":null}},"type":"if","locations":[{"start":{"line":63,"column":4},"end":{"line":65,"column":null}},{"start":{},"end":{}}],"line":63},"17":{"loc":{"start":{"line":71,"column":23},"end":{"line":71,"column":null}},"type":"binary-expr","locations":[{"start":{"line":71,"column":23},"end":{"line":71,"column":51}},{"start":{"line":71,"column":51},"end":{"line":71,"column":null}}],"line":71},"18":{"loc":{"start":{"line":74,"column":6},"end":{"line":78,"column":null}},"type":"if","locations":[{"start":{"line":74,"column":6},"end":{"line":78,"column":null}},{"start":{},"end":{}}],"line":74},"19":{"loc":{"start":{"line":94,"column":14},"end":{"line":94,"column":39}},"type":"binary-expr","locations":[{"start":{"line":94,"column":14},"end":{"line":94,"column":37}},{"start":{"line":94,"column":37},"end":{"line":94,"column":39}}],"line":94},"20":{"loc":{"start":{"line":102,"column":6},"end":{"line":102,"column":null}},"type":"if","locations":[{"start":{"line":102,"column":6},"end":{"line":102,"column":null}},{"start":{},"end":{}}],"line":102},"21":{"loc":{"start":{"line":111,"column":21},"end":{"line":111,"column":null}},"type":"binary-expr","locations":[{"start":{"line":111,"column":21},"end":{"line":111,"column":38}},{"start":{"line":111,"column":38},"end":{"line":111,"column":null}}],"line":111},"22":{"loc":{"start":{"line":142,"column":32},"end":{"line":142,"column":null}},"type":"cond-expr","locations":[{"start":{"line":142,"column":62},"end":{"line":142,"column":76}},{"start":{"line":142,"column":76},"end":{"line":142,"column":null}}],"line":142},"23":{"loc":{"start":{"line":143,"column":35},"end":{"line":143,"column":null}},"type":"cond-expr","locations":[{"start":{"line":143,"column":84},"end":{"line":143,"column":99}},{"start":{"line":143,"column":102},"end":{"line":143,"column":null}}],"line":143},"24":{"loc":{"start":{"line":143,"column":35},"end":{"line":143,"column":81}},"type":"binary-expr","locations":[{"start":{"line":143,"column":35},"end":{"line":143,"column":66}},{"start":{"line":143,"column":66},"end":{"line":143,"column":81}}],"line":143}},"s":{"0":1,"1":9,"2":9,"3":9,"4":9,"5":9,"6":9,"7":9,"8":9,"9":9,"10":9,"11":9,"12":9,"13":4,"14":1,"15":9,"16":9,"17":1,"18":1,"19":1,"20":9,"21":2,"22":1,"23":1,"24":1,"25":1,"26":1,"27":2,"28":1,"29":1,"30":0,"31":1,"32":2,"33":1,"34":1,"35":1,"36":1,"37":1,"38":0,"39":0,"40":1,"41":9,"42":1,"43":0},"f":{"0":9,"1":4,"2":1,"3":2,"4":2,"5":1,"6":0},"b":{"0":[9,7],"1":[1,3],"2":[4,1],"3":[0,9],"4":[1,0],"5":[1,0],"6":[1,1],"7":[1,1],"8":[1,1],"9":[1,1],"10":[1,1],"11":[1,1],"12":[1,1],"13":[1,0],"14":[1,0],"15":[1,1],"16":[1,1],"17":[1,1],"18":[1,1],"19":[1,0],"20":[0,1],"21":[0,0],"22":[2,7],"23":[2,7],"24":[9,2]},"meta":{"lastBranch":25,"lastFunction":7,"lastStatement":44,"seen":{"s:1:0:1:Infinity":0,"f:18:24:18:43":0,"s:19:8:19:28":1,"s:20:10:20:28":2,"s:21:10:21:30":3,"s:22:10:22:30":4,"s:23:17:23:Infinity":5,"s:25:8:25:40":6,"s:26:18:26:71":7,"s:27:18:27:47":8,"s:28:19:28:77":9,"s:30:22:30:48":10,"s:31:19:31:Infinity":11,"b:31:19:31:42:31:46:31:Infinity":0,"s:33:2:37:Infinity":12,"f:33:2:33:18":1,"b:34:4:35:Infinity:undefined:undefined:undefined:undefined":1,"s:34:4:35:Infinity":13,"b:34:8:34:39:34:39:34:54":2,"s:35:6:35:Infinity":14,"s:39:30:39:Infinity":15,"b:39:39:39:57:39:57:39:Infinity":3,"s:41:8:59:Infinity":16,"f:41:8:41:34":2,"s:42:39:56:Infinity":17,"b:43:13:43:29:43:29:43:Infinity":4,"b:44:19:44:41:44:41:44:Infinity":5,"b:45:17:45:37:45:37:45:Infinity":6,"b:47:17:47:37:47:37:47:Infinity":7,"b:48:17:48:37:48:37:48:Infinity":8,"b:49:16:49:35:49:35:49:Infinity":9,"b:50:18:50:39:50:39:50:Infinity":10,"b:51:15:51:33:51:33:51:Infinity":11,"b:52:12:52:27:52:27:52:29":12,"b:53:20:53:50:53:50:53:52":13,"b:54:21:54:52:54:52:54:54":14,"b:55:17:55:37:55:37:55:Infinity":15,"s:58:4:58:Infinity":18,"s:59:4:59:Infinity":19,"s:62:23:115:Infinity":20,"f:62:23:62:30":3,"b:63:4:65:Infinity:undefined:undefined:undefined:undefined":16,"s:63:4:65:Infinity":21,"s:64:6:64:Infinity":22,"s:65:6:65:Infinity":23,"s:68:4:68:Infinity":24,"s:70:4:115:Infinity":25,"s:71:23:71:Infinity":26,"b:71:23:71:51:71:51:71:Infinity":17,"b:74:6:78:Infinity:undefined:undefined:undefined:undefined":18,"s:74:6:78:Infinity":27,"s:75:8:78:Infinity":28,"s:76:10:76:Infinity":29,"s:78:10:78:Infinity":30,"s:82:31:84:24":31,"f:83:9:83:14":4,"s:83:23:83:47":32,"s:86:24:100:8":33,"b:94:14:94:37:94:37:94:39":19,"b:102:6:102:Infinity:undefined:undefined:undefined:undefined":20,"s:102:6:102:Infinity":34,"s:102:22:102:Infinity":35,"s:104:6:104:Infinity":36,"s:105:6:105:Infinity":37,"s:108:6:108:Infinity":38,"s:109:6:113:Infinity":39,"b:111:21:111:38:111:38:111:Infinity":21,"s:115:6:115:Infinity":40,"s:119:2:159:Infinity":41,"f:127:30:127:46":5,"s:127:52:127:88":42,"b:142:62:142:76:142:76:142:Infinity":22,"b:143:84:143:99:143:102:143:Infinity":23,"b:143:35:143:66:143:66:143:81":24,"f:154:14:154:26":6,"s:154:43:154:Infinity":43}}}
,"C:\\Users\\afu75\\Documents\\GitHub\\SecretSauce\\app\\welcome\\page.tsx": {"path":"C:\\Users\\afu75\\Documents\\GitHub\\SecretSauce\\app\\welcome\\page.tsx","statementMap":{"0":{"start":{"line":1,"column":0},"end":{"line":1,"column":null}},"1":{"start":{"line":14,"column":2},"end":{"line":17,"column":null}},"2":{"start":{"line":22,"column":19},"end":{"line":22,"column":40}},"3":{"start":{"line":23,"column":25},"end":{"line":23,"column":55}},"4":{"start":{"line":24,"column":10},"end":{"line":24,"column":30}},"5":{"start":{"line":25,"column":8},"end":{"line":25,"column":28}},"6":{"start":{"line":26,"column":21},"end":{"line":26,"column":53}},"7":{"start":{"line":28,"column":17},"end":{"line":28,"column":null}},"8":{"start":{"line":30,"column":8},"end":{"line":37,"column":null}},"9":{"start":{"line":31,"column":4},"end":{"line":33,"column":null}},"10":{"start":{"line":32,"column":6},"end":{"line":32,"column":null}},"11":{"start":{"line":33,"column":6},"end":{"line":33,"column":null}},"12":{"start":{"line":36,"column":4},"end":{"line":36,"column":null}},"13":{"start":{"line":37,"column":4},"end":{"line":37,"column":null}},"14":{"start":{"line":40,"column":8},"end":{"line":43,"column":null}},"15":{"start":{"line":42,"column":4},"end":{"line":42,"column":null}},"16":{"start":{"line":43,"column":4},"end":{"line":43,"column":null}},"17":{"start":{"line":46,"column":2},"end":{"line":55,"column":null}},"18":{"start":{"line":47,"column":4},"end":{"line":55,"column":null}},"19":{"start":{"line":59,"column":2},"end":{"line":159,"column":null}}},"fnMap":{"0":{"name":"WelcomePage","decl":{"start":{"line":13,"column":24},"end":{"line":13,"column":38}},"loc":{"start":{"line":13,"column":38},"end":{"line":17,"column":null}},"line":13},"1":{"name":"WelcomePageContent","decl":{"start":{"line":21,"column":9},"end":{"line":21,"column":30}},"loc":{"start":{"line":21,"column":30},"end":{"line":159,"column":null}},"line":21},"2":{"name":"(anonymous_2)","decl":{"start":{"line":30,"column":8},"end":{"line":30,"column":36}},"loc":{"start":{"line":30,"column":36},"end":{"line":37,"column":null}},"line":30},"3":{"name":"(anonymous_3)","decl":{"start":{"line":40,"column":8},"end":{"line":40,"column":35}},"loc":{"start":{"line":40,"column":35},"end":{"line":43,"column":null}},"line":40}},"branchMap":{"0":{"loc":{"start":{"line":31,"column":4},"end":{"line":33,"column":null}},"type":"if","locations":[{"start":{"line":31,"column":4},"end":{"line":33,"column":null}},{"start":{},"end":{}}],"line":31},"1":{"loc":{"start":{"line":46,"column":2},"end":{"line":55,"column":null}},"type":"if","locations":[{"start":{"line":46,"column":2},"end":{"line":55,"column":null}},{"start":{},"end":{}}],"line":46},"2":{"loc":{"start":{"line":49,"column":68},"end":{"line":49,"column":null}},"type":"cond-expr","locations":[{"start":{"line":49,"column":77},"end":{"line":49,"column":94}},{"start":{"line":49,"column":94},"end":{"line":49,"column":null}}],"line":49},"3":{"loc":{"start":{"line":51,"column":39},"end":{"line":51,"column":null}},"type":"cond-expr","locations":[{"start":{"line":51,"column":48},"end":{"line":51,"column":67}},{"start":{"line":51,"column":67},"end":{"line":51,"column":null}}],"line":51},"4":{"loc":{"start":{"line":62,"column":8},"end":{"line":62,"column":null}},"type":"cond-expr","locations":[{"start":{"line":62,"column":17},"end":{"line":62,"column":49}},{"start":{"line":62,"column":49},"end":{"line":62,"column":null}}],"line":62},"5":{"loc":{"start":{"line":69,"column":29},"end":{"line":71,"column":null}},"type":"cond-expr","locations":[{"start":{"line":70,"column":16},"end":{"line":70,"column":null}},{"start":{"line":71,"column":16},"end":{"line":71,"column":null}}],"line":69},"6":{"loc":{"start":{"line":79,"column":10},"end":{"line":79,"column":null}},"type":"cond-expr","locations":[{"start":{"line":79,"column":19},"end":{"line":79,"column":56}},{"start":{"line":79,"column":56},"end":{"line":79,"column":null}}],"line":79},"7":{"loc":{"start":{"line":84,"column":40},"end":{"line":84,"column":null}},"type":"cond-expr","locations":[{"start":{"line":84,"column":49},"end":{"line":84,"column":68}},{"start":{"line":84,"column":68},"end":{"line":84,"column":null}}],"line":84},"8":{"loc":{"start":{"line":93,"column":16},"end":{"line":93,"column":null}},"type":"cond-expr","locations":[{"start":{"line":93,"column":25},"end":{"line":93,"column":44}},{"start":{"line":93,"column":44},"end":{"line":93,"column":null}}],"line":93},"9":{"loc":{"start":{"line":98,"column":48},"end":{"line":98,"column":98}},"type":"cond-expr","locations":[{"start":{"line":98,"column":57},"end":{"line":98,"column":79}},{"start":{"line":98,"column":79},"end":{"line":98,"column":98}}],"line":98},"10":{"loc":{"start":{"line":105,"column":14},"end":{"line":105,"column":null}},"type":"cond-expr","locations":[{"start":{"line":105,"column":23},"end":{"line":105,"column":62}},{"start":{"line":105,"column":62},"end":{"line":105,"column":null}}],"line":105},"11":{"loc":{"start":{"line":108,"column":65},"end":{"line":108,"column":112}},"type":"cond-expr","locations":[{"start":{"line":108,"column":74},"end":{"line":108,"column":93}},{"start":{"line":108,"column":93},"end":{"line":108,"column":112}}],"line":108},"12":{"loc":{"start":{"line":111,"column":42},"end":{"line":111,"column":92}},"type":"cond-expr","locations":[{"start":{"line":111,"column":51},"end":{"line":111,"column":73}},{"start":{"line":111,"column":73},"end":{"line":111,"column":92}}],"line":111},"13":{"loc":{"start":{"line":114,"column":48},"end":{"line":114,"column":null}},"type":"cond-expr","locations":[{"start":{"line":114,"column":57},"end":{"line":114,"column":79}},{"start":{"line":114,"column":79},"end":{"line":114,"column":null}}],"line":114},"14":{"loc":{"start":{"line":116,"column":57},"end":{"line":116,"column":108}},"type":"cond-expr","locations":[{"start":{"line":116,"column":66},"end":{"line":116,"column":85}},{"start":{"line":116,"column":85},"end":{"line":116,"column":108}}],"line":116},"15":{"loc":{"start":{"line":120,"column":57},"end":{"line":120,"column":108}},"type":"cond-expr","locations":[{"start":{"line":120,"column":66},"end":{"line":120,"column":85}},{"start":{"line":120,"column":85},"end":{"line":120,"column":108}}],"line":120},"16":{"loc":{"start":{"line":124,"column":57},"end":{"line":124,"column":108}},"type":"cond-expr","locations":[{"start":{"line":124,"column":66},"end":{"line":124,"column":85}},{"start":{"line":124,"column":85},"end":{"line":124,"column":108}}],"line":124},"17":{"loc":{"start":{"line":128,"column":42},"end":{"line":128,"column":92}},"type":"cond-expr","locations":[{"start":{"line":128,"column":51},"end":{"line":128,"column":73}},{"start":{"line":128,"column":73},"end":{"line":128,"column":92}}],"line":128},"18":{"loc":{"start":{"line":136,"column":24},"end":{"line":136,"column":null}},"type":"binary-expr","locations":[{"start":{"line":136,"column":24},"end":{"line":136,"column":38}},{"start":{"line":136,"column":38},"end":{"line":136,"column":null}}],"line":136},"19":{"loc":{"start":{"line":138,"column":16},"end":{"line":138,"column":null}},"type":"cond-expr","locations":[{"start":{"line":138,"column":25},"end":{"line":138,"column":76}},{"start":{"line":138,"column":76},"end":{"line":138,"column":null}}],"line":138},"20":{"loc":{"start":{"line":141,"column":15},"end":{"line":141,"column":null}},"type":"cond-expr","locations":[{"start":{"line":141,"column":28},"end":{"line":141,"column":49}},{"start":{"line":141,"column":49},"end":{"line":141,"column":null}}],"line":141},"21":{"loc":{"start":{"line":148,"column":16},"end":{"line":148,"column":null}},"type":"cond-expr","locations":[{"start":{"line":148,"column":25},"end":{"line":148,"column":90}},{"start":{"line":148,"column":90},"end":{"line":148,"column":null}}],"line":148},"22":{"loc":{"start":{"line":155,"column":47},"end":{"line":155,"column":97}},"type":"cond-expr","locations":[{"start":{"line":155,"column":56},"end":{"line":155,"column":78}},{"start":{"line":155,"column":78},"end":{"line":155,"column":97}}],"line":155}},"s":{"0":1,"1":4,"2":5,"3":5,"4":5,"5":5,"6":5,"7":5,"8":5,"9":1,"10":0,"11":0,"12":1,"13":1,"14":5,"15":1,"16":1,"17":5,"18":1,"19":4},"f":{"0":4,"1":5,"2":1,"3":1},"b":{"0":[0,1],"1":[1,4],"2":[1,0],"3":[1,0],"4":[4,0],"5":[4,0],"6":[4,0],"7":[4,0],"8":[4,0],"9":[4,0],"10":[4,0],"11":[4,0],"12":[4,0],"13":[4,0],"14":[4,0],"15":[4,0],"16":[4,0],"17":[4,0],"18":[5,3],"19":[4,0],"20":[1,3],"21":[4,0],"22":[4,0]},"meta":{"lastBranch":23,"lastFunction":4,"lastStatement":20,"seen":{"s:1:0:1:Infinity":0,"f:13:24:13:38":0,"s:14:2:17:Infinity":1,"f:21:9:21:30":1,"s:22:19:22:40":2,"s:23:25:23:55":3,"s:24:10:24:30":4,"s:25:8:25:28":5,"s:26:21:26:53":6,"s:28:17:28:Infinity":7,"s:30:8:37:Infinity":8,"f:30:8:30:36":2,"b:31:4:33:Infinity:undefined:undefined:undefined:undefined":0,"s:31:4:33:Infinity":9,"s:32:6:32:Infinity":10,"s:33:6:33:Infinity":11,"s:36:4:36:Infinity":12,"s:37:4:37:Infinity":13,"s:40:8:43:Infinity":14,"f:40:8:40:35":3,"s:42:4:42:Infinity":15,"s:43:4:43:Infinity":16,"b:46:2:55:Infinity:undefined:undefined:undefined:undefined":1,"s:46:2:55:Infinity":17,"s:47:4:55:Infinity":18,"b:49:77:49:94:49:94:49:Infinity":2,"b:51:48:51:67:51:67:51:Infinity":3,"s:59:2:159:Infinity":19,"b:62:17:62:49:62:49:62:Infinity":4,"b:70:16:70:Infinity:71:16:71:Infinity":5,"b:79:19:79:56:79:56:79:Infinity":6,"b:84:49:84:68:84:68:84:Infinity":7,"b:93:25:93:44:93:44:93:Infinity":8,"b:98:57:98:79:98:79:98:98":9,"b:105:23:105:62:105:62:105:Infinity":10,"b:108:74:108:93:108:93:108:112":11,"b:111:51:111:73:111:73:111:92":12,"b:114:57:114:79:114:79:114:Infinity":13,"b:116:66:116:85:116:85:116:108":14,"b:120:66:120:85:120:85:120:108":15,"b:124:66:124:85:124:85:124:108":16,"b:128:51:128:73:128:73:128:92":17,"b:136:24:136:38:136:38:136:Infinity":18,"b:138:25:138:76:138:76:138:Infinity":19,"b:141:28:141:49:141:49:141:Infinity":20,"b:148:25:148:90:148:90:148:Infinity":21,"b:155:56:155:78:155:78:155:97":22}}}
}
