TN:
SF:app\layout.tsx
FN:35,RootLayout
FNF:1
FNH:0
FNDA:0,RootLayout
DA:21,0
DA:22,0
DA:24,0
DA:40,0
DA:41,0
DA:43,0
LF:6
LH:0
BRDA:48,0,0,0
BRDA:48,0,1,0
BRF:2
BRH:0
end_of_record
TN:
SF:app\loading.tsx
FN:1,Loading
FNF:1
FNH:0
FNDA:0,Loading
DA:2,0
LF:1
LH:0
BRF:0
BRH:0
end_of_record
TN:
SF:app\page.tsx
FN:8,HomePage
FN:12,(anonymous_1)
FNF:2
FNH:2
FNDA:4,HomePage
FNDA:2,(anonymous_1)
DA:1,1
DA:9,4
DA:10,4
DA:12,4
DA:13,2
DA:18,4
DA:19,3
DA:34,1
LF:8
LH:8
BRDA:18,0,0,3
BRDA:18,0,1,1
BRDA:18,1,0,4
BRDA:18,1,1,2
BRF:4
BRH:4
end_of_record
TN:
SF:app\api\auth\admin-status\route.ts
FN:7,getPrimaryEmailAddress
FN:9,(anonymous_1)
FN:16,resolveProfileId
FN:55,GET
FNF:4
FNH:4
FNDA:2,getPrimaryEmailAddress
FNDA:1,(anonymous_1)
FNDA:3,resolveProfileId
FNDA:5,GET
DA:5,1
DA:8,2
DA:9,2
DA:10,1
DA:13,2
DA:17,3
DA:19,3
DA:25,3
DA:26,1
DA:29,2
DA:30,2
DA:31,2
DA:32,2
DA:34,1
DA:40,1
DA:42,1
DA:43,1
DA:52,1
DA:56,5
DA:57,5
DA:58,4
DA:60,5
DA:61,1
DA:64,3
DA:65,3
DA:66,1
DA:69,2
DA:72,2
DA:77,2
DA:78,0
DA:81,2
DA:82,0
DA:85,2
DA:90,1
DA:91,1
LF:35
LH:33
BRDA:13,0,0,1
BRDA:13,0,1,1
BRDA:25,1,0,1
BRDA:25,1,1,2
BRDA:32,2,0,1
BRDA:32,2,1,1
BRDA:40,3,0,0
BRDA:40,3,1,1
BRDA:42,4,0,1
BRDA:42,4,1,0
BRDA:58,5,0,4
BRDA:58,5,1,1
BRDA:60,6,0,1
BRDA:60,6,1,4
BRDA:65,7,0,1
BRDA:65,7,1,2
BRDA:77,8,0,0
BRDA:77,8,1,2
BRDA:81,9,0,0
BRDA:81,9,1,2
BRF:20
BRH:16
end_of_record
TN:
SF:app\api\auth\ensure-profile\route.ts
FN:21,getPrimaryEmailAddress
FN:23,(anonymous_1)
FN:29,getEmailVerified
FN:31,(anonymous_3)
FN:39,getFullName
FN:51,POST
FNF:6
FNH:6
FNDA:5,getPrimaryEmailAddress
FNDA:4,(anonymous_1)
FNDA:4,getEmailVerified
FNDA:4,(anonymous_3)
FNDA:4,getFullName
FNDA:6,POST
DA:6,1
DA:8,1
DA:22,5
DA:23,5
DA:24,4
DA:26,5
DA:30,4
DA:31,4
DA:32,4
DA:34,4
DA:35,4
DA:36,4
DA:40,4
DA:41,4
DA:42,4
DA:45,0
DA:46,4
DA:47,4
DA:48,4
DA:52,6
DA:53,6
DA:54,6
DA:55,6
DA:56,1
DA:59,5
DA:60,5
DA:61,5
DA:62,5
DA:63,1
DA:69,4
DA:70,4
DA:71,4
DA:72,6
DA:73,6
DA:75,6
DA:83,6
DA:84,4
DA:87,4
DA:93,4
DA:94,0
DA:100,0
DA:103,4
DA:109,4
DA:110,2
DA:116,2
DA:119,2
DA:120,2
DA:131,2
DA:139,2
DA:140,0
DA:146,0
DA:147,0
DA:151,2
DA:152,1
DA:156,1
DA:162,1
DA:164,0
DA:165,0
LF:58
LH:50
BRDA:26,0,0,4
BRDA:26,0,1,1
BRDA:35,1,0,0
BRDA:35,1,1,4
BRDA:41,2,0,4
BRDA:41,2,1,0
BRDA:41,3,0,4
BRDA:41,3,1,4
BRDA:45,4,0,0
BRDA:45,4,1,0
BRDA:46,5,0,4
BRDA:46,5,1,0
BRDA:48,6,0,0
BRDA:48,6,1,0
BRDA:54,7,0,6
BRDA:54,7,1,1
BRDA:55,8,0,1
BRDA:55,8,1,5
BRDA:62,9,0,1
BRDA:62,9,1,4
BRDA:71,10,0,4
BRDA:71,10,1,0
BRDA:83,11,0,4
BRDA:83,11,1,2
BRDA:93,12,0,0
BRDA:93,12,1,4
BRDA:100,13,0,0
BRDA:100,13,1,0
BRDA:100,14,0,0
BRDA:100,14,1,0
BRDA:109,15,0,2
BRDA:109,15,1,2
BRDA:116,16,0,2
BRDA:116,16,1,2
BRDA:116,17,0,2
BRDA:116,17,1,0
BRDA:139,18,0,0
BRDA:139,18,1,2
BRDA:146,19,0,0
BRDA:146,19,1,0
BRDA:151,20,0,1
BRDA:151,20,1,1
BRDA:151,21,0,2
BRDA:151,21,1,1
BRF:44
BRH:27
end_of_record
TN:
SF:app\api\auth\update-profile\route.ts
FN:46,PATCH
FNF:1
FNH:1
FNDA:11,PATCH
DA:5,1
DA:9,1
DA:33,1
DA:47,11
DA:48,11
DA:49,11
DA:50,11
DA:51,1
DA:54,10
DA:55,10
DA:56,2
DA:60,8
DA:61,8
DA:62,30
DA:63,12
DA:67,8
DA:68,1
DA:71,7
DA:73,7
DA:80,7
DA:81,2
DA:82,2
DA:88,5
DA:90,0
DA:91,0
LF:25
LH:23
BRDA:49,0,0,11
BRDA:49,0,1,1
BRDA:50,1,0,1
BRDA:50,1,1,10
BRDA:55,2,0,2
BRDA:55,2,1,8
BRDA:55,3,0,10
BRDA:55,3,1,9
BRDA:55,3,2,9
BRDA:62,4,0,12
BRDA:62,4,1,18
BRDA:67,5,0,1
BRDA:67,5,1,7
BRDA:80,6,0,2
BRDA:80,6,1,5
BRDA:80,7,0,7
BRDA:80,7,1,6
BRDA:83,8,0,2
BRDA:83,8,1,1
BRF:19
BRH:19
end_of_record
TN:
SF:app\api\checkout\route.ts
FN:16,getPrimaryEmailAddress
FN:18,(anonymous_1)
FN:24,resolveCheckoutIdentity
FN:81,POST
FNF:4
FNH:4
FNDA:1,getPrimaryEmailAddress
FNDA:1,(anonymous_1)
FNDA:6,resolveCheckoutIdentity
FNDA:9,POST
DA:6,1
DA:17,1
DA:18,1
DA:19,1
DA:21,1
DA:29,6
DA:30,6
DA:31,6
DA:32,6
DA:34,5
DA:40,5
DA:41,4
DA:48,1
DA:49,1
DA:50,1
DA:51,1
DA:53,1
DA:59,1
DA:61,1
DA:62,1
DA:71,1
DA:82,9
DA:83,9
DA:84,9
DA:85,9
DA:87,9
DA:88,1
DA:96,8
DA:97,1
DA:105,7
DA:106,1
DA:115,6
DA:116,6
DA:117,1
DA:122,5
DA:123,5
DA:135,5
DA:136,5
DA:137,5
DA:138,5
DA:139,3
DA:146,5
DA:147,2
DA:148,1
DA:154,4
DA:155,1
DA:156,0
DA:163,4
DA:164,4
DA:166,4
DA:167,1
DA:175,1
DA:177,1
DA:184,4
DA:191,4
DA:196,9
DA:197,9
DA:202,9
DA:204,9
DA:229,9
DA:230,9
DA:231,1
DA:238,4
DA:240,3
DA:242,1
DA:243,1
DA:244,1
LF:67
LH:66
BRDA:21,0,0,1
BRDA:21,0,1,0
BRDA:31,1,0,6
BRDA:31,1,1,1
BRDA:32,2,0,1
BRDA:32,2,1,5
BRDA:40,3,0,4
BRDA:40,3,1,1
BRDA:51,4,0,0
BRDA:51,4,1,1
BRDA:59,5,0,0
BRDA:59,5,1,1
BRDA:61,6,0,1
BRDA:61,6,1,0
BRDA:87,7,0,1
BRDA:87,7,1,8
BRDA:87,8,0,9
BRDA:87,8,1,8
BRDA:87,8,2,8
BRDA:96,9,0,1
BRDA:96,9,1,7
BRDA:105,10,0,1
BRDA:105,10,1,6
BRDA:116,11,0,1
BRDA:116,11,1,5
BRDA:138,12,0,3
BRDA:138,12,1,2
BRDA:146,13,0,2
BRDA:146,13,1,3
BRDA:147,14,0,1
BRDA:147,14,1,1
BRDA:147,15,0,2
BRDA:147,15,1,2
BRDA:147,15,2,1
BRDA:154,16,0,1
BRDA:154,16,1,3
BRDA:155,17,0,0
BRDA:155,17,1,1
BRDA:155,18,0,1
BRDA:155,18,1,1
BRDA:155,18,2,1
BRDA:166,19,0,1
BRDA:166,19,1,3
BRDA:169,20,0,1
BRDA:169,20,1,0
BRDA:171,21,0,1
BRDA:171,21,1,0
BRDA:172,22,0,1
BRDA:172,22,1,0
BRDA:191,23,0,4
BRDA:191,23,1,1
BRDA:191,23,2,1
BRDA:196,24,0,9
BRDA:196,24,1,0
BRDA:202,25,0,2
BRDA:202,25,1,2
BRDA:216,26,0,9
BRDA:216,26,1,0
BRDA:217,27,0,9
BRDA:217,27,1,0
BRDA:221,28,0,9
BRDA:221,28,1,3
BRDA:222,29,0,9
BRDA:222,29,1,3
BRDA:224,30,0,1
BRDA:224,30,1,3
BRDA:224,31,0,9
BRDA:224,31,1,2
BRDA:230,32,0,1
BRDA:230,32,1,8
BRDA:230,33,0,9
BRDA:230,33,1,3
BRDA:242,34,0,1
BRDA:242,34,1,0
BRDA:247,35,0,0
BRDA:247,35,1,1
BRF:76
BRH:63
end_of_record
TN:
SF:app\api\grocery-search\route.ts
FN:4,GET
FNF:1
FNH:1
FNDA:1,GET
DA:5,1
DA:6,1
LF:2
LH:2
BRF:0
BRH:0
end_of_record
TN:
SF:app\api\grocery-search\cache-selection\route.ts
FN:10,POST
FNF:1
FNH:1
FNDA:6,POST
DA:11,6
DA:12,6
DA:13,6
DA:31,6
DA:32,1
DA:37,5
DA:38,1
DA:45,4
DA:48,6
DA:49,1
DA:50,1
DA:56,3
DA:65,3
DA:79,3
DA:80,3
DA:81,2
DA:93,2
DA:94,1
DA:95,1
DA:100,1
DA:103,2
DA:112,2
DA:120,0
DA:121,0
LF:24
LH:22
BRDA:31,0,0,1
BRDA:31,0,1,5
BRDA:31,1,0,6
BRDA:31,1,1,6
BRDA:31,1,2,5
BRDA:31,1,3,2
BRDA:37,2,0,1
BRDA:37,2,1,4
BRDA:37,3,0,5
BRDA:37,3,1,5
BRDA:37,3,2,4
BRDA:37,3,3,4
BRDA:45,4,0,4
BRDA:45,4,1,2
BRDA:46,5,0,2
BRDA:46,5,1,0
BRDA:48,6,0,1
BRDA:48,6,1,5
BRDA:72,7,0,3
BRDA:72,7,1,2
BRDA:72,7,2,2
BRDA:73,8,0,6
BRDA:73,8,1,2
BRDA:73,8,2,2
BRDA:74,9,0,6
BRDA:74,9,1,2
BRDA:75,10,0,6
BRDA:75,10,1,2
BRDA:80,11,0,2
BRDA:80,11,1,1
BRDA:87,12,0,2
BRDA:87,12,1,1
BRDA:88,13,0,2
BRDA:88,13,1,1
BRDA:89,14,0,2
BRDA:89,14,1,2
BRDA:90,15,0,2
BRDA:90,15,1,2
BRDA:93,16,0,1
BRDA:93,16,1,1
BRDA:122,17,0,0
BRDA:122,17,1,0
BRF:42
BRH:39
end_of_record
TN:
SF:app\api\ingredients\standardize\route.ts
FN:22,POST
FN:59,(anonymous_1)
FN:86,(anonymous_2)
FN:104,(anonymous_3)
FNF:4
FNH:4
FNDA:6,POST
FNDA:4,(anonymous_1)
FNDA:1,(anonymous_2)
FNDA:1,(anonymous_3)
DA:23,6
DA:24,6
DA:35,6
DA:40,6
DA:41,1
DA:51,5
DA:52,1
DA:55,4
DA:56,1
DA:59,3
DA:60,4
DA:61,4
DA:63,3
DA:65,4
DA:66,4
DA:68,4
DA:76,4
DA:79,3
DA:80,1
DA:83,2
DA:86,1
DA:91,1
DA:101,1
DA:103,1
DA:104,1
DA:105,1
DA:106,1
DA:107,1
DA:109,1
DA:120,1
DA:121,1
DA:122,1
DA:128,1
DA:133,1
DA:134,1
LF:35
LH:35
BRDA:40,0,0,1
BRDA:40,0,1,5
BRDA:51,1,0,1
BRDA:51,1,1,4
BRDA:51,2,0,5
BRDA:51,2,1,5
BRDA:55,3,0,1
BRDA:55,3,1,3
BRDA:55,4,0,4
BRDA:55,4,1,3
BRDA:61,5,0,1
BRDA:61,5,1,3
BRDA:63,6,0,3
BRDA:63,6,1,2
BRDA:65,7,0,1
BRDA:65,7,1,2
BRDA:65,8,0,4
BRDA:65,8,1,2
BRDA:69,9,0,4
BRDA:69,9,1,2
BRDA:71,10,0,2
BRDA:71,10,1,1
BRDA:71,11,0,4
BRDA:71,11,1,2
BRDA:72,12,0,2
BRDA:72,12,1,1
BRDA:72,13,0,4
BRDA:72,13,1,2
BRDA:79,14,0,1
BRDA:79,14,1,2
BRDA:88,15,0,1
BRDA:88,15,1,0
BRDA:104,16,0,1
BRDA:104,16,1,0
BRDA:107,17,0,0
BRDA:107,17,1,1
BRDA:120,18,0,1
BRDA:120,18,1,0
BRDA:120,19,0,1
BRDA:120,19,1,1
BRF:40
BRH:36
end_of_record
TN:
SF:app\api\location\route.ts
FN:5,POST
FNF:1
FNH:1
FNDA:4,POST
DA:6,4
DA:7,4
DA:8,1
DA:11,3
DA:12,3
DA:13,3
DA:14,1
DA:17,2
DA:18,2
DA:26,2
DA:27,1
DA:30,1
LF:12
LH:12
BRDA:7,0,0,1
BRDA:7,0,1,3
BRDA:13,1,0,1
BRDA:13,1,1,2
BRDA:13,2,0,3
BRDA:13,2,1,3
BRDA:26,3,0,1
BRDA:26,3,1,1
BRF:8
BRH:8
end_of_record
TN:
SF:app\api\maps\route.ts
FN:12,(anonymous_0)
FN:14,(anonymous_1)
FN:22,POST
FNF:3
FNH:3
FNDA:1,(anonymous_0)
FNDA:3,(anonymous_1)
FNDA:4,POST
DA:4,4
DA:12,4
DA:13,1
DA:14,1
DA:15,3
DA:16,2
DA:19,1
DA:23,4
DA:24,1
DA:28,3
DA:29,3
DA:31,1
DA:34,2
DA:35,2
DA:36,0
DA:39,2
DA:40,2
DA:42,1
DA:43,1
DA:44,1
DA:45,0
DA:47,1
DA:52,1
DA:53,1
DA:54,1
DA:57,0
DA:58,0
DA:59,0
DA:60,0
DA:61,0
DA:62,0
DA:64,0
DA:71,0
DA:72,0
DA:73,0
DA:76,0
DA:77,0
DA:78,0
DA:79,0
DA:80,0
DA:82,0
DA:88,0
DA:89,0
DA:90,0
DA:93,1
DA:94,1
DA:95,1
DA:96,1
DA:97,0
DA:99,1
DA:113,1
DA:114,1
DA:117,0
DA:120,0
DA:121,0
LF:55
LH:30
BRDA:4,0,0,4
BRDA:4,0,1,1
BRDA:4,0,2,1
BRDA:15,1,0,2
BRDA:15,1,1,1
BRDA:15,2,0,3
BRDA:15,2,1,2
BRDA:23,3,0,1
BRDA:23,3,1,3
BRDA:35,4,0,0
BRDA:35,4,1,2
BRDA:35,5,0,2
BRDA:35,5,1,2
BRDA:40,6,0,2
BRDA:40,6,1,0
BRDA:40,6,2,0
BRDA:40,6,3,1
BRDA:40,6,4,0
BRDA:44,7,0,0
BRDA:44,7,1,1
BRDA:44,8,0,1
BRDA:44,8,1,0
BRDA:61,9,0,0
BRDA:61,9,1,0
BRDA:61,10,0,0
BRDA:61,10,1,0
BRDA:61,10,2,0
BRDA:79,11,0,0
BRDA:79,11,1,0
BRDA:84,12,0,0
BRDA:84,12,1,0
BRDA:95,13,0,1
BRDA:95,13,1,1
BRDA:96,14,0,0
BRDA:96,14,1,1
BRDA:96,15,0,1
BRDA:96,15,1,1
BRF:37
BRH:21
end_of_record
TN:
SF:app\api\recipe-import\image\route.ts
FN:6,POST
FNF:1
FNH:1
FNDA:4,POST
DA:4,4
DA:7,4
DA:8,4
DA:10,4
DA:11,1
DA:17,3
DA:18,1
DA:25,2
DA:36,2
DA:37,1
DA:38,1
DA:44,1
DA:45,1
DA:48,0
DA:49,0
LF:15
LH:13
BRDA:4,0,0,4
BRDA:4,0,1,1
BRDA:10,1,0,1
BRDA:10,1,1,3
BRDA:10,2,0,4
BRDA:10,2,1,4
BRDA:17,3,0,1
BRDA:17,3,1,2
BRDA:36,4,0,1
BRDA:36,4,1,1
BRDA:52,5,0,0
BRDA:52,5,1,0
BRF:12
BRH:10
end_of_record
TN:
SF:app\api\recipe-import\instagram\route.ts
FN:12,normalizeAndValidateUrl
FN:22,(anonymous_1)
FN:45,POST
FN:76,(anonymous_3)
FNF:4
FNH:3
FNDA:5,normalizeAndValidateUrl
FNDA:2,(anonymous_1)
FNDA:6,POST
FNDA:0,(anonymous_3)
DA:4,6
DA:8,6
DA:10,6
DA:13,5
DA:14,0
DA:16,5
DA:17,5
DA:18,5
DA:19,0
DA:21,5
DA:22,5
DA:23,2
DA:24,2
DA:25,2
DA:26,2
DA:27,2
DA:28,2
DA:30,5
DA:31,0
DA:33,5
DA:34,5
DA:35,1
DA:40,4
DA:41,4
DA:42,4
DA:46,6
DA:48,6
DA:49,6
DA:51,1
DA:57,5
DA:58,6
DA:59,6
DA:60,1
DA:65,4
DA:67,4
DA:68,1
DA:74,3
DA:75,3
DA:76,3
DA:79,3
DA:80,3
DA:87,1
DA:89,1
DA:95,1
DA:97,1
DA:107,2
DA:109,2
DA:110,6
DA:111,6
DA:115,2
DA:116,2
DA:117,6
DA:119,0
DA:130,2
DA:132,0
DA:140,0
DA:144,0
DA:150,2
DA:151,1
DA:154,1
DA:156,0
DA:157,0
LF:62
LH:53
BRDA:4,0,0,6
BRDA:4,0,1,1
BRDA:13,1,0,0
BRDA:13,1,1,5
BRDA:13,2,0,5
BRDA:13,2,1,5
BRDA:16,3,0,5
BRDA:16,3,1,0
BRDA:18,4,0,0
BRDA:18,4,1,5
BRDA:28,5,0,0
BRDA:28,5,1,2
BRDA:30,6,0,0
BRDA:30,6,1,5
BRDA:34,7,0,1
BRDA:34,7,1,4
BRDA:57,8,0,5
BRDA:57,8,1,0
BRDA:57,9,0,5
BRDA:57,9,1,5
BRDA:57,9,2,5
BRDA:59,10,0,1
BRDA:59,10,1,5
BRDA:67,11,0,1
BRDA:67,11,1,3
BRDA:89,12,0,1
BRDA:89,12,1,0
BRDA:90,13,0,0
BRDA:90,13,1,1
BRDA:95,14,0,1
BRDA:95,14,1,0
BRDA:95,14,2,0
BRDA:95,14,3,0
BRDA:100,15,0,1
BRDA:100,15,1,0
BRDA:109,16,0,2
BRDA:109,16,1,0
BRDA:116,17,0,2
BRDA:116,17,1,0
BRDA:116,18,0,2
BRDA:116,18,1,2
BRDA:116,19,0,0
BRDA:116,19,1,0
BRDA:122,20,0,0
BRDA:122,20,1,0
BRDA:124,21,0,0
BRDA:124,21,1,0
BRDA:126,22,0,0
BRDA:126,22,1,0
BRDA:130,23,0,0
BRDA:130,23,1,2
BRDA:132,24,0,0
BRDA:132,24,1,0
BRDA:132,25,0,0
BRDA:132,25,1,0
BRDA:132,25,2,0
BRDA:132,25,3,0
BRDA:140,26,0,0
BRDA:140,26,1,0
BRDA:140,26,2,0
BRDA:140,26,3,0
BRDA:146,27,0,0
BRDA:146,27,1,0
BRDA:150,28,0,1
BRDA:150,28,1,1
BRDA:150,29,0,2
BRDA:150,29,1,1
BRDA:161,30,0,0
BRDA:161,30,1,0
BRF:69
BRH:32
end_of_record
TN:
SF:app\api\recipe-import\paragraph\route.ts
FN:7,POST
FN:18,(anonymous_1)
FNF:2
FNH:1
FNDA:7,POST
FNDA:0,(anonymous_1)
DA:8,7
DA:9,7
DA:10,1
DA:13,6
DA:14,6
DA:15,1
DA:18,5
DA:19,5
DA:20,1
DA:23,4
DA:24,1
DA:27,3
DA:29,3
DA:35,2
DA:39,7
DA:46,1
DA:47,1
LF:17
LH:17
BRDA:9,0,0,1
BRDA:9,0,1,6
BRDA:14,1,0,1
BRDA:14,1,1,5
BRDA:19,2,0,1
BRDA:19,2,1,4
BRDA:19,3,0,5
BRDA:19,3,1,5
BRDA:19,3,2,5
BRDA:23,4,0,1
BRDA:23,4,1,3
BRDA:35,5,0,1
BRDA:35,5,1,1
BRDA:35,6,0,2
BRDA:35,6,1,1
BRDA:43,7,0,1
BRDA:43,7,1,1
BRF:17
BRH:17
end_of_record
TN:
SF:app\api\recipe-import\url\route.ts
FN:6,POST
FNF:1
FNH:1
FNDA:5,POST
DA:4,5
DA:7,5
DA:8,5
DA:10,5
DA:11,1
DA:18,4
DA:19,4
DA:21,1
DA:27,3
DA:28,1
DA:35,2
DA:43,2
DA:44,1
DA:45,1
DA:51,1
DA:52,1
DA:55,0
DA:56,0
LF:18
LH:16
BRDA:4,0,0,5
BRDA:4,0,1,1
BRDA:10,1,0,1
BRDA:10,1,1,4
BRDA:27,2,0,1
BRDA:27,2,1,2
BRDA:43,3,0,1
BRDA:43,3,1,1
BRDA:59,4,0,0
BRDA:59,4,1,0
BRF:10
BRH:8
end_of_record
TN:
SF:app\api\shopping\comparison\route.ts
FN:26,resolveStoreKey
FN:33,(anonymous_1)
FN:42,getStoreDisplayName
FN:46,POST
FN:60,(anonymous_4)
FN:66,(anonymous_5)
FN:72,(anonymous_6)
FN:95,(anonymous_7)
FN:108,(anonymous_8)
FN:114,(anonymous_9)
FN:167,(anonymous_10)
FN:168,(anonymous_11)
FNF:12
FNH:11
FNDA:3,resolveStoreKey
FNDA:0,(anonymous_1)
FNDA:3,getStoreDisplayName
FNDA:4,POST
FNDA:4,(anonymous_4)
FNDA:4,(anonymous_5)
FNDA:3,(anonymous_6)
FNDA:3,(anonymous_7)
FNDA:3,(anonymous_8)
FNDA:3,(anonymous_9)
FNDA:3,(anonymous_10)
FNDA:3,(anonymous_11)
DA:13,1
DA:27,3
DA:28,3
DA:31,0
DA:32,0
DA:33,0
DA:34,0
DA:36,0
DA:39,0
DA:43,3
DA:47,4
DA:48,4
DA:53,4
DA:55,4
DA:59,4
DA:60,4
DA:66,4
DA:68,4
DA:69,1
DA:72,3
DA:74,3
DA:79,3
DA:80,1
DA:83,3
DA:85,3
DA:86,1
DA:87,1
DA:93,2
DA:94,2
DA:95,2
DA:96,3
DA:97,3
DA:99,3
DA:100,3
DA:101,3
DA:102,3
DA:106,4
DA:108,4
DA:109,3
DA:110,3
DA:111,3
DA:112,3
DA:114,3
DA:115,3
DA:116,3
DA:117,3
DA:118,3
DA:119,3
DA:120,3
DA:122,3
DA:145,0
DA:149,3
DA:150,0
DA:153,3
DA:166,4
DA:167,3
DA:168,2
DA:169,3
DA:173,2
DA:175,0
DA:176,0
LF:61
LH:51
BRDA:27,0,0,3
BRDA:27,0,1,0
BRDA:31,1,0,0
BRDA:31,1,1,0
BRDA:34,2,0,0
BRDA:34,2,1,0
BRDA:36,3,0,0
BRDA:36,3,1,0
BRDA:43,4,0,3
BRDA:43,4,1,0
BRDA:43,4,2,0
BRDA:43,4,3,0
BRDA:53,5,0,4
BRDA:53,5,1,0
BRDA:55,6,0,1
BRDA:55,6,1,3
BRDA:55,7,0,4
BRDA:55,7,1,1
BRDA:62,8,0,4
BRDA:62,8,1,1
BRDA:63,9,0,4
BRDA:63,9,1,3
BRDA:64,10,0,4
BRDA:64,10,1,3
BRDA:66,11,0,4
BRDA:66,11,1,3
BRDA:68,12,0,1
BRDA:68,12,1,3
BRDA:79,13,0,1
BRDA:79,13,1,2
BRDA:85,14,0,1
BRDA:85,14,1,2
BRDA:95,15,0,2
BRDA:95,15,1,0
BRDA:97,16,0,0
BRDA:97,16,1,3
BRDA:100,17,0,3
BRDA:100,17,1,0
BRDA:117,18,0,3
BRDA:117,18,1,0
BRDA:117,19,0,3
BRDA:117,19,1,3
BRDA:119,20,0,3
BRDA:119,20,1,0
BRDA:123,21,0,3
BRDA:123,21,1,0
BRDA:126,22,0,3
BRDA:126,22,1,0
BRDA:127,23,0,3
BRDA:127,23,1,0
BRDA:129,24,0,2
BRDA:129,24,1,1
BRDA:132,25,0,3
BRDA:132,25,1,0
BRDA:133,26,0,3
BRDA:133,26,1,2
BRDA:136,27,0,3
BRDA:136,27,1,0
BRDA:138,28,0,3
BRDA:138,28,1,0
BRDA:149,29,0,0
BRDA:149,29,1,3
BRDA:166,30,0,2
BRDA:166,30,1,2
BRF:64
BRH:41
end_of_record
TN:
SF:app\api\stripe\checkout\route.ts
FN:7,POST
FN:12,GET
FNF:2
FNH:2
FNDA:1,POST
FNDA:1,GET
DA:4,1
DA:8,1
DA:13,1
DA:14,1
DA:15,1
LF:5
LH:5
BRF:0
BRH:0
end_of_record
TN:
SF:app\api\user-store-metadata\route.ts
FN:24,GET
FN:68,(anonymous_1)
FN:85,hydrateStoreMetadataWithCachedLocations
FN:91,(anonymous_3)
FN:97,(anonymous_4)
FN:119,extractCoordsFromGeom
FNF:6
FNH:6
FNDA:5,GET
FNDA:2,(anonymous_1)
FNDA:2,hydrateStoreMetadataWithCachedLocations
FNDA:2,(anonymous_3)
FNDA:2,(anonymous_4)
FNDA:2,extractCoordsFromGeom
DA:11,1
DA:25,5
DA:26,5
DA:27,5
DA:28,5
DA:30,5
DA:31,5
DA:32,5
DA:33,1
DA:36,4
DA:37,4
DA:42,4
DA:43,0
DA:45,4
DA:47,5
DA:48,1
DA:51,3
DA:55,3
DA:63,2
DA:65,2
DA:68,2
DA:73,2
DA:75,1
DA:76,1
DA:89,2
DA:91,2
DA:92,2
DA:93,2
DA:94,2
DA:96,2
DA:98,2
DA:99,2
DA:101,2
DA:102,2
DA:104,2
DA:109,2
DA:114,2
DA:115,2
DA:120,2
DA:122,2
DA:123,2
DA:124,2
DA:125,2
DA:130,0
DA:133,0
DA:138,0
DA:139,0
DA:145,0
LF:48
LH:42
BRDA:28,0,0,5
BRDA:28,0,1,4
BRDA:31,1,0,5
BRDA:31,1,1,1
BRDA:32,2,0,1
BRDA:32,2,1,4
BRDA:42,3,0,0
BRDA:42,3,1,4
BRDA:45,4,0,4
BRDA:45,4,1,1
BRDA:47,5,0,1
BRDA:47,5,1,4
BRDA:47,6,0,5
BRDA:47,6,1,1
BRDA:92,7,0,2
BRDA:92,7,1,0
BRDA:93,8,0,2
BRDA:93,8,1,0
BRDA:94,9,0,0
BRDA:94,9,1,2
BRDA:94,10,0,2
BRDA:94,10,1,2
BRDA:99,11,0,0
BRDA:99,11,1,2
BRDA:102,12,0,0
BRDA:102,12,1,2
BRDA:114,13,0,2
BRDA:114,13,1,0
BRDA:120,14,0,0
BRDA:120,14,1,2
BRDA:122,15,0,2
BRDA:122,15,1,0
BRDA:124,16,0,2
BRDA:124,16,1,0
BRDA:133,17,0,0
BRDA:133,17,1,0
BRDA:134,18,0,0
BRDA:134,18,1,0
BRDA:134,18,2,0
BRF:39
BRH:24
end_of_record
TN:
SF:app\api\webhooks\clerk\route.ts
FN:8,getPrimaryEmailRecord
FN:11,(anonymous_1)
FN:14,getPrimaryEmail
FN:20,getEmailVerified
FN:27,getFullName
FN:39,POST
FNF:6
FNH:6
FNDA:13,getPrimaryEmailRecord
FNDA:12,(anonymous_1)
FNDA:7,getPrimaryEmail
FNDA:6,getEmailVerified
FNDA:6,getFullName
FNDA:9,POST
DA:6,1
DA:9,13
DA:10,13
DA:11,13
DA:15,7
DA:16,7
DA:17,7
DA:21,6
DA:22,6
DA:23,6
DA:24,2
DA:28,6
DA:29,6
DA:30,1
DA:33,5
DA:34,6
DA:35,6
DA:36,6
DA:41,9
DA:42,9
DA:44,1
DA:45,1
DA:48,8
DA:50,8
DA:51,8
DA:54,7
DA:55,7
DA:56,7
DA:58,7
DA:59,1
DA:62,6
DA:63,6
DA:64,7
DA:65,7
DA:66,7
DA:74,7
DA:75,2
DA:78,6
DA:84,5
DA:85,3
DA:86,3
DA:89,2
DA:95,2
DA:96,2
DA:97,2
DA:108,2
DA:112,2
DA:113,1
DA:118,1
DA:124,1
DA:127,0
DA:128,0
DA:132,1
DA:133,1
DA:134,1
DA:139,1
DA:143,0
DA:146,1
DA:147,1
LF:59
LH:56
BRDA:9,0,0,13
BRDA:9,0,1,0
BRDA:10,1,0,13
BRDA:10,1,1,0
BRDA:10,1,2,0
BRDA:11,2,0,13
BRDA:11,2,1,1
BRDA:16,3,0,7
BRDA:16,3,1,1
BRDA:17,4,0,6
BRDA:17,4,1,1
BRDA:23,5,0,4
BRDA:23,5,1,2
BRDA:28,6,0,6
BRDA:28,6,1,5
BRDA:29,7,0,1
BRDA:29,7,1,5
BRDA:29,8,0,6
BRDA:29,8,1,1
BRDA:33,9,0,5
BRDA:33,9,1,4
BRDA:33,9,2,4
BRDA:34,10,0,6
BRDA:34,10,1,4
BRDA:34,10,2,4
BRDA:36,11,0,1
BRDA:36,11,1,4
BRDA:51,12,0,3
BRDA:51,12,1,7
BRDA:51,12,2,1
BRDA:51,12,3,0
BRDA:58,13,0,1
BRDA:58,13,1,6
BRDA:58,14,0,7
BRDA:58,14,1,7
BRDA:63,15,0,6
BRDA:63,15,1,5
BRDA:63,15,2,5
BRDA:74,16,0,2
BRDA:74,16,1,5
BRDA:84,17,0,3
BRDA:84,17,1,2
BRDA:95,18,0,2
BRDA:95,18,1,0
BRDA:112,19,0,1
BRDA:112,19,1,1
BRDA:133,20,0,1
BRDA:133,20,1,0
BRF:48
BRH:42
end_of_record
TN:
SF:app\api\webhooks\stripe\route.ts
FN:8,resolveTierFromStatus
FN:17,toIsoOrNull
FN:22,getSubscriptionPeriod
FN:33,updateProfileFromSubscription
FN:98,POST
FN:169,(anonymous_5)
FN:178,(anonymous_6)
FN:187,(anonymous_7)
FNF:8
FNH:8
FNDA:5,resolveTierFromStatus
FNDA:15,toIsoOrNull
FNDA:5,getSubscriptionPeriod
FNDA:5,updateProfileFromSubscription
FNDA:9,POST
FNDA:3,(anonymous_5)
FNDA:3,(anonymous_6)
FNDA:3,(anonymous_7)
DA:6,1
DA:11,5
DA:12,4
DA:14,1
DA:18,15
DA:19,15
DA:26,5
DA:27,5
DA:41,5
DA:42,5
DA:44,5
DA:59,5
DA:60,4
DA:65,4
DA:66,0
DA:71,4
DA:74,1
DA:75,0
DA:80,0
DA:81,0
DA:83,0
DA:86,1
DA:87,1
DA:92,1
DA:93,0
DA:99,9
DA:100,9
DA:102,9
DA:103,1
DA:112,8
DA:113,8
DA:114,1
DA:120,7
DA:121,7
DA:124,7
DA:125,7
DA:128,1
DA:129,1
DA:132,6
DA:133,6
DA:135,5
DA:137,5
DA:138,5
DA:140,5
DA:142,4
DA:143,5
DA:145,5
DA:147,5
DA:155,4
DA:156,5
DA:157,4
DA:158,4
DA:166,4
DA:169,3
DA:170,3
DA:171,0
DA:178,3
DA:179,3
DA:180,0
DA:186,3
DA:187,3
DA:190,1
DA:196,4
DA:201,1
DA:202,1
DA:208,1
DA:211,0
DA:214,1
DA:215,1
DA:221,5
LF:70
LH:61
BRDA:11,0,0,4
BRDA:11,0,1,1
BRDA:11,1,0,5
BRDA:11,1,1,1
BRDA:11,1,2,1
BRDA:18,2,0,0
BRDA:18,2,1,15
BRDA:28,3,0,5
BRDA:28,3,1,0
BRDA:29,4,0,5
BRDA:29,4,1,0
BRDA:50,5,0,5
BRDA:50,5,1,0
BRDA:52,6,0,0
BRDA:52,6,1,0
BRDA:54,7,0,5
BRDA:54,7,1,0
BRDA:59,8,0,4
BRDA:59,8,1,1
BRDA:65,9,0,0
BRDA:65,9,1,4
BRDA:74,10,0,0
BRDA:74,10,1,1
BRDA:80,11,0,0
BRDA:80,11,1,0
BRDA:86,12,0,1
BRDA:86,12,1,0
BRDA:92,13,0,0
BRDA:92,13,1,1
BRDA:102,14,0,1
BRDA:102,14,1,8
BRDA:102,15,0,9
BRDA:102,15,1,9
BRDA:113,16,0,1
BRDA:113,16,1,7
BRDA:128,17,0,1
BRDA:128,17,1,0
BRDA:133,18,0,6
BRDA:133,18,1,0
BRDA:133,18,2,1
BRDA:133,18,3,1
BRDA:133,18,4,0
BRDA:137,19,0,5
BRDA:137,19,1,0
BRDA:138,20,0,0
BRDA:138,20,1,5
BRDA:142,21,0,4
BRDA:142,21,1,0
BRDA:142,21,2,0
BRDA:143,22,0,5
BRDA:143,22,1,3
BRDA:145,23,0,4
BRDA:145,23,1,0
BRDA:156,24,0,4
BRDA:156,24,1,1
BRDA:156,25,0,5
BRDA:156,25,1,4
BRDA:169,26,0,3
BRDA:169,26,1,3
BRDA:170,27,0,0
BRDA:170,27,1,3
BRDA:179,28,0,0
BRDA:179,28,1,3
BRDA:204,29,0,1
BRDA:204,29,1,0
BRDA:206,30,0,0
BRDA:206,30,1,0
BRF:67
BRH:41
end_of_record
TN:
SF:app\auth\check-email\page.tsx
FN:14,CheckEmailPage
FN:26,(anonymous_1)
FN:32,(anonymous_2)
FN:34,(anonymous_3)
FN:34,(anonymous_4)
FN:35,(anonymous_5)
FN:38,(anonymous_6)
FN:50,(anonymous_7)
FN:103,(anonymous_8)
FN:208,(anonymous_9)
FN:210,(anonymous_10)
FNF:11
FNH:9
FNDA:83,CheckEmailPage
FNDA:13,(anonymous_1)
FNDA:15,(anonymous_2)
FNDA:0,(anonymous_3)
FNDA:0,(anonymous_4)
FNDA:2,(anonymous_5)
FNDA:13,(anonymous_6)
FNDA:2,(anonymous_7)
FNDA:5,(anonymous_8)
FNDA:48,(anonymous_9)
FNDA:48,(anonymous_10)
DA:1,1
DA:15,83
DA:16,83
DA:17,83
DA:18,83
DA:20,83
DA:21,83
DA:22,83
DA:23,83
DA:24,83
DA:26,83
DA:27,13
DA:28,13
DA:29,13
DA:32,83
DA:33,15
DA:34,2
DA:35,2
DA:38,83
DA:39,13
DA:40,13
DA:41,4
DA:46,4
DA:50,83
DA:51,2
DA:52,0
DA:57,0
DA:58,0
DA:61,2
DA:62,2
DA:63,2
DA:67,2
DA:68,2
DA:74,0
DA:78,0
DA:80,0
DA:81,0
DA:86,0
DA:87,0
DA:90,0
DA:99,2
DA:103,83
DA:104,5
DA:105,0
DA:110,0
DA:111,0
DA:114,5
DA:115,0
DA:120,0
DA:123,5
DA:124,5
DA:125,5
DA:129,3
DA:130,3
DA:131,3
DA:133,3
DA:138,3
DA:139,3
DA:142,0
DA:149,1
DA:153,1
DA:155,1
DA:156,0
DA:161,0
DA:162,0
DA:165,1
DA:174,4
DA:178,83
DA:208,48
DA:211,48
DA:212,0
LF:71
LH:51
BRDA:27,0,0,13
BRDA:27,0,1,0
BRDA:28,1,0,13
BRDA:28,1,1,1
BRDA:29,2,0,13
BRDA:29,2,1,0
BRDA:33,3,0,13
BRDA:33,3,1,2
BRDA:39,4,0,0
BRDA:39,4,1,13
BRDA:39,5,0,13
BRDA:39,5,1,13
BRDA:40,6,0,4
BRDA:40,6,1,9
BRDA:51,7,0,0
BRDA:51,7,1,2
BRDA:51,8,0,2
BRDA:51,8,1,2
BRDA:78,9,0,0
BRDA:78,9,1,0
BRDA:80,10,0,0
BRDA:80,10,1,0
BRDA:80,11,0,0
BRDA:80,11,1,0
BRDA:93,12,0,0
BRDA:93,12,1,0
BRDA:93,12,2,0
BRDA:104,13,0,0
BRDA:104,13,1,5
BRDA:104,14,0,5
BRDA:104,14,1,5
BRDA:114,15,0,0
BRDA:114,15,1,5
BRDA:129,16,0,3
BRDA:129,16,1,0
BRDA:129,17,0,3
BRDA:129,17,1,3
BRDA:153,18,0,1
BRDA:153,18,1,1
BRDA:155,19,0,0
BRDA:155,19,1,1
BRDA:155,20,0,1
BRDA:155,20,1,1
BRDA:168,21,0,1
BRDA:168,21,1,0
BRDA:168,21,2,0
BRDA:186,22,0,83
BRDA:186,22,1,13
BRDA:211,23,0,0
BRDA:211,23,1,48
BRDA:211,24,0,48
BRDA:211,24,1,0
BRDA:220,25,0,83
BRDA:220,25,1,78
BRDA:223,26,0,5
BRDA:223,26,1,78
BRDA:230,27,0,83
BRDA:230,27,1,81
BRDA:233,28,0,2
BRDA:233,28,1,81
BRDA:235,29,0,2
BRDA:235,29,1,79
BRF:62
BRH:41
end_of_record
TN:
SF:app\auth\forgot-password\page.tsx
FN:14,ForgotPasswordPage
FN:20,(anonymous_1)
FN:92,(anonymous_2)
FN:117,(anonymous_3)
FNF:4
FNH:4
FNDA:59,ForgotPasswordPage
FNDA:3,(anonymous_1)
FNDA:48,(anonymous_2)
FNDA:1,(anonymous_3)
DA:1,1
DA:15,59
DA:16,59
DA:17,59
DA:18,59
DA:20,59
DA:21,3
DA:23,3
DA:24,0
DA:29,0
DA:32,3
DA:34,3
DA:35,3
DA:39,3
DA:41,2
DA:42,2
DA:47,1
DA:53,3
DA:57,59
DA:92,48
DA:118,1
DA:119,1
LF:22
LH:20
BRDA:23,0,0,0
BRDA:23,0,1,3
BRDA:39,1,0,1
BRDA:39,1,1,2
BRDA:49,2,0,1
BRDA:49,2,1,0
BRDA:77,3,0,2
BRDA:77,3,1,57
BRDA:81,4,0,57
BRDA:81,4,1,2
BRDA:103,5,0,3
BRDA:103,5,1,54
BRF:12
BRH:10
end_of_record
TN:
SF:app\auth\signin\page.tsx
FN:33,getClerkErrorMessage
FN:43,normalizeSecondFactors
FN:47,(anonymous_2)
FN:65,(anonymous_3)
FN:68,pickPreferredFactor
FN:78,SignInPage
FN:94,(anonymous_6)
FN:95,(anonymous_7)
FN:99,(anonymous_8)
FN:118,(anonymous_9)
FN:162,(anonymous_10)
FN:191,(anonymous_11)
FN:229,(anonymous_12)
FN:280,(anonymous_13)
FN:305,(anonymous_14)
FN:327,(anonymous_15)
FN:360,(anonymous_16)
FN:376,(anonymous_17)
FN:391,(anonymous_18)
FN:395,(anonymous_19)
FN:438,(anonymous_20)
FNF:21
FNH:17
FNDA:1,getClerkErrorMessage
FNDA:3,normalizeSecondFactors
FNDA:3,(anonymous_2)
FNDA:3,(anonymous_3)
FNDA:3,pickPreferredFactor
FNDA:151,SignInPage
FNDA:9,(anonymous_6)
FNDA:3,(anonymous_7)
FNDA:2,(anonymous_8)
FNDA:4,(anonymous_9)
FNDA:3,(anonymous_10)
FNDA:5,(anonymous_11)
FNDA:1,(anonymous_12)
FNDA:1,(anonymous_13)
FNDA:0,(anonymous_14)
FNDA:0,(anonymous_15)
FNDA:80,(anonymous_16)
FNDA:45,(anonymous_17)
FNDA:0,(anonymous_18)
FNDA:0,(anonymous_19)
FNDA:6,(anonymous_20)
DA:1,1
DA:26,1
DA:34,1
DA:44,3
DA:46,3
DA:48,3
DA:49,3
DA:55,0
DA:58,3
DA:65,3
DA:69,3
DA:79,151
DA:80,151
DA:81,151
DA:83,151
DA:84,151
DA:85,151
DA:86,151
DA:88,151
DA:89,151
DA:90,151
DA:92,151
DA:94,151
DA:95,9
DA:99,151
DA:100,2
DA:101,0
DA:106,0
DA:109,2
DA:110,2
DA:111,2
DA:115,2
DA:118,151
DA:119,4
DA:121,4
DA:122,4
DA:123,4
DA:125,4
DA:130,4
DA:134,4
DA:135,4
DA:138,4
DA:139,0
DA:142,4
DA:144,4
DA:150,4
DA:153,0
DA:162,151
DA:166,3
DA:167,3
DA:168,0
DA:173,0
DA:176,3
DA:178,3
DA:179,3
DA:180,0
DA:185,0
DA:188,3
DA:191,151
DA:192,5
DA:193,5
DA:195,5
DA:197,5
DA:198,5
DA:203,4
DA:204,1
DA:205,1
DA:208,3
DA:209,3
DA:210,3
DA:213,0
DA:219,1
DA:225,5
DA:229,151
DA:230,1
DA:231,1
DA:233,1
DA:234,0
DA:239,0
DA:242,1
DA:244,1
DA:245,1
DA:250,1
DA:251,1
DA:252,1
DA:255,0
DA:256,0
DA:261,0
DA:264,0
DA:270,0
DA:276,1
DA:280,151
DA:281,1
DA:283,1
DA:284,0
DA:288,0
DA:291,1
DA:292,1
DA:293,1
DA:295,0
DA:301,1
DA:305,151
DA:306,0
DA:307,0
DA:308,0
DA:309,0
DA:312,151
DA:327,0
DA:360,80
DA:376,45
DA:392,0
DA:396,0
DA:397,0
DA:398,0
DA:400,0
DA:406,0
DA:438,6
LF:117
LH:86
BRDA:35,0,0,1
BRDA:35,0,1,0
BRDA:35,0,2,0
BRDA:44,1,0,3
BRDA:44,1,1,0
BRDA:49,2,0,0
BRDA:49,2,1,3
BRDA:50,3,0,3
BRDA:50,3,1,0
BRDA:50,3,2,0
BRDA:50,3,3,0
BRDA:70,4,0,3
BRDA:70,4,1,0
BRDA:70,4,2,0
BRDA:70,4,3,0
BRDA:70,4,4,0
BRDA:95,5,0,9
BRDA:95,5,1,6
BRDA:100,6,0,0
BRDA:100,6,1,2
BRDA:119,7,0,0
BRDA:119,7,1,4
BRDA:122,8,0,4
BRDA:122,8,1,0
BRDA:125,9,0,4
BRDA:125,9,1,0
BRDA:125,10,0,4
BRDA:125,10,1,0
BRDA:134,11,0,4
BRDA:134,11,1,0
BRDA:134,12,0,4
BRDA:134,12,1,4
BRDA:138,13,0,0
BRDA:138,13,1,4
BRDA:138,14,0,4
BRDA:138,14,1,0
BRDA:146,15,0,4
BRDA:146,15,1,0
BRDA:156,16,0,0
BRDA:156,16,1,0
BRDA:167,17,0,0
BRDA:167,17,1,3
BRDA:179,18,0,0
BRDA:179,18,1,3
BRDA:193,19,0,0
BRDA:193,19,1,5
BRDA:193,20,0,5
BRDA:193,20,1,5
BRDA:203,21,0,1
BRDA:203,21,1,3
BRDA:208,22,0,3
BRDA:208,22,1,0
BRDA:231,23,0,0
BRDA:231,23,1,1
BRDA:231,24,0,1
BRDA:231,24,1,1
BRDA:231,24,2,1
BRDA:233,25,0,0
BRDA:233,25,1,1
BRDA:250,26,0,1
BRDA:250,26,1,0
BRDA:255,27,0,0
BRDA:255,27,1,0
BRDA:281,28,0,0
BRDA:281,28,1,1
BRDA:281,29,0,1
BRDA:281,29,1,1
BRDA:283,30,0,0
BRDA:283,30,1,1
BRDA:283,31,0,1
BRDA:283,31,1,0
BRDA:338,32,0,13
BRDA:338,32,1,138
BRDA:341,33,0,13
BRDA:341,33,1,138
BRDA:347,34,0,13
BRDA:347,34,1,138
BRDA:348,35,0,151
BRDA:348,35,1,138
BRDA:385,36,0,151
BRDA:385,36,1,13
BRDA:387,37,0,13
BRDA:387,37,1,0
BRDA:410,38,0,0
BRDA:410,38,1,0
BRDA:393,39,0,0
BRDA:393,39,1,0
BRDA:422,40,0,13
BRDA:422,40,1,13
BRDA:430,41,0,0
BRDA:430,41,1,13
BRDA:439,42,0,0
BRDA:439,42,1,13
BRDA:454,43,0,13
BRDA:454,43,1,0
BRDA:454,43,2,13
BRDA:473,44,0,7
BRDA:473,44,1,144
BRDA:473,45,0,11
BRDA:473,45,1,133
BRF:100
BRH:58
end_of_record
TN:
SF:app\auth\signup\page.tsx
FN:17,SignUpPage
FN:27,(anonymous_1)
FN:141,(anonymous_2)
FN:157,(anonymous_3)
FN:175,(anonymous_4)
FNF:5
FNH:5
FNDA:306,SignUpPage
FNDA:8,(anonymous_1)
FNDA:126,(anonymous_2)
FNDA:79,(anonymous_3)
FNDA:80,(anonymous_4)
DA:1,1
DA:18,306
DA:19,306
DA:20,306
DA:21,306
DA:23,306
DA:24,306
DA:25,306
DA:27,306
DA:28,8
DA:29,8
DA:32,8
DA:33,1
DA:38,1
DA:42,7
DA:43,1
DA:48,1
DA:51,6
DA:53,6
DA:54,6
DA:59,3
DA:60,1
DA:61,1
DA:62,1
DA:66,1
DA:67,1
DA:70,2
DA:74,2
DA:78,2
DA:81,2
DA:86,2
DA:87,1
DA:92,1
DA:95,1
DA:104,5
DA:108,306
DA:141,126
DA:157,79
DA:175,80
LF:39
LH:39
BRDA:29,0,0,0
BRDA:29,0,1,8
BRDA:29,1,0,8
BRDA:29,1,1,8
BRDA:32,2,0,1
BRDA:32,2,1,7
BRDA:42,3,0,1
BRDA:42,3,1,6
BRDA:59,4,0,1
BRDA:59,4,1,2
BRDA:59,5,0,3
BRDA:59,5,1,1
BRDA:86,6,0,1
BRDA:86,6,1,1
BRDA:98,7,0,1
BRDA:98,7,1,0
BRDA:98,7,2,0
BRDA:196,8,0,6
BRDA:196,8,1,300
BRF:19
BRH:16
end_of_record
TN:
SF:app\challenges\join\page.tsx
FN:17,JoinChallengePage
FN:123,(anonymous_1)
FN:152,(anonymous_2)
FN:195,(anonymous_3)
FN:205,(anonymous_4)
FN:223,(anonymous_5)
FN:232,(anonymous_6)
FNF:7
FNH:7
FNDA:51,JoinChallengePage
FNDA:153,(anonymous_1)
FNDA:2,(anonymous_2)
FNDA:32,(anonymous_3)
FNDA:12,(anonymous_4)
FNDA:1,(anonymous_5)
FNDA:1,(anonymous_6)
DA:1,1
DA:18,51
DA:19,51
DA:20,51
DA:21,51
DA:23,51
DA:124,153
DA:152,2
DA:195,32
DA:205,12
DA:224,1
DA:225,1
DA:233,1
DA:234,1
LF:14
LH:14
BRF:0
BRH:0
end_of_record
TN:
SF:app\checkout\page.tsx
FN:8,CheckoutPage
FN:22,(anonymous_1)
FN:50,(anonymous_2)
FN:51,(anonymous_3)
FNF:4
FNH:4
FNDA:59,CheckoutPage
FNDA:17,(anonymous_1)
FNDA:9,(anonymous_2)
FNDA:9,(anonymous_3)
DA:1,1
DA:9,59
DA:10,59
DA:11,59
DA:22,59
DA:24,17
DA:25,17
DA:26,17
DA:35,17
DA:36,2
DA:37,2
DA:39,1
DA:43,17
DA:50,59
DA:51,9
DA:52,9
DA:53,9
DA:61,7
DA:62,7
DA:63,7
DA:64,6
DA:65,6
DA:67,0
DA:71,7
DA:72,1
DA:76,1
DA:79,6
DA:80,9
DA:81,4
DA:83,2
DA:86,1
DA:91,59
LF:32
LH:31
BRDA:35,0,0,2
BRDA:35,0,1,15
BRDA:44,1,0,13
BRDA:44,1,1,4
BRDA:45,2,0,12
BRDA:45,2,1,5
BRDA:63,3,0,6
BRDA:63,3,1,1
BRDA:71,4,0,1
BRDA:71,4,1,6
BRDA:79,5,0,4
BRDA:79,5,1,2
BRDA:80,6,0,4
BRDA:80,6,1,2
BRDA:99,7,0,59
BRDA:99,7,1,29
BRDA:99,7,2,28
BRDA:103,8,0,28
BRDA:103,8,1,27
BRDA:120,9,0,9
BRDA:120,9,1,41
BRF:21
BRH:21
end_of_record
TN:
SF:app\checkout\cancel\page.tsx
FN:6,CheckoutCancelPage
FNF:1
FNH:1
FNDA:1,CheckoutCancelPage
DA:1,1
DA:7,1
LF:2
LH:2
BRF:0
BRH:0
end_of_record
TN:
SF:app\checkout\success\page.tsx
FN:7,CheckoutSuccessPage
FNF:1
FNH:1
FNDA:3,CheckoutSuccessPage
DA:1,1
DA:8,3
DA:9,3
DA:11,3
LF:4
LH:4
BRDA:18,0,0,3
BRDA:18,0,1,2
BRF:2
BRH:2
end_of_record
TN:
SF:app\dashboard\page.tsx
FN:36,DashboardPage
FN:54,(anonymous_1)
FN:61,(anonymous_2)
FN:71,(anonymous_3)
FN:95,(anonymous_4)
FN:140,(anonymous_5)
FN:148,(anonymous_6)
FN:154,(anonymous_7)
FN:172,(anonymous_8)
FN:177,(anonymous_9)
FN:263,(anonymous_10)
FN:342,(anonymous_11)
FNF:12
FNH:7
FNDA:10,DashboardPage
FNDA:3,(anonymous_1)
FNDA:3,(anonymous_2)
FNDA:3,(anonymous_3)
FNDA:3,(anonymous_4)
FNDA:0,(anonymous_5)
FNDA:1,(anonymous_6)
FNDA:0,(anonymous_7)
FNDA:0,(anonymous_8)
FNDA:0,(anonymous_9)
FNDA:0,(anonymous_10)
FNDA:3,(anonymous_11)
DA:1,1
DA:37,10
DA:43,10
DA:44,10
DA:45,10
DA:46,10
DA:47,10
DA:48,10
DA:49,10
DA:50,10
DA:51,10
DA:52,10
DA:54,10
DA:55,3
DA:56,3
DA:61,10
DA:62,3
DA:64,3
DA:66,0
DA:71,10
DA:73,3
DA:76,3
DA:79,0
DA:80,0
DA:83,0
DA:84,0
DA:85,0
DA:89,0
DA:90,0
DA:91,0
DA:95,10
DA:96,3
DA:98,3
DA:99,3
DA:102,3
DA:103,3
DA:106,3
DA:107,3
DA:110,3
DA:111,3
DA:112,3
DA:113,3
DA:116,3
DA:117,3
DA:119,3
DA:127,3
DA:132,3
DA:134,0
DA:136,3
DA:140,10
DA:141,0
DA:143,0
DA:144,0
DA:148,10
DA:149,1
DA:150,1
DA:151,1
DA:154,10
DA:155,0
DA:156,0
DA:157,0
DA:161,10
DA:162,6
DA:169,4
DA:172,0
DA:177,0
DA:263,0
DA:343,3
LF:68
LH:49
BRDA:55,0,0,3
BRDA:55,0,1,0
BRDA:62,1,0,3
BRDA:62,1,1,0
BRDA:62,2,0,3
BRDA:62,2,1,3
BRDA:62,2,2,3
BRDA:73,3,0,0
BRDA:73,3,1,3
BRDA:76,4,0,3
BRDA:76,4,1,0
BRDA:80,5,0,0
BRDA:80,5,1,0
BRDA:83,6,0,0
BRDA:83,6,1,0
BRDA:83,7,0,0
BRDA:83,7,1,0
BRDA:90,8,0,0
BRDA:90,8,1,0
BRDA:96,9,0,0
BRDA:96,9,1,3
BRDA:143,10,0,0
BRDA:143,10,1,0
BRDA:156,11,0,0
BRDA:156,11,1,0
BRDA:161,12,0,6
BRDA:161,12,1,4
BRDA:190,13,0,3
BRDA:190,13,1,1
BRDA:190,14,0,10
BRDA:190,14,1,3
BRDA:192,15,0,0
BRDA:192,15,1,3
BRDA:199,16,0,0
BRDA:199,16,1,3
BRDA:211,17,0,0
BRDA:211,17,1,3
BRDA:214,18,0,0
BRDA:214,18,1,3
BRDA:220,19,0,0
BRDA:220,19,1,3
BRDA:225,20,0,0
BRDA:225,20,1,3
BRDA:235,21,0,0
BRDA:235,21,1,3
BRDA:248,22,0,0
BRDA:248,22,1,3
BRDA:260,23,0,0
BRDA:260,23,1,1
BRDA:260,24,0,1
BRDA:260,24,1,0
BRDA:340,25,0,3
BRDA:340,25,1,1
BRDA:348,26,0,3
BRDA:348,26,1,3
BRDA:350,27,0,3
BRDA:350,27,1,3
BRF:57
BRH:30
end_of_record
TN:
SF:app\delivery\page.tsx
FN:28,DeliveryPage
FN:37,(anonymous_1)
FN:41,(anonymous_2)
FN:107,(anonymous_3)
FN:163,OrderList
FN:166,(anonymous_5)
FN:197,(anonymous_6)
FN:208,(anonymous_7)
FN:222,(anonymous_8)
FNF:9
FNH:9
FNDA:6,DeliveryPage
FNDA:3,(anonymous_1)
FNDA:3,(anonymous_2)
FNDA:1,(anonymous_3)
FNDA:1,OrderList
FNDA:1,(anonymous_5)
FNDA:1,(anonymous_6)
FNDA:1,(anonymous_7)
FNDA:1,(anonymous_8)
DA:1,1
DA:29,6
DA:30,6
DA:31,6
DA:32,6
DA:33,6
DA:35,6
DA:37,6
DA:40,6
DA:41,6
DA:42,3
DA:57,6
DA:59,3
DA:107,1
DA:164,1
DA:167,1
DA:197,1
DA:209,1
DA:223,1
LF:19
LH:19
BRDA:40,0,0,3
BRDA:40,0,1,3
BRDA:43,1,0,0
BRDA:43,1,1,3
BRDA:44,2,0,0
BRDA:44,2,1,3
BRDA:45,3,0,0
BRDA:45,3,1,3
BRDA:46,4,0,0
BRDA:46,4,1,3
BRDA:47,5,0,0
BRDA:47,5,1,3
BRDA:50,6,0,0
BRDA:50,6,1,3
BRDA:57,7,0,3
BRDA:57,7,1,3
BRDA:73,8,0,3
BRDA:73,8,1,1
BRDA:83,9,0,6
BRDA:83,9,1,2
BRDA:88,10,0,2
BRDA:88,10,1,1
BRDA:96,11,0,1
BRDA:96,11,1,1
BRDA:125,12,0,2
BRDA:125,12,1,0
BRDA:172,13,0,1
BRDA:172,13,1,0
BRDA:181,14,0,0
BRDA:181,14,1,1
BRDA:195,15,0,1
BRDA:195,15,1,1
BRDA:215,16,0,1
BRDA:215,16,1,1
BRDA:167,17,0,1
BRDA:167,17,1,0
BRF:36
BRH:26
end_of_record
TN:
SF:app\delivery\[id]\page.tsx
FN:53,OrderDetailPage
FN:64,(anonymous_1)
FN:66,(anonymous_2)
FN:72,(anonymous_3)
FN:89,(anonymous_4)
FN:104,(anonymous_5)
FN:108,(anonymous_6)
FN:117,(anonymous_7)
FN:119,(anonymous_8)
FN:133,(anonymous_9)
FN:171,(anonymous_10)
FN:227,(anonymous_11)
FN:244,(anonymous_12)
FNF:13
FNH:13
FNDA:10,OrderDetailPage
FNDA:2,(anonymous_1)
FNDA:8,(anonymous_2)
FNDA:8,(anonymous_3)
FNDA:10,(anonymous_4)
FNDA:5,(anonymous_5)
FNDA:10,(anonymous_6)
FNDA:10,(anonymous_7)
FNDA:10,(anonymous_8)
FNDA:2,(anonymous_9)
FNDA:1,(anonymous_10)
FNDA:3,(anonymous_11)
FNDA:6,(anonymous_12)
DA:1,1
DA:54,10
DA:55,10
DA:56,10
DA:57,10
DA:58,10
DA:59,10
DA:60,10
DA:62,10
DA:64,10
DA:66,10
DA:67,8
DA:68,8
DA:72,10
DA:73,8
DA:75,8
DA:76,8
DA:78,8
DA:80,8
DA:82,3
DA:83,3
DA:84,3
DA:88,5
DA:89,5
DA:90,10
DA:91,10
DA:92,5
DA:94,10
DA:98,5
DA:104,5
DA:108,10
DA:117,10
DA:119,10
DA:122,5
DA:124,0
DA:125,0
DA:127,8
DA:132,10
DA:133,10
DA:134,2
DA:149,10
DA:151,8
DA:152,4
DA:164,4
DA:166,3
DA:171,1
DA:228,3
DA:245,6
LF:48
LH:46
BRDA:67,0,0,8
BRDA:67,0,1,0
BRDA:67,1,0,8
BRDA:67,1,1,8
BRDA:73,2,0,0
BRDA:73,2,1,8
BRDA:80,3,0,3
BRDA:80,3,1,5
BRDA:80,4,0,8
BRDA:80,4,1,8
BRDA:91,5,0,5
BRDA:91,5,1,5
BRDA:115,6,0,10
BRDA:115,6,1,0
BRDA:117,7,0,10
BRDA:117,7,1,0
BRDA:119,8,0,10
BRDA:119,8,1,0
BRDA:132,9,0,8
BRDA:132,9,1,2
BRDA:135,10,0,0
BRDA:135,10,1,2
BRDA:136,11,0,0
BRDA:136,11,1,2
BRDA:137,12,0,0
BRDA:137,12,1,2
BRDA:138,13,0,0
BRDA:138,13,1,2
BRDA:139,14,0,0
BRDA:139,14,1,2
BRDA:142,15,0,0
BRDA:142,15,1,2
BRDA:149,16,0,2
BRDA:149,16,1,8
BRDA:151,17,0,4
BRDA:151,17,1,4
BRDA:164,18,0,1
BRDA:164,18,1,3
BRDA:191,19,0,3
BRDA:191,19,1,0
BRDA:201,20,0,0
BRDA:201,20,1,3
BRDA:234,21,0,3
BRDA:234,21,1,3
BRDA:274,22,0,10
BRDA:274,22,1,3
BRF:46
BRH:33
end_of_record
TN:
SF:app\edit-recipe\[id]\page.tsx
FN:19,EditRecipePage
FN:50,(anonymous_1)
FN:63,(anonymous_2)
FN:111,(anonymous_3)
FN:139,(anonymous_4)
FN:141,(anonymous_5)
FN:186,(anonymous_6)
FNF:7
FNH:4
FNDA:7,EditRecipePage
FNDA:1,(anonymous_1)
FNDA:2,(anonymous_2)
FNDA:1,(anonymous_3)
FNDA:0,(anonymous_4)
FNDA:0,(anonymous_5)
FNDA:0,(anonymous_6)
DA:1,1
DA:20,7
DA:21,7
DA:22,7
DA:23,7
DA:24,7
DA:25,7
DA:26,7
DA:28,7
DA:31,7
DA:33,7
DA:34,7
DA:35,7
DA:36,7
DA:37,7
DA:40,7
DA:41,1
DA:46,1
DA:47,1
DA:50,6
DA:51,1
DA:53,1
DA:54,1
DA:56,1
DA:57,1
DA:58,1
DA:59,1
DA:62,1
DA:63,2
DA:66,1
DA:85,1
DA:86,0
DA:90,1
DA:91,1
DA:93,1
DA:98,1
DA:100,0
DA:101,0
DA:107,1
DA:111,6
DA:112,1
DA:114,1
DA:115,1
DA:116,1
DA:119,1
DA:121,1
DA:126,1
DA:128,0
DA:129,0
DA:135,1
DA:139,6
DA:140,0
DA:141,0
DA:142,0
DA:146,6
DA:166,7
DA:167,0
DA:174,6
DA:175,0
DA:178,6
DA:186,0
LF:61
LH:50
BRDA:26,0,0,0
BRDA:26,0,1,7
BRDA:28,1,0,0
BRDA:28,1,1,7
BRDA:31,2,0,7
BRDA:31,2,1,0
BRDA:40,3,0,1
BRDA:40,3,1,6
BRDA:40,4,0,7
BRDA:40,4,1,7
BRDA:51,5,0,0
BRDA:51,5,1,1
BRDA:51,6,0,1
BRDA:51,6,1,1
BRDA:56,7,0,1
BRDA:56,7,1,1
BRDA:57,8,0,1
BRDA:57,8,1,0
BRDA:69,9,0,1
BRDA:69,9,1,0
BRDA:70,10,0,1
BRDA:70,10,1,0
BRDA:70,10,2,0
BRDA:71,11,0,1
BRDA:71,11,1,1
BRDA:72,12,0,1
BRDA:72,12,1,1
BRDA:77,13,0,1
BRDA:77,13,1,0
BRDA:85,14,0,0
BRDA:85,14,1,1
BRDA:103,15,0,0
BRDA:103,15,1,0
BRDA:112,16,0,0
BRDA:112,16,1,1
BRDA:112,17,0,1
BRDA:112,17,1,1
BRDA:131,18,0,0
BRDA:131,18,1,0
BRDA:146,19,0,6
BRDA:146,19,1,0
BRDA:148,20,0,6
BRDA:148,20,1,0
BRDA:149,21,0,6
BRDA:149,21,1,0
BRDA:150,22,0,6
BRDA:150,22,1,6
BRDA:155,23,0,6
BRDA:155,23,1,0
BRDA:157,24,0,0
BRDA:157,24,1,6
BRDA:166,25,0,0
BRDA:166,25,1,7
BRDA:174,26,0,0
BRDA:174,26,1,6
BRF:55
BRH:33
end_of_record
TN:
SF:app\example-tier-demo\client-component.tsx
FN:11,ExampleClientComponent
FNF:1
FNH:0
FNDA:0,ExampleClientComponent
DA:1,0
DA:12,0
DA:13,0
DA:15,0
DA:16,0
DA:18,0
DA:19,0
DA:27,0
LF:8
LH:0
BRDA:18,0,0,0
BRDA:18,0,1,0
BRDA:18,1,0,0
BRDA:18,1,1,0
BRDA:18,1,2,0
BRDA:18,1,3,0
BRDA:42,2,0,0
BRDA:42,2,1,0
BRDA:50,3,0,0
BRDA:50,3,1,0
BRDA:58,4,0,0
BRDA:58,4,1,0
BRDA:72,5,0,0
BRDA:72,5,1,0
BRF:14
BRH:0
end_of_record
TN:
SF:app\example-tier-demo\page.tsx
FN:12,TierDemoPage
FNF:1
FNH:1
FNDA:2,TierDemoPage
DA:14,2
DA:15,2
DA:17,2
LF:3
LH:3
BRDA:37,0,0,2
BRDA:37,0,1,0
BRDA:39,1,0,2
BRDA:39,1,1,1
BRDA:39,1,2,1
BRDA:45,2,0,2
BRDA:45,2,1,0
BRDA:100,3,0,1
BRDA:100,3,1,1
BRDA:100,4,0,2
BRDA:100,4,1,1
BRF:11
BRH:9
end_of_record
TN:
SF:app\home\page.tsx
FN:36,HomeReturningPage
FN:50,(anonymous_1)
FN:52,(anonymous_2)
FN:57,(anonymous_3)
FN:63,(anonymous_4)
FN:150,(anonymous_5)
FN:217,(anonymous_6)
FN:256,(anonymous_7)
FN:266,(anonymous_8)
FN:284,(anonymous_9)
FN:293,(anonymous_10)
FN:323,(anonymous_11)
FN:329,(anonymous_12)
FN:354,(anonymous_13)
FN:431,(anonymous_14)
FN:489,(anonymous_15)
FN:517,(anonymous_16)
FN:518,(anonymous_17)
FNF:18
FNH:15
FNDA:44,HomeReturningPage
FNDA:3,(anonymous_1)
FNDA:3,(anonymous_2)
FNDA:3,(anonymous_3)
FNDA:3,(anonymous_4)
FNDA:132,(anonymous_5)
FNDA:1,(anonymous_6)
FNDA:16,(anonymous_7)
FNDA:20,(anonymous_8)
FNDA:0,(anonymous_9)
FNDA:1,(anonymous_10)
FNDA:18,(anonymous_11)
FNDA:40,(anonymous_12)
FNDA:88,(anonymous_13)
FNDA:132,(anonymous_14)
FNDA:36,(anonymous_15)
FNDA:0,(anonymous_16)
FNDA:0,(anonymous_17)
DA:1,1
DA:37,44
DA:38,44
DA:39,44
DA:40,44
DA:41,44
DA:42,44
DA:43,44
DA:44,44
DA:45,44
DA:47,44
DA:48,44
DA:50,44
DA:51,3
DA:52,3
DA:53,3
DA:57,44
DA:58,3
DA:59,3
DA:63,44
DA:64,3
DA:66,3
DA:67,3
DA:69,3
DA:70,3
DA:75,3
DA:76,3
DA:77,3
DA:80,0
DA:82,3
DA:83,3
DA:85,3
DA:89,44
DA:90,0
DA:112,44
DA:114,44
DA:119,44
DA:144,44
DA:150,44
DA:157,132
DA:165,44
DA:217,1
DA:256,16
DA:266,20
DA:285,0
DA:286,0
DA:294,1
DA:295,1
DA:324,18
DA:330,40
DA:355,88
DA:432,132
DA:490,36
DA:519,0
LF:54
LH:49
BRDA:58,0,0,3
BRDA:58,0,1,0
BRDA:58,1,0,3
BRDA:58,1,1,3
BRDA:58,1,2,3
BRDA:64,2,0,0
BRDA:64,2,1,3
BRDA:64,3,0,3
BRDA:64,3,1,3
BRDA:75,4,0,3
BRDA:75,4,1,0
BRDA:76,5,0,3
BRDA:76,5,1,0
BRDA:77,6,0,3
BRDA:77,6,1,0
BRDA:82,7,0,3
BRDA:82,7,1,0
BRDA:89,8,0,0
BRDA:89,8,1,44
BRDA:114,9,0,44
BRDA:114,9,1,0
BRDA:114,9,2,0
BRDA:114,9,3,0
BRDA:172,10,0,44
BRDA:172,10,1,0
BRDA:179,11,0,0
BRDA:179,11,1,44
BRDA:321,12,0,3
BRDA:321,12,1,41
BRDA:335,13,0,40
BRDA:335,13,1,0
BRDA:337,14,0,40
BRDA:337,14,1,0
BRDA:432,15,0,44
BRDA:432,15,1,88
BRDA:487,16,0,3
BRDA:487,16,1,41
BRDA:493,17,0,6
BRDA:493,17,1,30
BRDA:495,18,0,6
BRDA:495,18,1,24
BRDA:497,19,0,6
BRDA:497,19,1,18
BRDA:499,20,0,6
BRDA:499,20,1,12
BRDA:501,21,0,3
BRDA:501,21,1,9
BRDA:503,22,0,3
BRDA:503,22,1,6
BRDA:505,23,0,3
BRDA:505,23,1,3
BRDA:513,24,0,40
BRDA:513,24,1,1
BRF:53
BRH:39
end_of_record
TN:
SF:app\meal-planner\page.tsx
FN:31,isPlannerMealType
FN:42,(anonymous_1)
FN:43,(anonymous_2)
FN:46,(anonymous_3)
FN:56,(anonymous_4)
FN:65,MealPlannerPage
FN:73,MealPlannerPageContent
FN:104,(anonymous_7)
FN:111,(anonymous_8)
FN:112,(anonymous_9)
FN:113,(anonymous_10)
FN:117,(anonymous_11)
FN:119,(anonymous_12)
FN:121,(anonymous_13)
FN:122,(anonymous_14)
FN:124,(anonymous_15)
FN:126,(anonymous_16)
FN:127,(anonymous_17)
FN:149,(anonymous_18)
FN:151,(anonymous_19)
FN:152,(anonymous_20)
FN:159,(anonymous_21)
FN:160,(anonymous_22)
FN:167,(anonymous_23)
FN:170,(anonymous_24)
FN:182,(anonymous_25)
FN:198,(anonymous_26)
FN:236,(anonymous_27)
FN:244,(anonymous_28)
FN:263,(anonymous_29)
FN:272,(anonymous_30)
FN:280,(anonymous_31)
FN:289,(anonymous_32)
FN:292,(anonymous_33)
FN:293,(anonymous_34)
FN:308,(anonymous_35)
FN:318,(anonymous_36)
FN:323,(anonymous_37)
FN:324,(anonymous_38)
FN:326,(anonymous_39)
FN:342,(anonymous_40)
FN:346,(anonymous_41)
FN:436,(anonymous_42)
FN:444,(anonymous_43)
FN:456,(anonymous_44)
FN:458,(anonymous_45)
FNF:46
FNH:21
FNDA:1,isPlannerMealType
FNDA:0,(anonymous_1)
FNDA:0,(anonymous_2)
FNDA:0,(anonymous_3)
FNDA:0,(anonymous_4)
FNDA:3,MealPlannerPage
FNDA:5,MealPlannerPageContent
FNDA:3,(anonymous_7)
FNDA:3,(anonymous_8)
FNDA:3,(anonymous_9)
FNDA:21,(anonymous_10)
FNDA:3,(anonymous_11)
FNDA:1,(anonymous_12)
FNDA:7,(anonymous_13)
FNDA:21,(anonymous_14)
FNDA:1,(anonymous_15)
FNDA:0,(anonymous_16)
FNDA:21,(anonymous_17)
FNDA:0,(anonymous_18)
FNDA:0,(anonymous_19)
FNDA:0,(anonymous_20)
FNDA:0,(anonymous_21)
FNDA:0,(anonymous_22)
FNDA:1,(anonymous_23)
FNDA:1,(anonymous_24)
FNDA:1,(anonymous_25)
FNDA:0,(anonymous_26)
FNDA:0,(anonymous_27)
FNDA:0,(anonymous_28)
FNDA:1,(anonymous_29)
FNDA:1,(anonymous_30)
FNDA:0,(anonymous_31)
FNDA:1,(anonymous_32)
FNDA:0,(anonymous_33)
FNDA:0,(anonymous_34)
FNDA:0,(anonymous_35)
FNDA:0,(anonymous_36)
FNDA:0,(anonymous_37)
FNDA:0,(anonymous_38)
FNDA:0,(anonymous_39)
FNDA:3,(anonymous_40)
FNDA:4,(anonymous_41)
FNDA:0,(anonymous_42)
FNDA:0,(anonymous_43)
FNDA:0,(anonymous_44)
FNDA:0,(anonymous_45)
DA:1,1
DA:32,1
DA:37,1
DA:38,1
DA:42,1
DA:43,0
DA:47,0
DA:57,0
DA:66,3
DA:74,5
DA:75,5
DA:76,5
DA:77,5
DA:78,5
DA:79,5
DA:82,5
DA:83,5
DA:85,5
DA:86,5
DA:87,5
DA:88,5
DA:97,5
DA:100,5
DA:104,5
DA:111,5
DA:112,5
DA:113,21
DA:117,5
DA:119,5
DA:121,1
DA:122,21
DA:124,1
DA:125,1
DA:126,1
DA:127,1
DA:128,21
DA:130,1
DA:131,0
DA:132,0
DA:133,0
DA:134,0
DA:136,0
DA:141,5
DA:146,5
DA:149,5
DA:151,5
DA:152,0
DA:153,0
DA:154,0
DA:155,0
DA:159,5
DA:160,0
DA:161,0
DA:162,0
DA:163,0
DA:167,5
DA:168,1
DA:169,1
DA:170,1
DA:171,1
DA:172,1
DA:176,1
DA:178,0
DA:182,5
DA:183,1
DA:184,1
DA:185,1
DA:189,1
DA:190,1
DA:192,0
DA:194,0
DA:195,0
DA:197,0
DA:198,0
DA:200,0
DA:201,0
DA:202,0
DA:203,0
DA:212,0
DA:214,0
DA:219,0
DA:225,0
DA:226,0
DA:232,0
DA:236,5
DA:237,0
DA:241,0
DA:244,5
DA:245,0
DA:246,0
DA:247,0
DA:248,0
DA:249,0
DA:255,0
DA:263,5
DA:265,1
DA:266,1
DA:267,1
DA:272,5
DA:274,1
DA:275,1
DA:280,5
DA:282,0
DA:283,0
DA:288,5
DA:290,1
DA:291,1
DA:292,0
DA:293,0
DA:294,0
DA:295,0
DA:296,0
DA:298,1
DA:299,1
DA:300,1
DA:301,1
DA:308,5
DA:309,0
DA:310,0
DA:311,0
DA:312,0
DA:313,0
DA:315,0
DA:318,5
DA:319,0
DA:320,0
DA:323,5
DA:324,5
DA:326,5
DA:327,0
DA:328,0
DA:329,0
DA:331,0
DA:332,0
DA:333,0
DA:335,0
DA:336,0
DA:337,0
DA:342,5
DA:343,3
DA:346,5
DA:347,4
DA:350,5
DA:436,0
DA:445,0
DA:446,0
DA:447,0
DA:456,0
DA:458,0
LF:149
LH:79
BRDA:32,0,0,1
BRDA:32,0,1,0
BRDA:32,0,2,0
BRDA:128,1,0,21
BRDA:128,1,1,0
BRDA:130,2,0,1
BRDA:130,2,1,0
BRDA:133,3,0,0
BRDA:133,3,1,0
BRDA:155,4,0,0
BRDA:155,4,1,0
BRDA:163,5,0,0
BRDA:163,5,1,0
BRDA:168,6,0,0
BRDA:168,6,1,1
BRDA:168,7,0,1
BRDA:168,7,1,1
BRDA:183,8,0,0
BRDA:183,8,1,1
BRDA:184,9,0,1
BRDA:184,9,1,0
BRDA:197,10,0,0
BRDA:197,10,1,0
BRDA:197,11,0,0
BRDA:197,11,1,0
BRDA:202,12,0,0
BRDA:202,12,1,0
BRDA:221,13,0,0
BRDA:221,13,1,0
BRDA:245,14,0,0
BRDA:245,14,1,0
BRDA:248,15,0,0
BRDA:248,15,1,0
BRDA:267,16,0,0
BRDA:267,16,1,1
BRDA:274,17,0,0
BRDA:274,17,1,1
BRDA:282,18,0,0
BRDA:282,18,1,0
BRDA:290,19,0,1
BRDA:290,19,1,0
BRDA:291,20,0,0
BRDA:291,20,1,1
BRDA:296,21,0,0
BRDA:296,21,1,0
BRDA:296,22,0,0
BRDA:296,22,1,0
BRDA:301,23,0,0
BRDA:301,23,1,1
BRDA:301,24,0,1
BRDA:301,24,1,0
BRDA:315,25,0,0
BRDA:315,25,1,0
BRDA:327,26,0,0
BRDA:327,26,1,0
BRDA:335,27,0,0
BRDA:335,27,1,0
BRDA:343,28,0,3
BRDA:343,28,1,0
BRDA:347,29,0,1
BRDA:347,29,1,3
BRDA:410,30,0,5
BRDA:410,30,1,5
BRDA:425,31,0,1
BRDA:425,31,1,4
BRDA:430,32,0,5
BRDA:430,32,1,1
BRDA:444,33,0,5
BRDA:444,33,1,1
BRDA:445,34,0,0
BRDA:445,34,1,0
BRDA:475,35,0,5
BRDA:475,35,1,0
BRDA:477,36,0,0
BRDA:477,36,1,5
BRF:75
BRH:27
end_of_record
TN:
SF:app\onboarding\page.tsx
FN:57,SortableGoalItem
FN:112,(anonymous_1)
FN:114,(anonymous_2)
FN:115,(anonymous_3)
FN:124,(anonymous_4)
FN:126,(anonymous_5)
FN:127,(anonymous_6)
FN:130,(anonymous_7)
FN:135,(anonymous_8)
FN:201,OnboardingPage
FN:231,(anonymous_10)
FN:243,(anonymous_11)
FN:253,(anonymous_12)
FN:262,(anonymous_13)
FN:265,(anonymous_14)
FN:273,(anonymous_15)
FN:274,(anonymous_16)
FN:275,(anonymous_17)
FN:279,(anonymous_18)
FN:280,(anonymous_19)
FN:281,(anonymous_20)
FN:287,(anonymous_21)
FN:310,(anonymous_22)
FN:316,(anonymous_23)
FN:316,(anonymous_24)
FN:318,(anonymous_25)
FN:320,(anonymous_26)
FN:322,(anonymous_27)
FN:323,(anonymous_28)
FN:328,(anonymous_29)
FN:335,(anonymous_30)
FN:340,(anonymous_31)
FN:341,(anonymous_32)
FN:359,(anonymous_33)
FN:360,(anonymous_34)
FN:386,(anonymous_35)
FN:389,(anonymous_36)
FN:415,(anonymous_37)
FN:418,(anonymous_38)
FN:444,(anonymous_39)
FN:447,(anonymous_40)
FN:472,(anonymous_41)
FN:475,(anonymous_42)
FN:500,(anonymous_43)
FN:503,(anonymous_44)
FN:562,(anonymous_45)
FN:572,(anonymous_46)
FN:581,(anonymous_47)
FN:590,(anonymous_48)
FN:599,(anonymous_49)
FN:617,(anonymous_50)
FN:637,(anonymous_51)
FN:655,(anonymous_52)
FN:680,(anonymous_53)
FN:775,(anonymous_54)
FN:785,(anonymous_55)
FN:792,(anonymous_56)
FN:816,(anonymous_57)
FNF:58
FNH:37
FNDA:6,SortableGoalItem
FNDA:8,(anonymous_1)
FNDA:11,(anonymous_2)
FNDA:8,(anonymous_3)
FNDA:15,(anonymous_4)
FNDA:16,(anonymous_5)
FNDA:15,(anonymous_6)
FNDA:0,(anonymous_7)
FNDA:0,(anonymous_8)
FNDA:28,OnboardingPage
FNDA:2,(anonymous_10)
FNDA:2,(anonymous_11)
FNDA:3,(anonymous_12)
FNDA:0,(anonymous_13)
FNDA:0,(anonymous_14)
FNDA:0,(anonymous_15)
FNDA:0,(anonymous_16)
FNDA:0,(anonymous_17)
FNDA:0,(anonymous_18)
FNDA:0,(anonymous_19)
FNDA:0,(anonymous_20)
FNDA:143,(anonymous_21)
FNDA:23,(anonymous_22)
FNDA:224,(anonymous_23)
FNDA:120,(anonymous_24)
FNDA:6,(anonymous_25)
FNDA:22,(anonymous_26)
FNDA:6,(anonymous_27)
FNDA:6,(anonymous_28)
FNDA:8,(anonymous_29)
FNDA:1,(anonymous_30)
FNDA:28,(anonymous_31)
FNDA:140,(anonymous_32)
FNDA:6,(anonymous_33)
FNDA:12,(anonymous_34)
FNDA:12,(anonymous_35)
FNDA:2,(anonymous_36)
FNDA:12,(anonymous_37)
FNDA:2,(anonymous_38)
FNDA:14,(anonymous_39)
FNDA:0,(anonymous_40)
FNDA:28,(anonymous_41)
FNDA:0,(anonymous_42)
FNDA:16,(anonymous_43)
FNDA:2,(anonymous_44)
FNDA:0,(anonymous_45)
FNDA:0,(anonymous_46)
FNDA:0,(anonymous_47)
FNDA:0,(anonymous_48)
FNDA:0,(anonymous_49)
FNDA:0,(anonymous_50)
FNDA:0,(anonymous_51)
FNDA:1,(anonymous_52)
FNDA:2,(anonymous_53)
FNDA:0,(anonymous_54)
FNDA:224,(anonymous_55)
FNDA:0,(anonymous_56)
FNDA:10,(anonymous_57)
DA:1,1
DA:34,1
DA:66,6
DA:67,6
DA:72,6
DA:73,6
DA:100,1
DA:106,1
DA:112,1
DA:114,11
DA:115,8
DA:117,1
DA:124,1
DA:126,16
DA:127,15
DA:130,1
DA:132,0
DA:135,1
DA:137,0
DA:140,1
DA:203,28
DA:204,28
DA:205,28
DA:206,28
DA:207,28
DA:208,28
DA:209,28
DA:210,28
DA:211,28
DA:212,28
DA:213,28
DA:214,28
DA:215,28
DA:216,28
DA:217,28
DA:218,28
DA:219,28
DA:220,28
DA:221,28
DA:222,28
DA:223,28
DA:224,28
DA:226,28
DA:227,28
DA:228,28
DA:231,28
DA:232,2
DA:233,2
DA:234,2
DA:235,2
DA:236,2
DA:237,2
DA:238,2
DA:239,2
DA:240,2
DA:243,28
DA:246,2
DA:247,2
DA:248,2
DA:253,28
DA:254,3
DA:257,28
DA:262,28
DA:263,0
DA:264,0
DA:265,0
DA:266,0
DA:267,0
DA:268,0
DA:273,28
DA:274,0
DA:275,0
DA:279,28
DA:280,0
DA:281,0
DA:285,28
DA:287,28
DA:288,143
DA:290,30
DA:292,32
DA:294,28
DA:296,0
DA:298,0
DA:300,24
DA:302,16
DA:304,13
DA:306,0
DA:310,28
DA:311,23
DA:312,23
DA:313,23
DA:316,224
DA:318,28
DA:319,6
DA:320,22
DA:321,6
DA:322,6
DA:323,6
DA:328,28
DA:329,8
DA:330,8
DA:333,28
DA:335,28
DA:336,1
DA:337,1
DA:340,28
DA:341,140
DA:342,28
DA:344,28
DA:346,2
DA:360,12
DA:361,6
DA:379,4
DA:387,12
DA:389,2
DA:408,4
DA:416,12
DA:418,2
DA:437,2
DA:445,14
DA:447,0
DA:465,2
DA:473,28
DA:475,0
DA:493,4
DA:501,16
DA:503,2
DA:527,4
DA:562,0
DA:572,0
DA:581,0
DA:590,0
DA:599,0
DA:617,0
DA:628,6
DA:637,0
DA:655,1
DA:676,0
DA:680,28
DA:681,2
DA:682,2
DA:683,2
DA:685,2
DA:686,2
DA:688,2
DA:708,2
DA:709,1
DA:714,1
DA:715,1
DA:718,1
DA:720,1
DA:725,1
DA:727,1
DA:729,0
DA:730,0
DA:731,0
DA:737,2
DA:741,28
DA:775,0
DA:786,224
DA:787,224
DA:788,224
DA:792,0
DA:817,10
DA:818,2
DA:820,8
LF:166
LH:136
BRDA:70,0,0,0
BRDA:70,0,1,6
BRDA:78,1,0,6
BRDA:78,1,1,0
BRDA:82,2,0,6
BRDA:82,2,1,0
BRDA:85,3,0,6
BRDA:85,3,1,0
BRDA:89,4,0,6
BRDA:89,4,1,0
BRDA:90,5,0,6
BRDA:90,5,1,0
BRDA:93,6,0,6
BRDA:93,6,1,0
BRDA:94,7,0,6
BRDA:94,7,1,0
BRDA:232,8,0,2
BRDA:232,8,1,0
BRDA:233,9,0,2
BRDA:233,9,1,0
BRDA:234,10,0,2
BRDA:234,10,1,2
BRDA:235,11,0,2
BRDA:235,11,1,0
BRDA:236,12,0,2
BRDA:236,12,1,0
BRDA:237,13,0,2
BRDA:237,13,1,0
BRDA:238,14,0,2
BRDA:238,14,1,0
BRDA:239,15,0,2
BRDA:239,15,1,0
BRDA:240,16,0,2
BRDA:240,16,1,0
BRDA:247,17,0,2
BRDA:247,17,1,0
BRDA:264,18,0,0
BRDA:264,18,1,0
BRDA:264,19,0,0
BRDA:264,19,1,0
BRDA:275,20,0,0
BRDA:275,20,1,0
BRDA:281,21,0,0
BRDA:281,21,1,0
BRDA:288,22,0,30
BRDA:288,22,1,32
BRDA:288,22,2,28
BRDA:288,22,3,0
BRDA:288,22,4,0
BRDA:288,22,5,24
BRDA:288,22,6,16
BRDA:288,22,7,13
BRDA:288,22,8,0
BRDA:302,23,0,16
BRDA:302,23,1,6
BRDA:302,23,2,6
BRDA:311,24,0,0
BRDA:311,24,1,23
BRDA:312,25,0,0
BRDA:312,25,1,23
BRDA:321,26,0,6
BRDA:321,26,1,0
BRDA:342,27,0,0
BRDA:342,27,1,28
BRDA:344,28,0,2
BRDA:344,28,1,4
BRDA:344,28,2,4
BRDA:344,28,3,2
BRDA:344,28,4,2
BRDA:344,28,5,4
BRDA:344,28,6,4
BRDA:344,28,7,6
BRDA:344,28,8,0
BRDA:347,29,0,2
BRDA:347,29,1,0
BRDA:349,30,0,2
BRDA:349,30,1,0
BRDA:350,31,0,2
BRDA:350,31,1,0
BRDA:373,32,0,2
BRDA:373,32,1,0
BRDA:380,33,0,4
BRDA:380,33,1,0
BRDA:382,34,0,4
BRDA:382,34,1,0
BRDA:383,35,0,4
BRDA:383,35,1,0
BRDA:391,36,0,2
BRDA:391,36,1,10
BRDA:392,37,0,2
BRDA:392,37,1,0
BRDA:395,38,0,10
BRDA:395,38,1,0
BRDA:400,39,0,12
BRDA:400,39,1,0
BRDA:401,40,0,12
BRDA:401,40,1,0
BRDA:409,41,0,4
BRDA:409,41,1,0
BRDA:411,42,0,4
BRDA:411,42,1,0
BRDA:412,43,0,4
BRDA:412,43,1,0
BRDA:420,44,0,2
BRDA:420,44,1,10
BRDA:421,45,0,2
BRDA:421,45,1,0
BRDA:424,46,0,10
BRDA:424,46,1,0
BRDA:429,47,0,12
BRDA:429,47,1,0
BRDA:430,48,0,12
BRDA:430,48,1,0
BRDA:438,49,0,2
BRDA:438,49,1,0
BRDA:440,50,0,2
BRDA:440,50,1,0
BRDA:441,51,0,2
BRDA:441,51,1,0
BRDA:449,52,0,0
BRDA:449,52,1,14
BRDA:450,53,0,0
BRDA:450,53,1,0
BRDA:453,54,0,14
BRDA:453,54,1,0
BRDA:466,55,0,2
BRDA:466,55,1,0
BRDA:468,56,0,2
BRDA:468,56,1,0
BRDA:469,57,0,2
BRDA:469,57,1,0
BRDA:477,58,0,0
BRDA:477,58,1,28
BRDA:478,59,0,0
BRDA:478,59,1,0
BRDA:481,60,0,28
BRDA:481,60,1,0
BRDA:494,61,0,4
BRDA:494,61,1,0
BRDA:496,62,0,4
BRDA:496,62,1,0
BRDA:497,63,0,4
BRDA:497,63,1,0
BRDA:505,64,0,2
BRDA:505,64,1,14
BRDA:506,65,0,2
BRDA:506,65,1,0
BRDA:509,66,0,14
BRDA:509,66,1,0
BRDA:517,67,0,16
BRDA:517,67,1,0
BRDA:518,68,0,16
BRDA:518,68,1,0
BRDA:528,69,0,4
BRDA:528,69,1,0
BRDA:530,70,0,4
BRDA:530,70,1,0
BRDA:531,71,0,4
BRDA:531,71,1,0
BRDA:532,72,0,4
BRDA:532,72,1,0
BRDA:536,73,0,4
BRDA:536,73,1,0
BRDA:540,74,0,4
BRDA:540,74,1,0
BRDA:563,75,0,4
BRDA:563,75,1,0
BRDA:565,76,0,4
BRDA:565,76,1,0
BRDA:569,77,0,4
BRDA:569,77,1,0
BRDA:574,78,0,4
BRDA:574,78,1,0
BRDA:578,79,0,4
BRDA:578,79,1,0
BRDA:583,80,0,4
BRDA:583,80,1,0
BRDA:587,81,0,4
BRDA:587,81,1,0
BRDA:592,82,0,4
BRDA:592,82,1,0
BRDA:596,83,0,4
BRDA:596,83,1,0
BRDA:601,84,0,4
BRDA:601,84,1,0
BRDA:605,85,0,4
BRDA:605,85,1,0
BRDA:609,86,0,4
BRDA:609,86,1,0
BRDA:618,87,0,4
BRDA:618,87,1,0
BRDA:621,88,0,4
BRDA:621,88,1,0
BRDA:629,89,0,3
BRDA:629,89,1,3
BRDA:631,90,0,3
BRDA:631,90,1,3
BRDA:632,91,0,3
BRDA:632,91,1,3
BRDA:633,92,0,3
BRDA:633,92,1,3
BRDA:639,93,0,3
BRDA:639,93,1,3
BRDA:650,94,0,6
BRDA:650,94,1,3
BRDA:657,95,0,3
BRDA:657,95,1,3
BRDA:668,96,0,6
BRDA:668,96,1,3
BRDA:681,97,0,0
BRDA:681,97,1,2
BRDA:695,98,0,2
BRDA:695,98,1,0
BRDA:696,99,0,2
BRDA:696,99,1,2
BRDA:698,100,0,2
BRDA:698,100,1,0
BRDA:699,101,0,2
BRDA:699,101,1,0
BRDA:700,102,0,2
BRDA:700,102,1,2
BRDA:701,103,0,2
BRDA:701,103,1,0
BRDA:702,104,0,2
BRDA:702,104,1,0
BRDA:703,105,0,2
BRDA:703,105,1,0
BRDA:708,106,0,1
BRDA:708,106,1,1
BRDA:708,107,0,2
BRDA:708,107,1,1
BRDA:730,108,0,0
BRDA:730,108,1,0
BRDA:743,109,0,25
BRDA:743,109,1,3
BRDA:749,110,0,25
BRDA:749,110,1,3
BRDA:751,111,0,25
BRDA:751,111,1,3
BRDA:753,112,0,25
BRDA:753,112,1,3
BRDA:756,113,0,25
BRDA:756,113,1,3
BRDA:757,114,0,25
BRDA:757,114,1,3
BRDA:794,115,0,28
BRDA:794,115,1,196
BRDA:795,116,0,25
BRDA:795,116,1,3
BRDA:798,117,0,112
BRDA:798,117,1,84
BRDA:799,118,0,91
BRDA:799,118,1,21
BRDA:802,119,0,84
BRDA:802,119,1,0
BRDA:817,120,0,2
BRDA:817,120,1,8
BRDA:824,121,0,28
BRDA:824,121,1,27
BRDA:824,121,2,23
BRDA:824,121,3,19
BRDA:824,121,4,5
BRDA:827,122,0,25
BRDA:827,122,1,3
BRDA:832,123,0,6
BRDA:832,123,1,22
BRDA:836,124,0,25
BRDA:836,124,1,3
BRF:268
BRH:166
end_of_record
TN:
SF:app\pantry\loading.tsx
FN:1,Loading
FNF:1
FNH:0
FNDA:0,Loading
DA:2,0
LF:1
LH:0
BRF:0
BRH:0
end_of_record
TN:
SF:app\pantry\page.tsx
FN:55,PantryPage
FN:91,(anonymous_1)
FN:93,(anonymous_2)
FN:94,(anonymous_3)
FN:95,(anonymous_4)
FN:99,(anonymous_5)
FN:105,(anonymous_6)
FN:113,(anonymous_7)
FN:126,(anonymous_8)
FN:154,(anonymous_9)
FN:155,(anonymous_10)
FN:171,(anonymous_11)
FN:177,(anonymous_12)
FN:179,(anonymous_13)
FN:182,(anonymous_14)
FN:183,(anonymous_15)
FN:187,(anonymous_16)
FN:198,(anonymous_17)
FN:218,(anonymous_18)
FN:219,(anonymous_19)
FN:229,(anonymous_20)
FN:234,(anonymous_21)
FN:240,(anonymous_22)
FN:249,(anonymous_23)
FN:254,(anonymous_24)
FN:259,(anonymous_25)
FN:267,(anonymous_26)
FN:275,(anonymous_27)
FN:285,(anonymous_28)
FN:286,(anonymous_29)
FN:295,(anonymous_30)
FN:335,(anonymous_31)
FN:346,(anonymous_32)
FN:352,(anonymous_33)
FN:358,(anonymous_34)
FN:368,(anonymous_35)
FN:386,(anonymous_36)
FN:400,(anonymous_37)
FN:414,(anonymous_38)
FN:421,(anonymous_39)
FN:426,(anonymous_40)
FN:447,(anonymous_41)
FN:486,(anonymous_42)
FN:501,(anonymous_43)
FN:507,(anonymous_44)
FN:512,(anonymous_45)
FN:526,(anonymous_46)
FN:532,(anonymous_47)
FN:554,(anonymous_48)
FN:562,(anonymous_49)
FN:591,(anonymous_50)
FN:616,(anonymous_51)
FN:621,(anonymous_52)
FN:621,(anonymous_53)
FN:637,(anonymous_54)
FN:642,(anonymous_55)
FN:642,(anonymous_56)
FN:664,(anonymous_57)
FN:716,(anonymous_58)
FN:724,(anonymous_59)
FN:741,(anonymous_60)
FN:753,(anonymous_61)
FN:757,(anonymous_62)
FN:790,(anonymous_63)
FN:800,(anonymous_64)
FN:801,(anonymous_65)
FN:816,(anonymous_66)
FN:842,(anonymous_67)
FN:853,(anonymous_68)
FN:882,(anonymous_69)
FN:891,(anonymous_70)
FNF:71
FNH:40
FNDA:16,PantryPage
FNDA:8,(anonymous_1)
FNDA:3,(anonymous_2)
FNDA:20,(anonymous_3)
FNDA:3,(anonymous_4)
FNDA:14,(anonymous_5)
FNDA:7,(anonymous_6)
FNDA:14,(anonymous_7)
FNDA:0,(anonymous_8)
FNDA:0,(anonymous_9)
FNDA:0,(anonymous_10)
FNDA:4,(anonymous_11)
FNDA:4,(anonymous_12)
FNDA:7,(anonymous_13)
FNDA:7,(anonymous_14)
FNDA:7,(anonymous_15)
FNDA:4,(anonymous_16)
FNDA:1,(anonymous_17)
FNDA:4,(anonymous_18)
FNDA:0,(anonymous_19)
FNDA:7,(anonymous_20)
FNDA:7,(anonymous_21)
FNDA:7,(anonymous_22)
FNDA:7,(anonymous_23)
FNDA:0,(anonymous_24)
FNDA:0,(anonymous_25)
FNDA:5,(anonymous_26)
FNDA:4,(anonymous_27)
FNDA:4,(anonymous_28)
FNDA:70,(anonymous_29)
FNDA:0,(anonymous_30)
FNDA:0,(anonymous_31)
FNDA:0,(anonymous_32)
FNDA:1,(anonymous_33)
FNDA:2,(anonymous_34)
FNDA:0,(anonymous_35)
FNDA:0,(anonymous_36)
FNDA:0,(anonymous_37)
FNDA:16,(anonymous_38)
FNDA:16,(anonymous_39)
FNDA:12,(anonymous_40)
FNDA:24,(anonymous_41)
FNDA:0,(anonymous_42)
FNDA:0,(anonymous_43)
FNDA:0,(anonymous_44)
FNDA:144,(anonymous_45)
FNDA:0,(anonymous_46)
FNDA:120,(anonymous_47)
FNDA:0,(anonymous_48)
FNDA:0,(anonymous_49)
FNDA:0,(anonymous_50)
FNDA:8,(anonymous_51)
FNDA:0,(anonymous_52)
FNDA:0,(anonymous_53)
FNDA:0,(anonymous_54)
FNDA:0,(anonymous_55)
FNDA:0,(anonymous_56)
FNDA:7,(anonymous_57)
FNDA:0,(anonymous_58)
FNDA:1,(anonymous_59)
FNDA:0,(anonymous_60)
FNDA:120,(anonymous_61)
FNDA:0,(anonymous_62)
FNDA:0,(anonymous_63)
FNDA:12,(anonymous_64)
FNDA:20,(anonymous_65)
FNDA:12,(anonymous_66)
FNDA:0,(anonymous_67)
FNDA:0,(anonymous_68)
FNDA:0,(anonymous_69)
FNDA:1,(anonymous_70)
DA:1,1
DA:48,1
DA:50,1
DA:53,1
DA:56,16
DA:57,16
DA:58,16
DA:59,16
DA:60,16
DA:61,16
DA:62,16
DA:63,16
DA:64,16
DA:65,16
DA:71,16
DA:79,16
DA:80,16
DA:81,16
DA:82,16
DA:83,16
DA:84,16
DA:85,16
DA:88,16
DA:90,16
DA:91,16
DA:92,8
DA:93,3
DA:94,20
DA:95,3
DA:96,2
DA:99,16
DA:100,14
DA:101,14
DA:105,16
DA:106,7
DA:107,7
DA:108,7
DA:109,4
DA:113,16
DA:114,14
DA:115,14
DA:116,14
DA:117,14
DA:119,0
DA:120,0
DA:122,14
DA:126,16
DA:127,0
DA:128,0
DA:129,0
DA:147,0
DA:148,0
DA:151,0
DA:152,0
DA:153,0
DA:154,0
DA:155,0
DA:156,0
DA:167,0
DA:171,16
DA:172,4
DA:173,4
DA:175,4
DA:177,4
DA:178,4
DA:179,7
DA:180,4
DA:182,7
DA:183,7
DA:186,4
DA:187,4
DA:188,4
DA:189,4
DA:191,4
DA:192,3
DA:193,3
DA:196,1
DA:197,1
DA:199,1
DA:202,0
DA:208,4
DA:210,4
DA:217,4
DA:218,4
DA:219,0
DA:222,4
DA:225,0
DA:229,16
DA:230,7
DA:231,7
DA:232,7
DA:234,7
DA:235,7
DA:236,3
DA:237,3
DA:240,7
DA:241,7
DA:242,3
DA:243,3
DA:246,7
DA:249,16
DA:250,7
DA:253,7
DA:254,0
DA:258,7
DA:259,0
DA:263,7
DA:264,3
DA:265,3
DA:267,3
DA:268,5
DA:269,2
DA:274,7
DA:275,7
DA:276,4
DA:277,4
DA:278,4
DA:280,4
DA:283,7
DA:284,7
DA:285,7
DA:286,7
DA:287,70
DA:288,4
DA:292,7
DA:295,16
DA:296,0
DA:298,0
DA:299,0
DA:308,0
DA:310,0
DA:311,0
DA:312,0
DA:319,0
DA:321,0
DA:326,0
DA:327,0
DA:335,16
DA:336,0
DA:337,0
DA:338,0
DA:341,0
DA:342,0
DA:344,0
DA:346,0
DA:348,0
DA:352,16
DA:353,1
DA:354,1
DA:356,1
DA:358,2
DA:359,1
DA:364,0
DA:368,16
DA:369,0
DA:370,0
DA:371,0
DA:373,0
DA:375,0
DA:376,0
DA:377,0
DA:382,0
DA:386,16
DA:387,0
DA:389,0
DA:390,0
DA:392,0
DA:396,0
DA:399,0
DA:401,0
DA:405,0
DA:410,0
DA:414,16
DA:415,16
DA:416,16
DA:417,16
DA:418,16
DA:421,16
DA:422,16
DA:423,16
DA:426,16
DA:427,12
DA:429,8
DA:430,0
DA:431,8
DA:432,8
DA:438,0
DA:441,16
DA:442,4
DA:448,24
DA:456,12
DA:486,0
DA:501,0
DA:507,0
DA:513,144
DA:526,0
DA:533,120
DA:554,0
DA:562,0
DA:591,0
DA:616,8
DA:621,0
DA:637,0
DA:642,0
DA:665,7
DA:716,0
DA:724,1
DA:741,0
DA:754,120
DA:757,0
DA:790,0
DA:801,12
DA:802,20
DA:804,12
DA:806,12
DA:817,12
DA:842,0
DA:853,0
DA:882,0
DA:891,1
LF:220
LH:145
BRDA:83,0,0,0
BRDA:83,0,1,16
BRDA:84,1,0,0
BRDA:84,1,1,16
BRDA:85,2,0,0
BRDA:85,2,1,16
BRDA:88,3,0,0
BRDA:88,3,1,16
BRDA:90,4,0,0
BRDA:90,4,1,16
BRDA:92,5,0,6
BRDA:92,5,1,2
BRDA:100,6,0,14
BRDA:100,6,1,0
BRDA:108,7,0,4
BRDA:108,7,1,3
BRDA:114,8,0,0
BRDA:114,8,1,14
BRDA:117,9,0,14
BRDA:117,9,1,0
BRDA:127,10,0,0
BRDA:127,10,1,0
BRDA:147,11,0,0
BRDA:147,11,1,0
BRDA:153,12,0,0
BRDA:153,12,1,0
BRDA:156,13,0,0
BRDA:156,13,1,0
BRDA:175,14,0,4
BRDA:175,14,1,0
BRDA:178,15,0,4
BRDA:178,15,1,0
BRDA:188,16,0,4
BRDA:188,16,1,0
BRDA:189,17,0,4
BRDA:189,17,1,0
BRDA:191,18,0,3
BRDA:191,18,1,1
BRDA:191,19,0,4
BRDA:191,19,1,4
BRDA:196,20,0,1
BRDA:196,20,1,0
BRDA:197,21,0,0
BRDA:197,21,1,1
BRDA:199,22,0,1
BRDA:199,22,1,1
BRDA:208,23,0,4
BRDA:208,23,1,0
BRDA:235,24,0,4
BRDA:235,24,1,3
BRDA:241,25,0,4
BRDA:241,25,1,3
BRDA:253,26,0,0
BRDA:253,26,1,7
BRDA:258,27,0,0
BRDA:258,27,1,7
BRDA:263,28,0,3
BRDA:263,28,1,4
BRDA:268,29,0,3
BRDA:268,29,1,2
BRDA:277,30,0,4
BRDA:277,30,1,0
BRDA:287,31,0,4
BRDA:287,31,1,66
BRDA:296,32,0,0
BRDA:296,32,1,0
BRDA:296,33,0,0
BRDA:296,33,1,0
BRDA:305,34,0,0
BRDA:305,34,1,0
BRDA:308,35,0,0
BRDA:308,35,1,0
BRDA:336,36,0,0
BRDA:336,36,1,0
BRDA:344,37,0,0
BRDA:344,37,1,0
BRDA:346,38,0,0
BRDA:346,38,1,0
BRDA:356,39,0,0
BRDA:356,39,1,1
BRDA:369,40,0,0
BRDA:369,40,1,0
BRDA:373,41,0,0
BRDA:373,41,1,0
BRDA:396,42,0,0
BRDA:396,42,1,0
BRDA:401,43,0,0
BRDA:401,43,1,0
BRDA:415,44,0,0
BRDA:415,44,1,16
BRDA:422,45,0,0
BRDA:422,45,1,16
BRDA:427,46,0,4
BRDA:427,46,1,8
BRDA:429,47,0,0
BRDA:429,47,1,8
BRDA:431,48,0,8
BRDA:431,48,1,0
BRDA:441,49,0,4
BRDA:441,49,1,12
BRDA:501,50,0,0
BRDA:501,50,1,0
BRDA:547,51,0,0
BRDA:547,51,1,12
BRDA:554,52,0,0
BRDA:554,52,1,0
BRDA:609,53,0,16
BRDA:609,53,1,8
BRDA:630,54,0,16
BRDA:630,54,1,0
BRDA:653,55,0,16
BRDA:653,55,1,7
BRDA:672,56,0,7
BRDA:672,56,1,0
BRDA:686,57,0,7
BRDA:686,57,1,0
BRDA:686,58,0,7
BRDA:686,58,1,0
BRDA:690,59,0,7
BRDA:690,59,1,0
BRDA:723,60,0,6
BRDA:723,60,1,6
BRDA:726,61,0,6
BRDA:726,61,1,6
BRDA:726,62,0,0
BRDA:726,62,1,6
BRDA:740,63,0,12
BRDA:740,63,1,0
BRDA:744,64,0,12
BRDA:744,64,1,0
BRDA:746,65,0,0
BRDA:746,65,1,0
BRDA:756,66,0,0
BRDA:756,66,1,120
BRDA:760,67,0,0
BRDA:760,67,1,120
BRDA:762,68,0,0
BRDA:762,68,1,120
BRDA:777,69,0,4
BRDA:777,69,1,8
BRDA:782,70,0,2
BRDA:782,70,1,2
BRDA:785,71,0,2
BRDA:785,71,1,2
BRDA:789,72,0,4
BRDA:789,72,1,2
BRDA:804,73,0,0
BRDA:804,73,1,12
BRDA:812,74,0,12
BRDA:812,74,1,0
BRDA:826,75,0,12
BRDA:826,75,1,8
BRDA:843,76,0,0
BRDA:843,76,1,12
BRDA:854,77,0,0
BRDA:854,77,1,12
BRDA:861,78,0,12
BRDA:861,78,1,8
BRDA:866,79,0,0
BRDA:866,79,1,8
BRDA:868,80,0,8
BRDA:868,80,1,0
BRF:162
BRH:85
end_of_record
TN:
SF:app\pricing\page.tsx
FN:5,PricingPage
FN:127,PricingCard
FN:181,(anonymous_2)
FN:213,FAQ
FNF:4
FNH:4
FNDA:3,PricingPage
FNDA:6,PricingCard
FNDA:33,(anonymous_2)
FNDA:9,FAQ
DA:10,3
DA:15,3
DA:148,6
DA:182,33
DA:214,9
LF:5
LH:5
BRDA:28,0,0,3
BRDA:28,0,1,1
BRDA:36,1,0,3
BRDA:36,1,1,1
BRDA:46,2,0,3
BRDA:46,2,1,2
BRDA:51,3,0,2
BRDA:51,3,1,2
BRDA:76,4,0,3
BRDA:76,4,1,3
BRDA:95,5,0,2
BRDA:95,5,1,1
BRDA:135,6,0,6
BRDA:136,7,0,6
BRDA:151,8,0,3
BRDA:151,8,1,3
BRDA:156,9,0,6
BRDA:156,9,1,3
BRDA:163,10,0,3
BRDA:163,10,1,3
BRDA:167,11,0,3
BRDA:167,11,1,3
BRDA:172,12,0,3
BRDA:172,12,1,3
BRDA:175,13,0,3
BRDA:175,13,1,3
BRDA:185,14,0,21
BRDA:185,14,1,12
BRDA:188,15,0,21
BRDA:188,15,1,12
BRDA:198,16,0,2
BRDA:198,16,1,4
BRDA:199,17,0,2
BRDA:199,17,1,0
BRDA:202,18,0,1
BRDA:202,18,1,3
BRF:36
BRH:35
end_of_record
TN:
SF:app\recipes\loading.tsx
FN:1,Loading
FNF:1
FNH:0
FNDA:0,Loading
DA:2,0
LF:1
LH:0
BRF:0
BRH:0
end_of_record
TN:
SF:app\recipes\page.tsx
FN:23,RecipesPage
FN:52,(anonymous_1)
FN:78,(anonymous_2)
FN:101,(anonymous_3)
FN:103,(anonymous_4)
FN:107,(anonymous_5)
FN:119,(anonymous_6)
FN:128,(anonymous_7)
FN:143,(anonymous_8)
FN:150,(anonymous_9)
FN:153,(anonymous_10)
FN:160,(anonymous_11)
FN:171,(anonymous_12)
FN:174,(anonymous_13)
FN:210,(anonymous_14)
FN:216,(anonymous_15)
FN:250,(anonymous_16)
FN:273,(anonymous_17)
FN:316,(anonymous_18)
FN:317,(anonymous_19)
FN:345,(anonymous_20)
FN:348,(anonymous_21)
FN:351,(anonymous_22)
FN:354,(anonymous_23)
FN:368,(anonymous_24)
FN:374,(anonymous_25)
FN:380,(anonymous_26)
FN:386,(anonymous_27)
FN:392,(anonymous_28)
FN:399,(anonymous_29)
FN:431,(anonymous_30)
FN:458,(anonymous_31)
FN:463,(anonymous_32)
FN:481,(anonymous_33)
FN:491,(anonymous_34)
FN:509,(anonymous_35)
FN:515,(anonymous_36)
FN:521,(anonymous_37)
FN:527,(anonymous_38)
FN:533,(anonymous_39)
FN:540,(anonymous_40)
FN:568,(anonymous_41)
FN:585,(anonymous_42)
FN:614,(anonymous_43)
FNF:44
FNH:13
FNDA:7,RecipesPage
FNDA:5,(anonymous_1)
FNDA:2,(anonymous_2)
FNDA:4,(anonymous_3)
FNDA:4,(anonymous_4)
FNDA:0,(anonymous_5)
FNDA:1,(anonymous_6)
FNDA:1,(anonymous_7)
FNDA:1,(anonymous_8)
FNDA:4,(anonymous_9)
FNDA:0,(anonymous_10)
FNDA:0,(anonymous_11)
FNDA:0,(anonymous_12)
FNDA:1,(anonymous_13)
FNDA:0,(anonymous_14)
FNDA:0,(anonymous_15)
FNDA:0,(anonymous_16)
FNDA:0,(anonymous_17)
FNDA:0,(anonymous_18)
FNDA:0,(anonymous_19)
FNDA:0,(anonymous_20)
FNDA:0,(anonymous_21)
FNDA:0,(anonymous_22)
FNDA:0,(anonymous_23)
FNDA:0,(anonymous_24)
FNDA:0,(anonymous_25)
FNDA:0,(anonymous_26)
FNDA:0,(anonymous_27)
FNDA:0,(anonymous_28)
FNDA:0,(anonymous_29)
FNDA:0,(anonymous_30)
FNDA:28,(anonymous_31)
FNDA:0,(anonymous_32)
FNDA:0,(anonymous_33)
FNDA:0,(anonymous_34)
FNDA:0,(anonymous_35)
FNDA:0,(anonymous_36)
FNDA:0,(anonymous_37)
FNDA:0,(anonymous_38)
FNDA:0,(anonymous_39)
FNDA:0,(anonymous_40)
FNDA:1,(anonymous_41)
FNDA:1,(anonymous_42)
FNDA:0,(anonymous_43)
DA:1,1
DA:25,7
DA:26,7
DA:27,7
DA:28,7
DA:29,7
DA:30,7
DA:31,7
DA:32,7
DA:33,7
DA:34,7
DA:35,7
DA:36,7
DA:38,7
DA:39,7
DA:40,7
DA:41,7
DA:42,7
DA:43,7
DA:44,7
DA:45,7
DA:48,7
DA:51,7
DA:52,7
DA:64,7
DA:65,7
DA:73,7
DA:75,7
DA:76,7
DA:78,7
DA:79,2
DA:80,2
DA:81,2
DA:82,2
DA:83,2
DA:86,2
DA:87,2
DA:88,2
DA:89,2
DA:91,2
DA:92,2
DA:93,2
DA:94,2
DA:95,2
DA:96,2
DA:97,2
DA:98,2
DA:101,7
DA:102,4
DA:103,4
DA:104,4
DA:105,0
DA:106,0
DA:107,0
DA:108,0
DA:109,0
DA:110,0
DA:113,4
DA:115,4
DA:119,7
DA:121,1
DA:124,1
DA:125,0
DA:128,1
DA:129,1
DA:130,1
DA:132,0
DA:137,1
DA:138,0
DA:141,1
DA:142,1
DA:143,1
DA:144,1
DA:150,7
DA:151,4
DA:153,0
DA:155,0
DA:156,0
DA:157,0
DA:159,0
DA:160,0
DA:161,0
DA:162,0
DA:163,0
DA:164,0
DA:170,0
DA:171,0
DA:174,7
DA:175,1
DA:176,1
DA:178,1
DA:179,1
DA:184,1
DA:187,0
DA:189,0
DA:190,0
DA:196,0
DA:201,0
DA:202,0
DA:210,7
DA:211,0
DA:212,0
DA:213,0
DA:216,7
DA:217,0
DA:218,0
DA:219,0
DA:220,0
DA:221,0
DA:222,0
DA:223,0
DA:224,0
DA:225,0
DA:229,7
DA:235,7
DA:243,7
DA:250,7
DA:251,0
DA:252,0
DA:253,0
DA:257,7
DA:264,7
DA:265,0
DA:274,0
DA:302,7
DA:316,0
DA:318,0
DA:345,0
DA:348,0
DA:351,0
DA:354,0
DA:369,0
DA:370,0
DA:371,0
DA:375,0
DA:376,0
DA:377,0
DA:381,0
DA:382,0
DA:383,0
DA:387,0
DA:388,0
DA:389,0
DA:393,0
DA:394,0
DA:395,0
DA:396,0
DA:400,0
DA:401,0
DA:406,0
DA:408,0
DA:409,0
DA:410,0
DA:411,0
DA:431,0
DA:459,28
DA:464,0
DA:465,0
DA:466,0
DA:467,0
DA:481,0
DA:491,0
DA:510,0
DA:511,0
DA:512,0
DA:516,0
DA:517,0
DA:518,0
DA:522,0
DA:523,0
DA:524,0
DA:528,0
DA:529,0
DA:530,0
DA:534,0
DA:535,0
DA:536,0
DA:537,0
DA:541,0
DA:542,0
DA:547,0
DA:549,0
DA:550,0
DA:551,0
DA:552,0
DA:569,1
DA:570,1
DA:585,1
DA:615,0
DA:616,0
DA:617,0
LF:191
LH:85
BRDA:48,0,0,7
BRDA:48,1,0,7
BRDA:48,1,1,2
BRDA:53,2,0,0
BRDA:53,2,1,5
BRDA:54,3,0,0
BRDA:54,3,1,5
BRDA:55,4,0,0
BRDA:55,4,1,5
BRDA:56,5,0,5
BRDA:56,5,1,3
BRDA:57,6,0,0
BRDA:57,6,1,5
BRDA:57,7,0,5
BRDA:57,7,1,0
BRDA:58,8,0,2
BRDA:58,8,1,3
BRDA:58,9,0,5
BRDA:58,9,1,2
BRDA:64,10,0,7
BRDA:65,11,0,7
BRDA:66,12,0,0
BRDA:66,12,1,7
BRDA:67,13,0,0
BRDA:67,13,1,7
BRDA:68,14,0,0
BRDA:68,14,1,7
BRDA:69,15,0,7
BRDA:69,15,1,3
BRDA:70,16,0,0
BRDA:70,16,1,7
BRDA:70,17,0,7
BRDA:70,17,1,0
BRDA:71,18,0,4
BRDA:71,18,1,3
BRDA:71,19,0,7
BRDA:71,19,1,4
BRDA:79,20,0,2
BRDA:79,20,1,1
BRDA:80,21,0,2
BRDA:80,21,1,2
BRDA:81,22,0,2
BRDA:81,22,1,2
BRDA:83,23,0,0
BRDA:83,23,1,2
BRDA:83,24,0,2
BRDA:83,24,1,0
BRDA:86,25,0,2
BRDA:86,25,1,2
BRDA:87,26,0,2
BRDA:87,26,1,1
BRDA:102,27,0,4
BRDA:102,27,1,0
BRDA:104,28,0,0
BRDA:104,28,1,4
BRDA:104,29,0,4
BRDA:104,29,1,0
BRDA:108,30,0,0
BRDA:108,30,1,0
BRDA:120,31,0,1
BRDA:124,32,0,0
BRDA:124,32,1,1
BRDA:124,33,0,1
BRDA:124,33,1,0
BRDA:129,34,0,1
BRDA:129,34,1,0
BRDA:129,35,0,1
BRDA:129,35,1,1
BRDA:129,35,2,1
BRDA:137,36,0,0
BRDA:137,36,1,1
BRDA:142,37,0,0
BRDA:142,37,1,1
BRDA:151,38,0,4
BRDA:151,38,1,0
BRDA:151,39,0,4
BRDA:151,39,1,0
BRDA:156,40,0,0
BRDA:156,40,1,0
BRDA:157,41,0,0
BRDA:157,41,1,0
BRDA:157,42,0,0
BRDA:157,42,1,0
BRDA:157,42,2,0
BRDA:162,43,0,0
BRDA:162,43,1,0
BRDA:178,44,0,1
BRDA:178,44,1,0
BRDA:197,45,0,0
BRDA:197,45,1,0
BRDA:198,46,0,0
BRDA:198,46,1,0
BRDA:229,47,0,7
BRDA:229,47,1,7
BRDA:229,47,2,7
BRDA:229,47,3,7
BRDA:229,47,4,7
BRDA:244,48,0,0
BRDA:244,48,1,7
BRDA:244,49,0,4
BRDA:244,49,1,3
BRDA:245,50,0,0
BRDA:245,50,1,7
BRDA:246,51,0,0
BRDA:246,51,1,7
BRDA:252,52,0,0
BRDA:252,52,1,0
BRDA:264,53,0,0
BRDA:264,53,1,7
BRDA:264,54,0,7
BRDA:264,54,1,0
BRDA:277,55,0,0
BRDA:277,55,1,0
BRDA:279,56,0,0
BRDA:279,56,1,0
BRDA:281,57,0,0
BRDA:281,57,1,0
BRDA:283,58,0,0
BRDA:283,58,1,0
BRDA:285,59,0,0
BRDA:285,59,1,0
BRDA:287,60,0,0
BRDA:287,60,1,0
BRDA:289,61,0,0
BRDA:289,61,1,0
BRDA:318,62,0,0
BRDA:318,62,1,0
BRDA:333,63,0,4
BRDA:333,63,1,3
BRDA:346,64,0,4
BRDA:346,64,1,3
BRDA:349,65,0,0
BRDA:349,65,1,7
BRDA:352,66,0,0
BRDA:352,66,1,7
BRDA:355,67,0,0
BRDA:355,67,1,7
BRDA:383,68,0,0
BRDA:383,68,1,0
BRDA:396,69,0,0
BRDA:396,69,1,0
BRDA:400,70,0,0
BRDA:400,70,1,0
BRDA:411,71,0,0
BRDA:411,71,1,0
BRDA:461,72,0,7
BRDA:461,72,1,21
BRDA:478,73,0,7
BRDA:478,73,1,0
BRDA:488,74,0,0
BRDA:488,74,1,7
BRDA:524,75,0,0
BRDA:524,75,1,0
BRDA:537,76,0,0
BRDA:537,76,1,0
BRDA:541,77,0,0
BRDA:541,77,1,0
BRDA:552,78,0,0
BRDA:552,78,1,0
BRDA:560,79,0,0
BRDA:560,79,1,7
BRDA:574,80,0,0
BRDA:574,80,1,7
BRDA:574,81,0,7
BRDA:574,81,1,0
BRDA:576,82,0,0
BRDA:576,82,1,0
BRDA:580,83,0,7
BRDA:580,83,1,0
BRDA:595,84,0,0
BRDA:595,84,1,7
BRDA:596,85,0,0
BRDA:596,85,1,0
BRDA:596,85,2,0
BRDA:599,86,0,0
BRDA:599,86,1,0
BRDA:600,87,0,0
BRDA:600,87,1,0
BRDA:609,88,0,7
BRDA:609,88,1,7
BRDA:609,88,2,7
BRF:181
BRH:85
end_of_record
TN:
SF:app\recipes\[id]\page.tsx
FN:35,normalizeIngredientText
FN:39,stringifyQuantity
FN:47,parseIngredientLine
FN:67,getIngredientDisplayParts
FN:87,RecipeDetailPage
FN:153,(anonymous_5)
FN:155,(anonymous_6)
FN:164,(anonymous_7)
FN:165,(anonymous_8)
FN:172,(anonymous_9)
FN:183,(anonymous_10)
FN:195,(anonymous_11)
FN:213,(anonymous_12)
FN:215,(anonymous_13)
FN:216,(anonymous_14)
FN:219,(anonymous_15)
FN:234,(anonymous_16)
FN:258,(anonymous_17)
FN:270,(anonymous_18)
FN:306,(anonymous_19)
FN:319,(anonymous_20)
FN:324,(anonymous_21)
FN:331,(anonymous_22)
FN:336,(anonymous_23)
FN:337,(anonymous_24)
FN:341,(anonymous_25)
FN:342,(anonymous_26)
FN:366,(anonymous_27)
FN:398,(anonymous_28)
FN:456,(anonymous_29)
FN:575,(anonymous_30)
FN:603,(anonymous_31)
FN:634,(anonymous_32)
FNF:33
FNH:19
FNDA:14,normalizeIngredientText
FNDA:2,stringifyQuantity
FNDA:2,parseIngredientLine
FNDA:2,getIngredientDisplayParts
FNDA:6,RecipeDetailPage
FNDA:2,(anonymous_5)
FNDA:3,(anonymous_6)
FNDA:3,(anonymous_7)
FNDA:0,(anonymous_8)
FNDA:3,(anonymous_9)
FNDA:0,(anonymous_10)
FNDA:0,(anonymous_11)
FNDA:3,(anonymous_12)
FNDA:0,(anonymous_13)
FNDA:0,(anonymous_14)
FNDA:3,(anonymous_15)
FNDA:2,(anonymous_16)
FNDA:2,(anonymous_17)
FNDA:1,(anonymous_18)
FNDA:1,(anonymous_19)
FNDA:2,(anonymous_20)
FNDA:0,(anonymous_21)
FNDA:0,(anonymous_22)
FNDA:0,(anonymous_23)
FNDA:0,(anonymous_24)
FNDA:0,(anonymous_25)
FNDA:0,(anonymous_26)
FNDA:0,(anonymous_27)
FNDA:0,(anonymous_28)
FNDA:1,(anonymous_29)
FNDA:2,(anonymous_30)
FNDA:2,(anonymous_31)
FNDA:0,(anonymous_32)
DA:1,1
DA:30,1
DA:33,1
DA:36,14
DA:40,2
DA:41,2
DA:42,2
DA:44,0
DA:48,2
DA:49,2
DA:51,2
DA:52,2
DA:54,2
DA:55,2
DA:56,2
DA:58,2
DA:60,2
DA:68,2
DA:69,2
DA:71,2
DA:72,2
DA:73,2
DA:74,2
DA:76,2
DA:77,2
DA:81,2
DA:88,6
DA:89,6
DA:90,6
DA:91,6
DA:93,6
DA:95,6
DA:96,6
DA:97,6
DA:98,6
DA:99,6
DA:100,6
DA:101,6
DA:102,6
DA:103,6
DA:105,6
DA:106,6
DA:112,6
DA:113,6
DA:117,6
DA:118,6
DA:122,6
DA:123,6
DA:124,6
DA:125,6
DA:126,6
DA:130,6
DA:134,6
DA:138,6
DA:142,6
DA:143,6
DA:146,6
DA:151,6
DA:153,2
DA:155,6
DA:156,3
DA:157,3
DA:158,3
DA:159,2
DA:164,6
DA:165,3
DA:166,0
DA:167,0
DA:168,0
DA:171,3
DA:172,3
DA:175,6
DA:176,6
DA:183,6
DA:184,0
DA:185,0
DA:186,0
DA:192,0
DA:195,6
DA:196,0
DA:197,0
DA:198,0
DA:200,0
DA:201,0
DA:202,0
DA:204,0
DA:208,0
DA:209,0
DA:213,6
DA:214,3
DA:215,0
DA:216,0
DA:219,6
DA:220,3
DA:221,0
DA:224,3
DA:225,3
DA:230,2
DA:231,0
DA:234,2
DA:246,2
DA:251,1
DA:252,1
DA:254,3
DA:258,6
DA:259,2
DA:261,2
DA:262,2
DA:263,2
DA:265,0
DA:266,0
DA:270,6
DA:271,1
DA:272,1
DA:277,1
DA:280,0
DA:282,0
DA:283,0
DA:284,0
DA:285,0
DA:287,0
DA:294,0
DA:295,0
DA:301,0
DA:306,6
DA:307,1
DA:308,0
DA:309,0
DA:311,0
DA:316,1
DA:319,6
DA:320,2
DA:323,6
DA:324,6
DA:325,0
DA:326,0
DA:327,0
DA:328,0
DA:331,6
DA:332,0
DA:333,0
DA:336,6
DA:337,0
DA:338,0
DA:341,6
DA:342,0
DA:345,6
DA:346,3
DA:349,3
DA:350,1
DA:366,0
DA:375,2
DA:398,0
DA:456,1
DA:576,2
DA:577,2
DA:604,2
DA:634,0
LF:158
LH:111
BRDA:36,0,0,14
BRDA:36,0,1,0
BRDA:40,1,0,2
BRDA:40,1,1,0
BRDA:40,2,0,2
BRDA:40,2,1,2
BRDA:41,3,0,2
BRDA:41,3,1,0
BRDA:49,4,0,0
BRDA:49,4,1,2
BRDA:52,5,0,0
BRDA:52,5,1,2
BRDA:58,6,0,0
BRDA:58,6,1,2
BRDA:68,7,0,2
BRDA:68,7,1,0
BRDA:71,8,0,2
BRDA:71,8,1,0
BRDA:71,9,0,2
BRDA:71,9,1,0
BRDA:72,10,0,2
BRDA:72,10,1,0
BRDA:72,11,0,2
BRDA:72,11,1,0
BRDA:73,12,0,2
BRDA:73,12,1,2
BRDA:74,13,0,0
BRDA:74,13,1,2
BRDA:76,14,0,2
BRDA:76,14,1,0
BRDA:77,15,0,2
BRDA:77,15,1,0
BRDA:78,16,0,2
BRDA:78,16,1,0
BRDA:79,17,0,0
BRDA:79,17,1,0
BRDA:83,18,0,2
BRDA:83,18,1,0
BRDA:105,19,0,0
BRDA:105,19,1,6
BRDA:108,20,0,0
BRDA:108,20,1,6
BRDA:112,21,0,0
BRDA:112,21,1,6
BRDA:115,22,0,0
BRDA:115,22,1,6
BRDA:117,23,0,0
BRDA:117,23,1,6
BRDA:120,24,0,0
BRDA:120,24,1,6
BRDA:122,25,0,0
BRDA:122,25,1,6
BRDA:123,26,0,0
BRDA:123,26,1,6
BRDA:124,27,0,0
BRDA:124,27,1,6
BRDA:125,28,0,0
BRDA:125,28,1,6
BRDA:128,29,0,0
BRDA:128,29,1,6
BRDA:132,30,0,0
BRDA:132,30,1,6
BRDA:136,31,0,0
BRDA:136,31,1,6
BRDA:140,32,0,0
BRDA:140,32,1,6
BRDA:142,33,0,0
BRDA:142,33,1,6
BRDA:143,34,0,0
BRDA:143,34,1,6
BRDA:146,35,0,6
BRDA:146,35,1,4
BRDA:146,35,2,1
BRDA:151,36,0,6
BRDA:151,36,1,2
BRDA:151,36,2,2
BRDA:153,37,0,2
BRDA:153,37,1,0
BRDA:156,38,0,3
BRDA:156,38,1,0
BRDA:158,39,0,2
BRDA:158,39,1,1
BRDA:185,40,0,0
BRDA:185,40,1,0
BRDA:196,41,0,0
BRDA:196,41,1,0
BRDA:198,42,0,0
BRDA:198,42,1,0
BRDA:208,43,0,0
BRDA:208,43,1,0
BRDA:208,44,0,0
BRDA:208,44,1,0
BRDA:208,44,2,0
BRDA:214,45,0,3
BRDA:214,45,1,0
BRDA:220,46,0,0
BRDA:220,46,1,3
BRDA:230,47,0,0
BRDA:230,47,1,2
BRDA:238,48,0,2
BRDA:238,48,1,0
BRDA:239,49,0,2
BRDA:239,49,1,0
BRDA:240,50,0,2
BRDA:240,50,1,0
BRDA:241,51,0,2
BRDA:241,51,1,0
BRDA:242,52,0,2
BRDA:242,52,1,0
BRDA:243,53,0,2
BRDA:243,53,1,0
BRDA:248,54,0,2
BRDA:248,54,1,0
BRDA:259,55,0,0
BRDA:259,55,1,2
BRDA:259,56,0,2
BRDA:259,56,1,2
BRDA:271,57,0,1
BRDA:271,57,1,0
BRDA:280,58,0,0
BRDA:280,58,1,0
BRDA:288,59,0,0
BRDA:288,59,1,0
BRDA:289,60,0,0
BRDA:289,60,1,0
BRDA:307,61,0,0
BRDA:307,61,1,1
BRDA:307,62,0,1
BRDA:307,62,1,1
BRDA:308,63,0,0
BRDA:308,63,1,0
BRDA:320,64,0,2
BRDA:320,64,1,0
BRDA:320,65,0,2
BRDA:320,65,1,0
BRDA:323,66,0,6
BRDA:323,66,1,4
BRDA:325,67,0,0
BRDA:325,67,1,0
BRDA:326,68,0,0
BRDA:326,68,1,0
BRDA:326,69,0,0
BRDA:326,69,1,0
BRDA:326,69,2,0
BRDA:327,70,0,0
BRDA:327,70,1,0
BRDA:327,71,0,0
BRDA:327,71,1,0
BRDA:327,71,2,0
BRDA:337,72,0,0
BRDA:337,72,1,0
BRDA:342,73,0,0
BRDA:342,73,1,0
BRDA:345,74,0,3
BRDA:345,74,1,3
BRDA:349,75,0,1
BRDA:349,75,1,2
BRDA:354,76,0,0
BRDA:354,76,1,1
BRDA:360,77,0,0
BRDA:360,77,1,1
BRDA:364,78,0,0
BRDA:364,78,1,1
BRDA:388,79,0,0
BRDA:388,79,1,2
BRDA:393,80,0,6
BRDA:393,80,1,0
BRDA:410,81,0,0
BRDA:410,81,1,2
BRDA:414,82,0,6
BRDA:414,82,1,0
BRDA:430,83,0,0
BRDA:430,83,1,2
BRDA:430,84,0,0
BRDA:430,84,1,2
BRDA:446,85,0,0
BRDA:446,85,1,2
BRDA:451,86,0,6
BRDA:451,86,1,1
BRDA:465,87,0,6
BRDA:465,87,1,0
BRDA:500,88,0,6
BRDA:500,88,1,0
BRDA:501,89,0,6
BRDA:501,89,1,0
BRDA:507,90,0,6
BRDA:507,90,1,2
BRDA:513,91,0,2
BRDA:513,91,1,2
BRDA:516,92,0,2
BRDA:516,92,1,0
BRDA:519,93,0,2
BRDA:519,93,1,0
BRDA:534,94,0,0
BRDA:534,94,1,2
BRDA:552,95,0,0
BRDA:552,95,1,2
BRDA:555,96,0,6
BRDA:555,96,1,1
BRDA:557,97,0,0
BRDA:557,97,1,1
BRDA:580,98,0,2
BRDA:580,98,1,0
BRDA:581,99,0,2
BRDA:581,99,1,0
BRDA:596,100,0,0
BRDA:596,100,1,2
BRDA:599,101,0,0
BRDA:599,101,1,2
BRDA:603,102,0,6
BRDA:603,102,1,0
BRDA:608,103,0,0
BRDA:608,103,1,2
BRDA:610,104,0,2
BRDA:610,104,1,0
BRDA:610,104,2,0
BRDA:616,105,0,6
BRDA:616,105,1,2
BRDA:631,106,0,6
BRDA:631,106,1,0
BRDA:631,106,2,0
BRDA:646,107,0,0
BRDA:646,107,1,0
BRDA:668,108,0,0
BRDA:668,108,1,0
BRF:225
BRH:107
end_of_record
TN:
SF:app\settings\page.tsx
FN:26,SettingsPage
FN:34,SettingsPageContent
FN:124,(anonymous_2)
FN:130,(anonymous_3)
FN:135,(anonymous_4)
FN:190,(anonymous_5)
FN:217,(anonymous_6)
FN:253,(anonymous_7)
FN:254,(anonymous_8)
FN:254,(anonymous_9)
FN:257,(anonymous_10)
FN:258,(anonymous_11)
FN:258,(anonymous_12)
FN:261,(anonymous_13)
FN:277,(anonymous_14)
FN:282,(anonymous_15)
FN:299,(anonymous_16)
FN:332,(anonymous_17)
FN:378,(anonymous_18)
FN:440,(anonymous_19)
FN:443,(anonymous_20)
FN:449,(anonymous_21)
FN:459,(anonymous_22)
FN:514,(anonymous_23)
FN:524,(anonymous_24)
FN:539,(anonymous_25)
FN:570,(anonymous_26)
FN:573,(anonymous_27)
FN:597,(anonymous_28)
FN:600,(anonymous_29)
FN:624,(anonymous_30)
FN:627,(anonymous_31)
FN:649,(anonymous_32)
FN:652,(anonymous_33)
FN:675,(anonymous_34)
FN:678,(anonymous_35)
FN:701,(anonymous_36)
FN:704,(anonymous_37)
FN:750,(anonymous_38)
FN:766,(anonymous_39)
FN:776,(anonymous_40)
FN:785,(anonymous_41)
FN:794,(anonymous_42)
FN:803,(anonymous_43)
FN:824,(anonymous_44)
FN:948,(anonymous_45)
FN:973,(anonymous_46)
FN:999,(anonymous_47)
FN:1010,(anonymous_48)
FN:1017,(anonymous_49)
FN:1030,(anonymous_50)
FN:1146,(anonymous_51)
FN:1185,(anonymous_52)
FNF:53
FNH:23
FNDA:3,SettingsPage
FNDA:61,SettingsPageContent
FNDA:32,(anonymous_2)
FNDA:3,(anonymous_3)
FNDA:8,(anonymous_4)
FNDA:1,(anonymous_5)
FNDA:32,(anonymous_6)
FNDA:0,(anonymous_7)
FNDA:0,(anonymous_8)
FNDA:0,(anonymous_9)
FNDA:0,(anonymous_10)
FNDA:0,(anonymous_11)
FNDA:0,(anonymous_12)
FNDA:1,(anonymous_13)
FNDA:0,(anonymous_14)
FNDA:0,(anonymous_15)
FNDA:0,(anonymous_16)
FNDA:1,(anonymous_17)
FNDA:0,(anonymous_18)
FNDA:32,(anonymous_19)
FNDA:32,(anonymous_20)
FNDA:0,(anonymous_21)
FNDA:32,(anonymous_22)
FNDA:1,(anonymous_23)
FNDA:0,(anonymous_24)
FNDA:0,(anonymous_25)
FNDA:174,(anonymous_26)
FNDA:0,(anonymous_27)
FNDA:174,(anonymous_28)
FNDA:0,(anonymous_29)
FNDA:174,(anonymous_30)
FNDA:0,(anonymous_31)
FNDA:696,(anonymous_32)
FNDA:0,(anonymous_33)
FNDA:232,(anonymous_34)
FNDA:0,(anonymous_35)
FNDA:464,(anonymous_36)
FNDA:0,(anonymous_37)
FNDA:0,(anonymous_38)
FNDA:0,(anonymous_39)
FNDA:0,(anonymous_40)
FNDA:0,(anonymous_41)
FNDA:0,(anonymous_42)
FNDA:0,(anonymous_43)
FNDA:0,(anonymous_44)
FNDA:0,(anonymous_45)
FNDA:0,(anonymous_46)
FNDA:1,(anonymous_47)
FNDA:8,(anonymous_48)
FNDA:10,(anonymous_49)
FNDA:0,(anonymous_50)
FNDA:1,(anonymous_51)
FNDA:0,(anonymous_52)
DA:1,1
DA:27,3
DA:35,61
DA:36,61
DA:39,61
DA:41,61
DA:42,61
DA:43,61
DA:44,61
DA:47,61
DA:48,61
DA:49,61
DA:50,61
DA:51,61
DA:52,61
DA:53,61
DA:54,61
DA:55,61
DA:57,61
DA:58,61
DA:59,61
DA:60,61
DA:61,61
DA:62,61
DA:63,61
DA:64,61
DA:65,61
DA:66,61
DA:67,61
DA:68,61
DA:69,61
DA:70,61
DA:71,61
DA:72,61
DA:73,61
DA:74,61
DA:75,61
DA:76,61
DA:77,61
DA:78,61
DA:79,61
DA:80,61
DA:82,61
DA:97,61
DA:104,61
DA:106,61
DA:112,61
DA:118,61
DA:124,61
DA:125,32
DA:126,32
DA:130,61
DA:131,3
DA:135,61
DA:136,8
DA:156,8
DA:157,8
DA:159,8
DA:160,6
DA:161,3
DA:163,3
DA:164,3
DA:165,3
DA:166,3
DA:169,2
DA:190,61
DA:191,1
DA:192,1
DA:194,1
DA:195,1
DA:196,0
DA:198,1
DA:202,1
DA:203,1
DA:204,1
DA:206,1
DA:209,1
DA:210,1
DA:212,0
DA:217,61
DA:218,32
DA:220,32
DA:221,32
DA:223,32
DA:224,0
DA:227,32
DA:228,32
DA:229,32
DA:230,32
DA:231,32
DA:232,32
DA:233,32
DA:234,32
DA:235,32
DA:236,32
DA:237,32
DA:238,32
DA:239,32
DA:242,32
DA:243,32
DA:244,32
DA:247,0
DA:249,32
DA:253,61
DA:254,0
DA:257,61
DA:258,0
DA:261,61
DA:262,1
DA:263,1
DA:265,1
DA:266,1
DA:267,1
DA:268,1
DA:269,1
DA:271,0
DA:273,1
DA:277,61
DA:278,0
DA:279,0
DA:282,61
DA:283,0
DA:284,0
DA:285,0
DA:286,0
DA:291,0
DA:299,61
DA:300,0
DA:302,0
DA:303,0
DA:308,0
DA:311,0
DA:312,0
DA:314,0
DA:315,0
DA:317,0
DA:322,0
DA:328,0
DA:332,61
DA:333,1
DA:335,1
DA:336,0
DA:341,0
DA:344,1
DA:345,1
DA:350,1
DA:353,0
DA:354,0
DA:355,0
DA:356,0
DA:358,0
DA:364,0
DA:365,0
DA:366,0
DA:368,0
DA:374,0
DA:378,61
DA:379,0
DA:381,0
DA:384,0
DA:385,0
DA:390,0
DA:394,0
DA:395,0
DA:400,0
DA:403,0
DA:404,0
DA:406,0
DA:407,0
DA:410,0
DA:414,0
DA:417,0
DA:422,0
DA:423,0
DA:425,0
DA:430,0
DA:436,0
DA:440,61
DA:441,32
DA:443,32
DA:444,32
DA:445,1
DA:449,32
DA:450,0
DA:451,0
DA:455,32
DA:456,32
DA:457,32
DA:459,32
DA:460,32
DA:461,32
DA:462,32
DA:463,32
DA:467,61
DA:468,3
DA:471,58
DA:473,58
DA:514,1
DA:524,0
DA:539,0
DA:571,174
DA:573,0
DA:598,174
DA:600,0
DA:625,174
DA:627,0
DA:650,696
DA:652,0
DA:676,232
DA:678,0
DA:702,464
DA:704,0
DA:751,0
DA:752,0
DA:753,0
DA:754,0
DA:755,0
DA:756,0
DA:757,0
DA:758,0
DA:759,0
DA:766,0
DA:776,0
DA:785,0
DA:794,0
DA:803,0
DA:824,0
DA:948,0
DA:973,0
DA:999,1
DA:1010,8
DA:1017,10
DA:1031,0
DA:1032,0
DA:1033,0
DA:1147,1
DA:1148,1
DA:1149,1
DA:1150,1
DA:1151,1
DA:1152,1
DA:1156,1
DA:1157,1
DA:1159,0
DA:1160,0
DA:1166,1
DA:1185,0
LF:247
LH:157
BRDA:74,0,0,61
BRDA:74,0,1,0
BRDA:131,1,0,3
BRDA:131,1,1,0
BRDA:137,2,0,8
BRDA:137,2,1,3
BRDA:138,3,0,8
BRDA:138,3,1,3
BRDA:139,4,0,8
BRDA:139,4,1,3
BRDA:142,5,0,8
BRDA:142,5,1,3
BRDA:143,6,0,8
BRDA:143,6,1,3
BRDA:144,7,0,8
BRDA:144,7,1,8
BRDA:145,8,0,8
BRDA:145,8,1,8
BRDA:146,9,0,8
BRDA:146,9,1,8
BRDA:147,10,0,8
BRDA:147,10,1,8
BRDA:148,11,0,8
BRDA:148,11,1,8
BRDA:151,12,0,8
BRDA:151,12,1,0
BRDA:159,13,0,6
BRDA:159,13,1,2
BRDA:160,14,0,3
BRDA:160,14,1,3
BRDA:194,15,0,1
BRDA:194,15,1,0
BRDA:195,16,0,0
BRDA:195,16,1,1
BRDA:202,17,0,1
BRDA:202,17,1,0
BRDA:206,18,0,1
BRDA:206,18,1,0
BRDA:218,19,0,0
BRDA:218,19,1,32
BRDA:223,20,0,0
BRDA:223,20,1,32
BRDA:227,21,0,32
BRDA:227,21,1,0
BRDA:228,22,0,32
BRDA:228,22,1,0
BRDA:229,23,0,32
BRDA:229,23,1,0
BRDA:230,24,0,32
BRDA:230,24,1,0
BRDA:231,25,0,32
BRDA:231,25,1,0
BRDA:232,26,0,32
BRDA:232,26,1,0
BRDA:233,27,0,32
BRDA:233,27,1,0
BRDA:234,28,0,32
BRDA:234,28,1,0
BRDA:235,29,0,32
BRDA:235,29,1,0
BRDA:236,30,0,32
BRDA:236,30,1,0
BRDA:237,31,0,32
BRDA:237,31,1,0
BRDA:238,32,0,32
BRDA:238,32,1,32
BRDA:239,33,0,32
BRDA:239,33,1,0
BRDA:242,34,0,32
BRDA:242,34,1,0
BRDA:243,35,0,32
BRDA:243,35,1,0
BRDA:244,36,0,32
BRDA:244,36,1,0
BRDA:254,37,0,0
BRDA:254,37,1,0
BRDA:258,38,0,0
BRDA:258,38,1,0
BRDA:262,39,0,0
BRDA:262,39,1,1
BRDA:262,40,0,1
BRDA:262,40,1,1
BRDA:263,41,0,0
BRDA:263,41,1,1
BRDA:263,42,0,1
BRDA:263,42,1,1
BRDA:283,43,0,0
BRDA:283,43,1,0
BRDA:300,44,0,0
BRDA:300,44,1,0
BRDA:300,45,0,0
BRDA:300,45,1,0
BRDA:302,46,0,0
BRDA:302,46,1,0
BRDA:315,47,0,0
BRDA:315,47,1,0
BRDA:324,48,0,0
BRDA:324,48,1,0
BRDA:333,49,0,0
BRDA:333,49,1,1
BRDA:333,50,0,1
BRDA:333,50,1,1
BRDA:335,51,0,0
BRDA:335,51,1,1
BRDA:344,52,0,1
BRDA:344,52,1,0
BRDA:356,53,0,0
BRDA:356,53,1,0
BRDA:370,54,0,0
BRDA:370,54,1,0
BRDA:379,55,0,0
BRDA:379,55,1,0
BRDA:379,56,0,0
BRDA:379,56,1,0
BRDA:379,56,2,0
BRDA:384,57,0,0
BRDA:384,57,1,0
BRDA:394,58,0,0
BRDA:394,58,1,0
BRDA:414,59,0,0
BRDA:414,59,1,0
BRDA:432,60,0,0
BRDA:432,60,1,0
BRDA:441,61,0,0
BRDA:441,61,1,32
BRDA:444,62,0,1
BRDA:444,62,1,31
BRDA:450,63,0,0
BRDA:450,63,1,0
BRDA:467,64,0,3
BRDA:467,64,1,58
BRDA:467,65,0,61
BRDA:467,65,1,58
BRDA:474,66,0,56
BRDA:474,66,1,2
BRDA:478,67,0,56
BRDA:478,67,1,2
BRDA:479,68,0,56
BRDA:479,68,1,2
BRDA:480,69,0,56
BRDA:480,69,1,2
BRDA:486,70,0,56
BRDA:486,70,1,2
BRDA:489,71,0,56
BRDA:489,71,1,2
BRDA:491,72,0,56
BRDA:491,72,1,2
BRDA:492,73,0,56
BRDA:492,73,1,2
BRDA:503,74,0,56
BRDA:503,74,1,2
BRDA:505,75,0,56
BRDA:505,75,1,2
BRDA:507,76,0,56
BRDA:507,76,1,2
BRDA:508,77,0,56
BRDA:508,77,1,2
BRDA:514,78,0,0
BRDA:514,78,1,1
BRDA:522,79,0,56
BRDA:522,79,1,2
BRDA:535,80,0,2
BRDA:535,80,1,56
BRDA:551,81,0,56
BRDA:551,81,1,2
BRDA:554,82,0,56
BRDA:554,82,1,2
BRDA:556,83,0,56
BRDA:556,83,1,2
BRDA:557,84,0,56
BRDA:557,84,1,2
BRDA:566,85,0,56
BRDA:566,85,1,2
BRDA:576,86,0,52
BRDA:576,86,1,122
BRDA:577,87,0,50
BRDA:577,87,1,2
BRDA:580,88,0,118
BRDA:580,88,1,4
BRDA:593,89,0,56
BRDA:593,89,1,2
BRDA:603,90,0,52
BRDA:603,90,1,122
BRDA:604,91,0,50
BRDA:604,91,1,2
BRDA:607,92,0,118
BRDA:607,92,1,4
BRDA:620,93,0,56
BRDA:620,93,1,2
BRDA:630,94,0,52
BRDA:630,94,1,122
BRDA:631,95,0,50
BRDA:631,95,1,2
BRDA:634,96,0,118
BRDA:634,96,1,4
BRDA:647,97,0,56
BRDA:647,97,1,2
BRDA:654,98,0,52
BRDA:654,98,1,644
BRDA:655,99,0,50
BRDA:655,99,1,2
BRDA:658,100,0,622
BRDA:658,100,1,22
BRDA:671,101,0,56
BRDA:671,101,1,2
BRDA:680,102,0,58
BRDA:680,102,1,174
BRDA:681,103,0,56
BRDA:681,103,1,2
BRDA:684,104,0,168
BRDA:684,104,1,6
BRDA:697,105,0,56
BRDA:697,105,1,2
BRDA:706,106,0,0
BRDA:706,106,1,464
BRDA:707,107,0,0
BRDA:707,107,1,0
BRDA:710,108,0,448
BRDA:710,108,1,16
BRDA:723,109,0,56
BRDA:723,109,1,2
BRDA:726,110,0,56
BRDA:726,110,1,2
BRDA:728,111,0,56
BRDA:728,111,1,2
BRDA:729,112,0,56
BRDA:729,112,1,2
BRDA:737,113,0,56
BRDA:737,113,1,2
BRDA:751,114,0,0
BRDA:751,114,1,0
BRDA:752,115,0,0
BRDA:752,115,1,0
BRDA:753,116,0,0
BRDA:753,116,1,0
BRDA:754,117,0,0
BRDA:754,117,1,0
BRDA:755,118,0,0
BRDA:755,118,1,0
BRDA:756,119,0,0
BRDA:756,119,1,0
BRDA:757,120,0,0
BRDA:757,120,1,0
BRDA:758,121,0,0
BRDA:758,121,1,0
BRDA:759,122,0,0
BRDA:759,122,1,0
BRDA:767,123,0,56
BRDA:767,123,1,2
BRDA:773,124,0,56
BRDA:773,124,1,2
BRDA:778,125,0,56
BRDA:778,125,1,2
BRDA:782,126,0,56
BRDA:782,126,1,2
BRDA:787,127,0,56
BRDA:787,127,1,2
BRDA:791,128,0,56
BRDA:791,128,1,2
BRDA:796,129,0,56
BRDA:796,129,1,2
BRDA:800,130,0,56
BRDA:800,130,1,2
BRDA:805,131,0,56
BRDA:805,131,1,2
BRDA:813,132,0,56
BRDA:813,132,1,2
BRDA:825,133,0,56
BRDA:825,133,1,2
BRDA:831,134,0,56
BRDA:831,134,1,2
BRDA:834,135,0,56
BRDA:834,135,1,2
BRDA:836,136,0,56
BRDA:836,136,1,2
BRDA:839,137,0,56
BRDA:839,137,1,2
BRDA:847,138,0,56
BRDA:847,138,1,2
BRDA:848,139,0,56
BRDA:848,139,1,2
BRDA:854,140,0,61
BRDA:854,140,1,58
BRDA:855,141,0,56
BRDA:855,141,1,2
BRDA:856,142,0,56
BRDA:856,142,1,2
BRDA:858,143,0,56
BRDA:858,143,1,2
BRDA:873,144,0,56
BRDA:873,144,1,2
BRDA:884,145,0,56
BRDA:884,145,1,2
BRDA:887,146,0,56
BRDA:887,146,1,2
BRDA:889,147,0,56
BRDA:889,147,1,2
BRDA:890,148,0,56
BRDA:890,148,1,2
BRDA:900,149,0,56
BRDA:900,149,1,2
BRDA:901,150,0,0
BRDA:901,150,1,58
BRDA:910,151,0,56
BRDA:910,151,1,2
BRDA:911,152,0,56
BRDA:911,152,1,2
BRDA:915,153,0,56
BRDA:915,153,1,2
BRDA:930,154,0,56
BRDA:930,154,1,2
BRDA:933,155,0,56
BRDA:933,155,1,2
BRDA:934,156,0,0
BRDA:934,156,1,58
BRDA:941,157,0,56
BRDA:941,157,1,2
BRDA:950,158,0,56
BRDA:950,158,1,2
BRDA:955,159,0,56
BRDA:955,159,1,2
BRDA:964,160,0,56
BRDA:964,160,1,2
BRDA:975,161,0,56
BRDA:975,161,1,2
BRDA:979,162,0,61
BRDA:979,162,1,58
BRDA:981,163,0,56
BRDA:981,163,1,2
BRDA:983,164,0,0
BRDA:983,164,1,58
BRDA:986,165,0,56
BRDA:986,165,1,2
BRDA:993,166,0,56
BRDA:993,166,1,2
BRDA:997,167,0,20
BRDA:997,167,1,38
BRDA:1001,168,0,18
BRDA:1001,168,1,2
BRDA:1012,169,0,38
BRDA:1012,169,1,0
BRDA:1019,170,0,38
BRDA:1019,170,1,0
BRDA:1024,171,0,38
BRDA:1024,171,1,38
BRDA:1024,171,2,36
BRDA:1025,172,0,38
BRDA:1025,172,1,0
BRDA:1027,173,0,0
BRDA:1027,173,1,38
BRDA:1036,174,0,38
BRDA:1036,174,1,0
BRDA:1046,175,0,56
BRDA:1046,175,1,2
BRDA:1047,176,0,56
BRDA:1047,176,1,2
BRDA:1048,177,0,56
BRDA:1048,177,1,2
BRDA:1060,178,0,56
BRDA:1060,178,1,2
BRDA:1063,179,0,56
BRDA:1063,179,1,2
BRDA:1065,180,0,56
BRDA:1065,180,1,2
BRDA:1066,181,0,56
BRDA:1066,181,1,2
BRDA:1076,182,0,56
BRDA:1076,182,1,2
BRDA:1079,183,0,56
BRDA:1079,183,1,2
BRDA:1087,184,0,56
BRDA:1087,184,1,2
BRDA:1090,185,0,56
BRDA:1090,185,1,2
BRDA:1101,186,0,56
BRDA:1101,186,1,2
BRDA:1104,187,0,56
BRDA:1104,187,1,2
BRDA:1106,188,0,56
BRDA:1106,188,1,2
BRDA:1107,189,0,56
BRDA:1107,189,1,2
BRDA:1117,190,0,56
BRDA:1117,190,1,2
BRDA:1120,191,0,56
BRDA:1120,191,1,2
BRDA:1131,192,0,56
BRDA:1131,192,1,2
BRDA:1134,193,0,56
BRDA:1134,193,1,2
BRDA:1136,194,0,56
BRDA:1136,194,1,2
BRDA:1137,195,0,56
BRDA:1137,195,1,2
BRDA:1148,196,0,0
BRDA:1148,196,1,1
BRDA:1170,197,0,56
BRDA:1170,197,1,2
BRDA:1172,198,0,2
BRDA:1172,198,1,56
BRDA:1174,199,0,56
BRDA:1174,199,1,2
BRF:402
BRH:306
end_of_record
TN:
SF:app\shopping\loading.tsx
FN:1,Loading
FNF:1
FNH:0
FNDA:0,Loading
DA:2,0
LF:1
LH:0
BRF:0
BRH:0
end_of_record
TN:
SF:app\shopping\page.tsx
FN:28,ShoppingPage
FN:78,(anonymous_1)
FN:81,(anonymous_2)
FN:87,(anonymous_3)
FN:89,(anonymous_4)
FN:113,(anonymous_5)
FN:122,(anonymous_6)
FN:129,(anonymous_7)
FN:138,(anonymous_8)
FN:142,(anonymous_9)
FN:149,(anonymous_10)
FN:154,(anonymous_11)
FN:156,(anonymous_12)
FN:163,(anonymous_13)
FN:167,(anonymous_14)
FN:180,(anonymous_15)
FN:203,(anonymous_16)
FN:207,(anonymous_17)
FN:208,(anonymous_18)
FN:210,(anonymous_19)
FN:217,(anonymous_20)
FN:219,(anonymous_21)
FN:234,(anonymous_22)
FN:240,(anonymous_23)
FN:280,(anonymous_24)
FN:320,(anonymous_25)
FN:333,(anonymous_26)
FN:373,(anonymous_27)
FN:456,(anonymous_28)
FN:462,(anonymous_29)
FNF:30
FNH:19
FNDA:10,ShoppingPage
FNDA:2,(anonymous_1)
FNDA:4,(anonymous_2)
FNDA:2,(anonymous_3)
FNDA:2,(anonymous_4)
FNDA:4,(anonymous_5)
FNDA:0,(anonymous_6)
FNDA:0,(anonymous_7)
FNDA:0,(anonymous_8)
FNDA:2,(anonymous_9)
FNDA:2,(anonymous_10)
FNDA:0,(anonymous_11)
FNDA:0,(anonymous_12)
FNDA:0,(anonymous_13)
FNDA:0,(anonymous_14)
FNDA:1,(anonymous_15)
FNDA:1,(anonymous_16)
FNDA:1,(anonymous_17)
FNDA:1,(anonymous_18)
FNDA:1,(anonymous_19)
FNDA:1,(anonymous_20)
FNDA:1,(anonymous_21)
FNDA:1,(anonymous_22)
FNDA:1,(anonymous_23)
FNDA:2,(anonymous_24)
FNDA:2,(anonymous_25)
FNDA:0,(anonymous_26)
FNDA:0,(anonymous_27)
FNDA:0,(anonymous_28)
FNDA:0,(anonymous_29)
DA:1,1
DA:26,1
DA:29,10
DA:30,10
DA:31,10
DA:32,10
DA:33,10
DA:35,10
DA:36,10
DA:37,10
DA:38,10
DA:39,10
DA:41,10
DA:42,10
DA:50,10
DA:62,10
DA:75,10
DA:78,10
DA:81,10
DA:82,4
DA:83,2
DA:84,2
DA:87,10
DA:88,2
DA:89,2
DA:90,2
DA:92,2
DA:93,2
DA:94,2
DA:97,2
DA:98,0
DA:101,2
DA:102,0
DA:103,0
DA:104,0
DA:108,2
DA:110,2
DA:113,10
DA:114,4
DA:115,0
DA:122,10
DA:123,0
DA:124,0
DA:125,0
DA:129,10
DA:130,0
DA:131,0
DA:132,0
DA:133,0
DA:138,10
DA:139,0
DA:142,10
DA:143,2
DA:145,2
DA:146,2
DA:147,2
DA:149,2
DA:150,2
DA:154,10
DA:155,0
DA:156,0
DA:157,0
DA:159,0
DA:160,0
DA:163,10
DA:164,0
DA:166,0
DA:167,0
DA:168,0
DA:173,0
DA:175,0
DA:177,0
DA:180,10
DA:181,1
DA:182,0
DA:183,0
DA:186,1
DA:187,0
DA:188,0
DA:192,1
DA:193,1
DA:194,0
DA:195,0
DA:198,1
DA:199,1
DA:202,1
DA:204,1
DA:205,1
DA:206,1
DA:207,1
DA:208,1
DA:210,1
DA:219,1
DA:221,1
DA:226,1
DA:227,0
DA:231,1
DA:234,1
DA:235,1
DA:236,0
DA:240,1
DA:241,1
DA:243,1
DA:244,0
DA:249,1
DA:250,1
DA:252,1
DA:253,1
DA:254,1
DA:257,1
DA:258,0
DA:262,1
DA:267,1
DA:269,0
DA:278,10
DA:280,10
DA:299,10
DA:301,8
DA:320,2
DA:333,0
DA:373,0
DA:456,0
DA:462,0
LF:123
LH:83
BRDA:82,0,0,2
BRDA:82,0,1,2
BRDA:88,1,0,0
BRDA:88,1,1,2
BRDA:92,2,0,2
BRDA:92,2,1,0
BRDA:94,3,0,2
BRDA:94,3,1,0
BRDA:97,4,0,0
BRDA:97,4,1,2
BRDA:101,5,0,0
BRDA:101,5,1,2
BRDA:103,6,0,0
BRDA:103,6,1,0
BRDA:108,7,0,2
BRDA:108,7,1,0
BRDA:114,8,0,0
BRDA:114,8,1,4
BRDA:114,9,0,4
BRDA:114,9,1,2
BRDA:123,10,0,0
BRDA:123,10,1,0
BRDA:130,11,0,0
BRDA:130,11,1,0
BRDA:132,12,0,0
BRDA:132,12,1,0
BRDA:142,13,0,2
BRDA:143,14,0,0
BRDA:143,14,1,2
BRDA:155,15,0,0
BRDA:155,15,1,0
BRDA:157,16,0,0
BRDA:157,16,1,0
BRDA:157,16,2,0
BRDA:164,17,0,0
BRDA:164,17,1,0
BRDA:166,18,0,0
BRDA:166,18,1,0
BRDA:166,19,0,0
BRDA:166,19,1,0
BRDA:171,20,0,0
BRDA:171,20,1,0
BRDA:181,21,0,0
BRDA:181,21,1,1
BRDA:186,22,0,0
BRDA:186,22,1,1
BRDA:193,23,0,0
BRDA:193,23,1,1
BRDA:193,24,0,1
BRDA:193,24,1,1
BRDA:204,25,0,0
BRDA:204,25,1,1
BRDA:205,26,0,0
BRDA:205,26,1,1
BRDA:207,27,0,1
BRDA:207,27,1,0
BRDA:213,28,0,1
BRDA:213,28,1,0
BRDA:213,28,2,0
BRDA:214,29,0,1
BRDA:214,29,1,0
BRDA:221,30,0,1
BRDA:221,30,1,1
BRDA:226,31,0,0
BRDA:226,31,1,1
BRDA:234,32,0,1
BRDA:234,32,1,1
BRDA:235,33,0,0
BRDA:235,33,1,1
BRDA:243,34,0,0
BRDA:243,34,1,1
BRDA:252,35,0,1
BRDA:252,35,1,0
BRDA:253,36,0,1
BRDA:253,36,1,0
BRDA:254,37,0,1
BRDA:254,37,1,0
BRDA:257,38,0,0
BRDA:257,38,1,1
BRDA:278,39,0,8
BRDA:278,39,1,2
BRDA:281,40,0,0
BRDA:281,40,1,2
BRDA:282,41,0,0
BRDA:282,41,1,2
BRDA:285,42,0,0
BRDA:285,42,1,2
BRDA:286,43,0,0
BRDA:286,43,1,2
BRDA:287,44,0,0
BRDA:287,44,1,2
BRDA:290,45,0,0
BRDA:290,45,1,2
BRDA:293,46,0,0
BRDA:293,46,1,2
BRDA:296,47,0,0
BRDA:296,47,1,2
BRDA:299,48,0,2
BRDA:299,48,1,8
BRDA:309,49,0,0
BRDA:309,49,1,8
BRDA:321,50,0,10
BRDA:321,50,1,8
BRDA:325,51,0,0
BRDA:325,51,1,8
BRDA:331,52,0,10
BRDA:331,52,1,8
BRDA:334,53,0,8
BRDA:334,53,1,8
BRDA:382,54,0,10
BRDA:382,54,1,2
BRDA:391,55,0,0
BRDA:391,55,1,2
BRDA:391,56,0,2
BRDA:391,56,1,2
BRDA:419,57,0,2
BRDA:419,57,1,2
BRDA:419,57,2,2
BRDA:419,57,3,2
BRDA:447,58,0,10
BRDA:447,58,1,0
BRF:121
BRH:64
end_of_record
TN:
SF:app\store\page.tsx
FN:18,(anonymous_0)
FN:19,(anonymous_1)
FN:22,(anonymous_2)
FN:30,buildListIdentitySignature
FN:40,(anonymous_4)
FN:52,buildListQuantitySignature
FN:54,(anonymous_6)
FN:59,ShoppingReceiptPage
FN:103,(anonymous_8)
FN:104,(anonymous_9)
FN:108,(anonymous_10)
FN:113,(anonymous_11)
FN:114,(anonymous_12)
FN:145,(anonymous_13)
FN:184,(anonymous_14)
FN:202,(anonymous_15)
FN:221,(anonymous_16)
FN:223,(anonymous_17)
FN:227,(anonymous_18)
FN:232,(anonymous_19)
FN:237,(anonymous_20)
FN:243,(anonymous_21)
FN:254,(anonymous_22)
FN:264,(anonymous_23)
FN:268,(anonymous_24)
FN:270,(anonymous_25)
FN:271,(anonymous_26)
FN:274,(anonymous_27)
FN:275,(anonymous_28)
FN:287,(anonymous_29)
FN:324,(anonymous_30)
FN:328,(anonymous_31)
FN:345,(anonymous_32)
FN:350,(anonymous_33)
FN:366,(anonymous_34)
FN:370,(anonymous_35)
FN:371,(anonymous_36)
FN:444,(anonymous_37)
FN:519,(anonymous_38)
FNF:39
FNH:38
FNDA:1,(anonymous_0)
FNDA:1,(anonymous_1)
FNDA:1,(anonymous_2)
FNDA:30,buildListIdentitySignature
FNDA:17,(anonymous_4)
FNDA:30,buildListQuantitySignature
FNDA:17,(anonymous_6)
FNDA:97,ShoppingReceiptPage
FNDA:30,(anonymous_8)
FNDA:30,(anonymous_9)
FNDA:30,(anonymous_10)
FNDA:31,(anonymous_11)
FNDA:30,(anonymous_12)
FNDA:92,(anonymous_13)
FNDA:14,(anonymous_14)
FNDA:14,(anonymous_15)
FNDA:30,(anonymous_16)
FNDA:14,(anonymous_17)
FNDA:0,(anonymous_18)
FNDA:2,(anonymous_19)
FNDA:1,(anonymous_20)
FNDA:1,(anonymous_21)
FNDA:3,(anonymous_22)
FNDA:1,(anonymous_23)
FNDA:1,(anonymous_24)
FNDA:3,(anonymous_25)
FNDA:2,(anonymous_26)
FNDA:4,(anonymous_27)
FNDA:4,(anonymous_28)
FNDA:3,(anonymous_29)
FNDA:1,(anonymous_30)
FNDA:1,(anonymous_31)
FNDA:9,(anonymous_32)
FNDA:8,(anonymous_33)
FNDA:9,(anonymous_34)
FNDA:9,(anonymous_35)
FNDA:8,(anonymous_36)
FNDA:30,(anonymous_37)
FNDA:1,(anonymous_38)
DA:1,1
DA:18,1
DA:19,1
DA:23,1
DA:39,30
DA:40,17
DA:53,30
DA:54,17
DA:60,97
DA:61,97
DA:62,97
DA:63,97
DA:64,97
DA:65,97
DA:66,97
DA:67,97
DA:68,97
DA:76,97
DA:90,97
DA:101,97
DA:103,97
DA:104,97
DA:105,97
DA:108,97
DA:109,30
DA:113,97
DA:114,31
DA:115,30
DA:116,30
DA:117,30
DA:119,30
DA:120,30
DA:121,30
DA:123,30
DA:124,1
DA:125,1
DA:128,30
DA:130,0
DA:132,30
DA:135,31
DA:136,1
DA:137,1
DA:139,30
DA:140,30
DA:145,97
DA:146,92
DA:147,31
DA:148,15
DA:149,15
DA:151,16
DA:153,14
DA:158,14
DA:160,14
DA:166,0
DA:169,14
DA:176,92
DA:177,0
DA:178,0
DA:181,14
DA:182,14
DA:184,14
DA:185,14
DA:186,14
DA:187,14
DA:188,14
DA:189,0
DA:192,14
DA:193,14
DA:194,13
DA:200,14
DA:202,14
DA:203,14
DA:219,97
DA:221,97
DA:222,30
DA:223,14
DA:224,13
DA:227,97
DA:228,0
DA:229,0
DA:232,97
DA:233,2
DA:234,1
DA:235,1
DA:237,1
DA:238,1
DA:239,1
DA:243,97
DA:244,1
DA:245,1
DA:246,1
DA:247,0
DA:250,1
DA:251,1
DA:254,97
DA:255,3
DA:256,3
DA:258,3
DA:259,3
DA:260,2
DA:264,97
DA:265,1
DA:268,97
DA:270,3
DA:271,2
DA:274,97
DA:275,4
DA:276,4
DA:277,0
DA:278,0
DA:281,4
DA:282,4
DA:283,1
DA:284,1
DA:287,3
DA:288,3
DA:289,4
DA:291,4
DA:293,4
DA:294,0
DA:295,3
DA:296,0
DA:297,0
DA:299,0
DA:302,0
DA:303,0
DA:306,0
DA:313,3
DA:321,4
DA:324,97
DA:325,1
DA:327,1
DA:328,1
DA:329,1
DA:334,1
DA:336,0
DA:337,0
DA:340,1
DA:341,1
DA:345,97
DA:346,9
DA:349,9
DA:350,8
DA:353,9
DA:354,9
DA:362,9
DA:364,9
DA:366,8
DA:367,9
DA:368,9
DA:370,9
DA:371,9
DA:372,9
DA:373,7
DA:377,9
DA:378,2
DA:381,9
DA:382,9
DA:383,9
DA:386,9
DA:392,3
DA:393,3
DA:396,3
DA:397,3
DA:405,3
DA:409,6
DA:412,9
DA:413,5
DA:421,6
DA:425,8
DA:429,9
DA:435,9
DA:436,7
DA:439,9
DA:443,97
DA:444,97
DA:452,97
DA:453,30
DA:456,67
DA:520,1
DA:521,1
LF:181
LH:162
BRDA:42,0,0,17
BRDA:42,0,1,0
BRDA:43,1,0,17
BRDA:43,1,1,0
BRDA:44,2,0,17
BRDA:44,2,1,17
BRDA:44,2,2,17
BRDA:45,3,0,17
BRDA:45,3,1,0
BRDA:46,4,0,17
BRDA:46,4,1,14
BRDA:54,5,0,17
BRDA:54,5,1,0
BRDA:115,6,0,0
BRDA:115,6,1,30
BRDA:121,7,0,30
BRDA:121,7,1,1
BRDA:123,8,0,1
BRDA:123,8,1,29
BRDA:125,9,0,0
BRDA:125,9,1,1
BRDA:128,10,0,29
BRDA:128,10,1,1
BRDA:135,11,0,1
BRDA:135,11,1,30
BRDA:146,12,0,61
BRDA:146,12,1,31
BRDA:146,13,0,92
BRDA:146,13,1,62
BRDA:146,13,2,32
BRDA:147,14,0,15
BRDA:147,14,1,16
BRDA:151,15,0,2
BRDA:151,15,1,14
BRDA:160,16,0,0
BRDA:160,16,1,14
BRDA:161,17,0,14
BRDA:161,17,1,0
BRDA:161,17,2,0
BRDA:161,17,3,0
BRDA:170,18,0,14
BRDA:170,18,1,0
BRDA:170,18,2,0
BRDA:170,18,3,0
BRDA:176,19,0,0
BRDA:176,19,1,92
BRDA:176,20,0,92
BRDA:176,20,1,0
BRDA:186,21,0,14
BRDA:186,21,1,0
BRDA:186,22,0,14
BRDA:186,22,1,14
BRDA:188,23,0,0
BRDA:188,23,1,14
BRDA:188,24,0,14
BRDA:188,24,1,0
BRDA:193,25,0,1
BRDA:193,25,1,13
BRDA:219,26,0,97
BRDA:219,26,1,53
BRDA:222,27,0,17
BRDA:222,27,1,13
BRDA:224,28,0,13
BRDA:224,28,1,0
BRDA:229,29,0,0
BRDA:229,29,1,0
BRDA:233,30,0,1
BRDA:233,30,1,1
BRDA:238,31,0,1
BRDA:238,31,1,0
BRDA:244,32,0,1
BRDA:244,32,1,0
BRDA:246,33,0,0
BRDA:246,33,1,1
BRDA:246,34,0,1
BRDA:246,34,1,0
BRDA:256,35,0,0
BRDA:256,35,1,3
BRDA:259,36,0,2
BRDA:259,36,1,1
BRDA:276,37,0,0
BRDA:276,37,1,4
BRDA:281,38,0,4
BRDA:281,38,1,1
BRDA:282,39,0,1
BRDA:282,39,1,3
BRDA:288,40,0,3
BRDA:288,40,1,3
BRDA:288,40,2,3
BRDA:291,41,0,0
BRDA:291,41,1,3
BRDA:293,42,0,0
BRDA:293,42,1,3
BRDA:295,43,0,0
BRDA:295,43,1,3
BRDA:299,44,0,0
BRDA:299,44,1,0
BRDA:302,45,0,0
BRDA:302,45,1,0
BRDA:319,46,0,3
BRDA:319,46,1,0
BRDA:325,47,0,1
BRDA:325,47,1,0
BRDA:327,48,0,1
BRDA:327,48,1,0
BRDA:327,49,0,1
BRDA:327,49,1,1
BRDA:332,50,0,1
BRDA:332,50,1,0
BRDA:346,51,0,1
BRDA:346,51,1,8
BRDA:346,52,0,9
BRDA:346,52,1,2
BRDA:349,53,0,7
BRDA:349,53,1,2
BRDA:364,54,0,8
BRDA:364,54,1,1
BRDA:367,55,0,9
BRDA:367,55,1,0
BRDA:372,56,0,7
BRDA:372,56,1,2
BRDA:373,57,0,7
BRDA:373,57,1,0
BRDA:377,58,0,2
BRDA:377,58,1,7
BRDA:378,59,0,2
BRDA:378,59,1,0
BRDA:381,60,0,9
BRDA:381,60,1,0
BRDA:386,61,0,3
BRDA:386,61,1,6
BRDA:387,62,0,9
BRDA:387,62,1,9
BRDA:387,62,2,3
BRDA:387,62,3,3
BRDA:396,63,0,3
BRDA:396,63,1,0
BRDA:396,64,0,3
BRDA:396,64,1,3
BRDA:409,65,0,6
BRDA:409,65,1,0
BRDA:412,66,0,5
BRDA:412,66,1,4
BRDA:412,67,0,9
BRDA:412,67,1,6
BRDA:435,68,0,7
BRDA:435,68,1,2
BRDA:445,69,0,0
BRDA:445,69,1,30
BRDA:446,70,0,0
BRDA:446,70,1,30
BRDA:447,71,0,0
BRDA:447,71,1,30
BRDA:448,72,0,0
BRDA:448,72,1,30
BRDA:449,73,0,0
BRDA:449,73,1,30
BRDA:452,74,0,30
BRDA:452,74,1,67
BRDA:477,75,0,67
BRDA:477,75,1,33
BRDA:479,76,0,0
BRDA:479,76,1,33
BRDA:505,77,0,97
BRDA:505,77,1,65
BRDA:505,77,2,65
BRDA:505,77,3,36
BRF:167
BRH:117
end_of_record
TN:
SF:app\upload-recipe\page.tsx
FN:18,UploadRecipePage
FN:33,(anonymous_1)
FN:41,(anonymous_2)
FN:62,(anonymous_3)
FN:83,(anonymous_4)
FN:127,(anonymous_5)
FN:154,(anonymous_6)
FNF:7
FNH:6
FNDA:9,UploadRecipePage
FNDA:4,(anonymous_1)
FNDA:1,(anonymous_2)
FNDA:2,(anonymous_3)
FNDA:2,(anonymous_4)
FNDA:1,(anonymous_5)
FNDA:0,(anonymous_6)
DA:1,1
DA:19,9
DA:20,9
DA:21,9
DA:22,9
DA:23,9
DA:25,9
DA:26,9
DA:27,9
DA:28,9
DA:30,9
DA:31,9
DA:33,9
DA:34,4
DA:35,1
DA:39,9
DA:41,9
DA:42,1
DA:58,1
DA:59,1
DA:62,9
DA:63,2
DA:64,1
DA:65,1
DA:68,1
DA:70,1
DA:71,1
DA:74,2
DA:75,1
DA:76,1
DA:78,0
DA:82,1
DA:83,2
DA:86,1
DA:102,1
DA:104,1
DA:105,1
DA:108,0
DA:109,0
DA:115,1
DA:119,9
DA:127,1
DA:154,0
LF:43
LH:39
BRDA:31,0,0,9
BRDA:31,0,1,7
BRDA:34,1,0,1
BRDA:34,1,1,3
BRDA:34,2,0,4
BRDA:34,2,1,1
BRDA:39,3,0,0
BRDA:39,3,1,9
BRDA:43,4,0,1
BRDA:43,4,1,0
BRDA:44,5,0,1
BRDA:44,5,1,0
BRDA:45,6,0,1
BRDA:45,6,1,1
BRDA:47,7,0,1
BRDA:47,7,1,1
BRDA:48,8,0,1
BRDA:48,8,1,1
BRDA:49,9,0,1
BRDA:49,9,1,1
BRDA:50,10,0,1
BRDA:50,10,1,1
BRDA:51,11,0,1
BRDA:51,11,1,1
BRDA:52,12,0,1
BRDA:52,12,1,1
BRDA:53,13,0,1
BRDA:53,13,1,0
BRDA:54,14,0,1
BRDA:54,14,1,0
BRDA:55,15,0,1
BRDA:55,15,1,1
BRDA:63,16,0,1
BRDA:63,16,1,1
BRDA:71,17,0,1
BRDA:71,17,1,1
BRDA:74,18,0,1
BRDA:74,18,1,1
BRDA:94,19,0,1
BRDA:94,19,1,0
BRDA:102,20,0,0
BRDA:102,20,1,1
BRDA:111,21,0,0
BRDA:111,21,1,0
BRDA:142,22,0,2
BRDA:142,22,1,7
BRDA:143,23,0,2
BRDA:143,23,1,7
BRDA:143,24,0,9
BRDA:143,24,1,2
BRF:50
BRH:41
end_of_record
TN:
SF:app\welcome\page.tsx
FN:13,WelcomePage
FN:21,WelcomePageContent
FN:30,(anonymous_2)
FN:40,(anonymous_3)
FNF:4
FNH:4
FNDA:4,WelcomePage
FNDA:5,WelcomePageContent
FNDA:1,(anonymous_2)
FNDA:1,(anonymous_3)
DA:1,1
DA:14,4
DA:22,5
DA:23,5
DA:24,5
DA:25,5
DA:26,5
DA:28,5
DA:30,5
DA:31,1
DA:32,0
DA:33,0
DA:36,1
DA:37,1
DA:40,5
DA:42,1
DA:43,1
DA:46,5
DA:47,1
DA:59,4
LF:20
LH:18
BRDA:31,0,0,0
BRDA:31,0,1,1
BRDA:46,1,0,1
BRDA:46,1,1,4
BRDA:49,2,0,1
BRDA:49,2,1,0
BRDA:51,3,0,1
BRDA:51,3,1,0
BRDA:62,4,0,4
BRDA:62,4,1,0
BRDA:69,5,0,4
BRDA:69,5,1,0
BRDA:79,6,0,4
BRDA:79,6,1,0
BRDA:84,7,0,4
BRDA:84,7,1,0
BRDA:93,8,0,4
BRDA:93,8,1,0
BRDA:98,9,0,4
BRDA:98,9,1,0
BRDA:105,10,0,4
BRDA:105,10,1,0
BRDA:108,11,0,4
BRDA:108,11,1,0
BRDA:111,12,0,4
BRDA:111,12,1,0
BRDA:114,13,0,4
BRDA:114,13,1,0
BRDA:116,14,0,4
BRDA:116,14,1,0
BRDA:120,15,0,4
BRDA:120,15,1,0
BRDA:124,16,0,4
BRDA:124,16,1,0
BRDA:128,17,0,4
BRDA:128,17,1,0
BRDA:136,18,0,5
BRDA:136,18,1,3
BRDA:138,19,0,4
BRDA:138,19,1,0
BRDA:141,20,0,1
BRDA:141,20,1,3
BRDA:148,21,0,4
BRDA:148,21,1,0
BRDA:155,22,0,4
BRDA:155,22,1,0
BRF:46
BRH:26
end_of_record
